[0.007s] Invoking command in '/home/a/zyj/fr3_welding/build/weld_butt_seam_extracting': CMAKE_PREFIX_PATH=${CMAKE_PREFIX_PATH}:/home/a/zyj/FR3_Arm_Control/install/fr3_commander_py:/opt/ros/jazzy CONDA_PROMPT_MODIFIER=(base) DEBUGINFOD_URLS=https://debuginfod.ubuntu.com /usr/bin/cmake --build /home/a/zyj/fr3_welding/build/weld_butt_seam_extracting -- -j20 -l20
[0.120s] [100%] Built target weld_butt_seam_extracting_node
[0.128s] Invoked command in '/home/a/zyj/fr3_welding/build/weld_butt_seam_extracting' returned '0': CMAKE_PREFIX_PATH=${CMAKE_PREFIX_PATH}:/home/a/zyj/FR3_Arm_Control/install/fr3_commander_py:/opt/ros/jazzy CONDA_PROMPT_MODIFIER=(base) DEBUGINFOD_URLS=https://debuginfod.ubuntu.com /usr/bin/cmake --build /home/a/zyj/fr3_welding/build/weld_butt_seam_extracting -- -j20 -l20
[0.129s] Invoking command in '/home/a/zyj/fr3_welding/build/weld_butt_seam_extracting': CMAKE_PREFIX_PATH=${CMAKE_PREFIX_PATH}:/home/a/zyj/FR3_Arm_Control/install/fr3_commander_py:/opt/ros/jazzy CONDA_PROMPT_MODIFIER=(base) DEBUGINFOD_URLS=https://debuginfod.ubuntu.com /usr/bin/cmake --install /home/a/zyj/fr3_welding/build/weld_butt_seam_extracting
[0.133s] -- Install configuration: ""
[0.133s] -- Execute custom install script
[0.134s] -- Up-to-date symlink: /home/a/zyj/fr3_welding/install/weld_butt_seam_extracting/lib/weld_butt_seam_extracting/weld_butt_seam_extracting_node
[0.134s] -- Up-to-date symlink: /home/a/zyj/fr3_welding/install/weld_butt_seam_extracting/include//weld_butt_seam_extracting/weld_butt_seam_extracting_headfile.h
[0.134s] -- Up-to-date symlink: /home/a/zyj/fr3_welding/install/weld_butt_seam_extracting/share/ament_index/resource_index/package_run_dependencies/weld_butt_seam_extracting
[0.134s] -- Up-to-date symlink: /home/a/zyj/fr3_welding/install/weld_butt_seam_extracting/share/ament_index/resource_index/parent_prefix_path/weld_butt_seam_extracting
[0.134s] -- Up-to-date symlink: /home/a/zyj/fr3_welding/install/weld_butt_seam_extracting/share/weld_butt_seam_extracting/environment/ament_prefix_path.sh
[0.134s] -- Up-to-date symlink: /home/a/zyj/fr3_welding/install/weld_butt_seam_extracting/share/weld_butt_seam_extracting/environment/ament_prefix_path.dsv
[0.134s] -- Up-to-date symlink: /home/a/zyj/fr3_welding/install/weld_butt_seam_extracting/share/weld_butt_seam_extracting/environment/path.sh
[0.134s] -- Up-to-date symlink: /home/a/zyj/fr3_welding/install/weld_butt_seam_extracting/share/weld_butt_seam_extracting/environment/path.dsv
[0.134s] -- Up-to-date symlink: /home/a/zyj/fr3_welding/install/weld_butt_seam_extracting/share/weld_butt_seam_extracting/local_setup.bash
[0.134s] -- Up-to-date symlink: /home/a/zyj/fr3_welding/install/weld_butt_seam_extracting/share/weld_butt_seam_extracting/local_setup.sh
[0.134s] -- Up-to-date symlink: /home/a/zyj/fr3_welding/install/weld_butt_seam_extracting/share/weld_butt_seam_extracting/local_setup.zsh
[0.134s] -- Up-to-date symlink: /home/a/zyj/fr3_welding/install/weld_butt_seam_extracting/share/weld_butt_seam_extracting/local_setup.dsv
[0.135s] -- Symlinking: /home/a/zyj/fr3_welding/install/weld_butt_seam_extracting/share/weld_butt_seam_extracting/package.dsv
[0.140s] -- Up-to-date symlink: /home/a/zyj/fr3_welding/install/weld_butt_seam_extracting/share/ament_index/resource_index/packages/weld_butt_seam_extracting
[0.140s] -- Up-to-date symlink: /home/a/zyj/fr3_welding/install/weld_butt_seam_extracting/share/weld_butt_seam_extracting/cmake/weld_butt_seam_extractingConfig.cmake
[0.141s] -- Up-to-date symlink: /home/a/zyj/fr3_welding/install/weld_butt_seam_extracting/share/weld_butt_seam_extracting/cmake/weld_butt_seam_extractingConfig-version.cmake
[0.141s] -- Up-to-date symlink: /home/a/zyj/fr3_welding/install/weld_butt_seam_extracting/share/weld_butt_seam_extracting/package.xml
[0.142s] Invoked command in '/home/a/zyj/fr3_welding/build/weld_butt_seam_extracting' returned '0': CMAKE_PREFIX_PATH=${CMAKE_PREFIX_PATH}:/home/a/zyj/FR3_Arm_Control/install/fr3_commander_py:/opt/ros/jazzy CONDA_PROMPT_MODIFIER=(base) DEBUGINFOD_URLS=https://debuginfod.ubuntu.com /usr/bin/cmake --install /home/a/zyj/fr3_welding/build/weld_butt_seam_extracting
