[100%] Built target weld_butt_seam_extracting_node
-- Install configuration: ""
-- Execute custom install script
-- Up-to-date symlink: /home/a/zyj/fr3_welding/install/weld_butt_seam_extracting/lib/weld_butt_seam_extracting/weld_butt_seam_extracting_node
-- Up-to-date symlink: /home/a/zyj/fr3_welding/install/weld_butt_seam_extracting/include//weld_butt_seam_extracting/weld_butt_seam_extracting_headfile.h
-- Up-to-date symlink: /home/a/zyj/fr3_welding/install/weld_butt_seam_extracting/share/ament_index/resource_index/package_run_dependencies/weld_butt_seam_extracting
-- Up-to-date symlink: /home/a/zyj/fr3_welding/install/weld_butt_seam_extracting/share/ament_index/resource_index/parent_prefix_path/weld_butt_seam_extracting
-- Up-to-date symlink: /home/a/zyj/fr3_welding/install/weld_butt_seam_extracting/share/weld_butt_seam_extracting/environment/ament_prefix_path.sh
-- Up-to-date symlink: /home/a/zyj/fr3_welding/install/weld_butt_seam_extracting/share/weld_butt_seam_extracting/environment/ament_prefix_path.dsv
-- Up-to-date symlink: /home/a/zyj/fr3_welding/install/weld_butt_seam_extracting/share/weld_butt_seam_extracting/environment/path.sh
-- Up-to-date symlink: /home/a/zyj/fr3_welding/install/weld_butt_seam_extracting/share/weld_butt_seam_extracting/environment/path.dsv
-- Up-to-date symlink: /home/a/zyj/fr3_welding/install/weld_butt_seam_extracting/share/weld_butt_seam_extracting/local_setup.bash
-- Up-to-date symlink: /home/a/zyj/fr3_welding/install/weld_butt_seam_extracting/share/weld_butt_seam_extracting/local_setup.sh
-- Up-to-date symlink: /home/a/zyj/fr3_welding/install/weld_butt_seam_extracting/share/weld_butt_seam_extracting/local_setup.zsh
-- Up-to-date symlink: /home/a/zyj/fr3_welding/install/weld_butt_seam_extracting/share/weld_butt_seam_extracting/local_setup.dsv
-- Symlinking: /home/a/zyj/fr3_welding/install/weld_butt_seam_extracting/share/weld_butt_seam_extracting/package.dsv
-- Up-to-date symlink: /home/a/zyj/fr3_welding/install/weld_butt_seam_extracting/share/ament_index/resource_index/packages/weld_butt_seam_extracting
-- Up-to-date symlink: /home/a/zyj/fr3_welding/install/weld_butt_seam_extracting/share/weld_butt_seam_extracting/cmake/weld_butt_seam_extractingConfig.cmake
-- Up-to-date symlink: /home/a/zyj/fr3_welding/install/weld_butt_seam_extracting/share/weld_butt_seam_extracting/cmake/weld_butt_seam_extractingConfig-version.cmake
-- Up-to-date symlink: /home/a/zyj/fr3_welding/install/weld_butt_seam_extracting/share/weld_butt_seam_extracting/package.xml
