[0.113s] DEBUG:colcon:Command line arguments: ['/usr/bin/colcon', 'build', '--symlink-install']
[0.113s] DEBUG:colcon:Parsed command line arguments: Namespace(log_base=None, log_level=None, verb_name='build', build_base='build', install_base='install', merge_install=False, symlink_install=True, test_result_base=None, continue_on_error=False, executor='parallel', parallel_workers=20, event_handlers=None, ignore_user_meta=False, metas=['./colcon.meta'], base_paths=['.'], packages_ignore=None, packages_ignore_regex=None, paths=None, packages_up_to=None, packages_up_to_regex=None, packages_above=None, packages_above_and_dependencies=None, packages_above_depth=None, packages_select_by_dep=None, packages_skip_by_dep=None, packages_skip_up_to=None, packages_select_build_failed=False, packages_skip_build_finished=False, packages_select_test_failures=False, packages_skip_test_passed=False, packages_select=None, packages_skip=None, packages_select_regex=None, packages_skip_regex=None, packages_start=None, packages_end=None, allow_overriding=[], cmake_args=None, cmake_target=None, cmake_target_skip_unavailable=False, cmake_clean_cache=False, cmake_clean_first=False, cmake_force_configure=False, ament_cmake_args=None, catkin_cmake_args=None, catkin_skip_building_tests=False, verb_parser=<colcon_defaults.argument_parser.defaults.DefaultArgumentsDecorator object at 0x704905a7e750>, verb_extension=<colcon_core.verb.build.BuildVerb object at 0x704905a20410>, main=<bound method BuildVerb.main of <colcon_core.verb.build.BuildVerb object at 0x704905a20410>>)
[0.146s] Level 1:colcon.colcon_core.package_discovery:discover_packages(colcon_meta) check parameters
[0.146s] Level 1:colcon.colcon_core.package_discovery:discover_packages(recursive) check parameters
[0.146s] Level 1:colcon.colcon_core.package_discovery:discover_packages(ignore) check parameters
[0.146s] Level 1:colcon.colcon_core.package_discovery:discover_packages(path) check parameters
[0.146s] Level 1:colcon.colcon_core.package_discovery:discover_packages(colcon_meta) discover
[0.146s] Level 1:colcon.colcon_core.package_discovery:discover_packages(recursive) discover
[0.146s] INFO:colcon.colcon_core.package_discovery:Crawling recursively for packages in '/home/a/zyj/fr3_welding'
[0.146s] Level 1:colcon.colcon_core.package_identification:_identify(.) by extensions ['ignore', 'ignore_ament_install']
[0.146s] Level 1:colcon.colcon_core.package_identification:_identify(.) by extension 'ignore'
[0.146s] Level 1:colcon.colcon_core.package_identification:_identify(.) by extension 'ignore_ament_install'
[0.146s] Level 1:colcon.colcon_core.package_identification:_identify(.) by extensions ['colcon_pkg']
[0.146s] Level 1:colcon.colcon_core.package_identification:_identify(.) by extension 'colcon_pkg'
[0.146s] Level 1:colcon.colcon_core.package_identification:_identify(.) by extensions ['colcon_meta']
[0.146s] Level 1:colcon.colcon_core.package_identification:_identify(.) by extension 'colcon_meta'
[0.146s] Level 1:colcon.colcon_core.package_identification:_identify(.) by extensions ['ros']
[0.146s] Level 1:colcon.colcon_core.package_identification:_identify(.) by extension 'ros'
[0.163s] Level 1:colcon.colcon_core.package_identification:_identify(.) by extensions ['cmake', 'python']
[0.163s] Level 1:colcon.colcon_core.package_identification:_identify(.) by extension 'cmake'
[0.163s] Level 1:colcon.colcon_core.package_identification:_identify(.) by extension 'python'
[0.163s] Level 1:colcon.colcon_core.package_identification:_identify(.) by extensions ['python_setup_py']
[0.163s] Level 1:colcon.colcon_core.package_identification:_identify(.) by extension 'python_setup_py'
[0.163s] Level 1:colcon.colcon_core.package_identification:_identify(build) by extensions ['ignore', 'ignore_ament_install']
[0.163s] Level 1:colcon.colcon_core.package_identification:_identify(build) by extension 'ignore'
[0.163s] Level 1:colcon.colcon_core.package_identification:_identify(build) ignored
[0.163s] Level 1:colcon.colcon_core.package_identification:_identify(fr3_bringup) by extensions ['ignore', 'ignore_ament_install']
[0.163s] Level 1:colcon.colcon_core.package_identification:_identify(fr3_bringup) by extension 'ignore'
[0.163s] Level 1:colcon.colcon_core.package_identification:_identify(fr3_bringup) by extension 'ignore_ament_install'
[0.163s] Level 1:colcon.colcon_core.package_identification:_identify(fr3_bringup) by extensions ['colcon_pkg']
[0.163s] Level 1:colcon.colcon_core.package_identification:_identify(fr3_bringup) by extension 'colcon_pkg'
[0.163s] Level 1:colcon.colcon_core.package_identification:_identify(fr3_bringup) by extensions ['colcon_meta']
[0.163s] Level 1:colcon.colcon_core.package_identification:_identify(fr3_bringup) by extension 'colcon_meta'
[0.163s] Level 1:colcon.colcon_core.package_identification:_identify(fr3_bringup) by extensions ['ros']
[0.163s] Level 1:colcon.colcon_core.package_identification:_identify(fr3_bringup) by extension 'ros'
[0.165s] DEBUG:colcon.colcon_core.package_identification:Package 'fr3_bringup' with type 'ros.ament_cmake' and name 'fr3_bringup'
[0.165s] Level 1:colcon.colcon_core.package_identification:_identify(fr3_description) by extensions ['ignore', 'ignore_ament_install']
[0.165s] Level 1:colcon.colcon_core.package_identification:_identify(fr3_description) by extension 'ignore'
[0.166s] Level 1:colcon.colcon_core.package_identification:_identify(fr3_description) by extension 'ignore_ament_install'
[0.166s] Level 1:colcon.colcon_core.package_identification:_identify(fr3_description) by extensions ['colcon_pkg']
[0.166s] Level 1:colcon.colcon_core.package_identification:_identify(fr3_description) by extension 'colcon_pkg'
[0.166s] Level 1:colcon.colcon_core.package_identification:_identify(fr3_description) by extensions ['colcon_meta']
[0.166s] Level 1:colcon.colcon_core.package_identification:_identify(fr3_description) by extension 'colcon_meta'
[0.166s] Level 1:colcon.colcon_core.package_identification:_identify(fr3_description) by extensions ['ros']
[0.166s] Level 1:colcon.colcon_core.package_identification:_identify(fr3_description) by extension 'ros'
[0.166s] DEBUG:colcon.colcon_core.package_identification:Package 'fr3_description' with type 'ros.ament_cmake' and name 'fr3_description'
[0.166s] Level 1:colcon.colcon_core.package_identification:_identify(fr3_weld_executing) by extensions ['ignore', 'ignore_ament_install']
[0.166s] Level 1:colcon.colcon_core.package_identification:_identify(fr3_weld_executing) by extension 'ignore'
[0.166s] Level 1:colcon.colcon_core.package_identification:_identify(fr3_weld_executing) by extension 'ignore_ament_install'
[0.166s] Level 1:colcon.colcon_core.package_identification:_identify(fr3_weld_executing) by extensions ['colcon_pkg']
[0.166s] Level 1:colcon.colcon_core.package_identification:_identify(fr3_weld_executing) by extension 'colcon_pkg'
[0.166s] Level 1:colcon.colcon_core.package_identification:_identify(fr3_weld_executing) by extensions ['colcon_meta']
[0.166s] Level 1:colcon.colcon_core.package_identification:_identify(fr3_weld_executing) by extension 'colcon_meta'
[0.166s] Level 1:colcon.colcon_core.package_identification:_identify(fr3_weld_executing) by extensions ['ros']
[0.166s] Level 1:colcon.colcon_core.package_identification:_identify(fr3_weld_executing) by extension 'ros'
[0.167s] DEBUG:colcon.colcon_core.package_identification:Package 'fr3_weld_executing' with type 'ros.ament_cmake' and name 'fr3_weld_executing'
[0.167s] Level 1:colcon.colcon_core.package_identification:_identify(fr3_weld_moveit2_config) by extensions ['ignore', 'ignore_ament_install']
[0.167s] Level 1:colcon.colcon_core.package_identification:_identify(fr3_weld_moveit2_config) by extension 'ignore'
[0.167s] Level 1:colcon.colcon_core.package_identification:_identify(fr3_weld_moveit2_config) by extension 'ignore_ament_install'
[0.167s] Level 1:colcon.colcon_core.package_identification:_identify(fr3_weld_moveit2_config) by extensions ['colcon_pkg']
[0.167s] Level 1:colcon.colcon_core.package_identification:_identify(fr3_weld_moveit2_config) by extension 'colcon_pkg'
[0.167s] Level 1:colcon.colcon_core.package_identification:_identify(fr3_weld_moveit2_config) by extensions ['colcon_meta']
[0.167s] Level 1:colcon.colcon_core.package_identification:_identify(fr3_weld_moveit2_config) by extension 'colcon_meta'
[0.167s] Level 1:colcon.colcon_core.package_identification:_identify(fr3_weld_moveit2_config) by extensions ['ros']
[0.167s] Level 1:colcon.colcon_core.package_identification:_identify(fr3_weld_moveit2_config) by extension 'ros'
[0.167s] DEBUG:colcon.colcon_core.package_identification:Package 'fr3_weld_moveit2_config' with type 'ros.ament_cmake' and name 'fr3_weld_moveit2_config'
[0.167s] Level 1:colcon.colcon_core.package_identification:_identify(install) by extensions ['ignore', 'ignore_ament_install']
[0.168s] Level 1:colcon.colcon_core.package_identification:_identify(install) by extension 'ignore'
[0.168s] Level 1:colcon.colcon_core.package_identification:_identify(install) ignored
[0.168s] Level 1:colcon.colcon_core.package_identification:_identify(log) by extensions ['ignore', 'ignore_ament_install']
[0.168s] Level 1:colcon.colcon_core.package_identification:_identify(log) by extension 'ignore'
[0.168s] Level 1:colcon.colcon_core.package_identification:_identify(log) ignored
[0.168s] Level 1:colcon.colcon_core.package_identification:_identify(weld_butt_seam_extracting) by extensions ['ignore', 'ignore_ament_install']
[0.168s] Level 1:colcon.colcon_core.package_identification:_identify(weld_butt_seam_extracting) by extension 'ignore'
[0.168s] Level 1:colcon.colcon_core.package_identification:_identify(weld_butt_seam_extracting) by extension 'ignore_ament_install'
[0.168s] Level 1:colcon.colcon_core.package_identification:_identify(weld_butt_seam_extracting) by extensions ['colcon_pkg']
[0.168s] Level 1:colcon.colcon_core.package_identification:_identify(weld_butt_seam_extracting) by extension 'colcon_pkg'
[0.168s] Level 1:colcon.colcon_core.package_identification:_identify(weld_butt_seam_extracting) by extensions ['colcon_meta']
[0.168s] Level 1:colcon.colcon_core.package_identification:_identify(weld_butt_seam_extracting) by extension 'colcon_meta'
[0.168s] Level 1:colcon.colcon_core.package_identification:_identify(weld_butt_seam_extracting) by extensions ['ros']
[0.168s] Level 1:colcon.colcon_core.package_identification:_identify(weld_butt_seam_extracting) by extension 'ros'
[0.168s] DEBUG:colcon.colcon_core.package_identification:Package 'weld_butt_seam_extracting' with type 'ros.ament_cmake' and name 'weld_butt_seam_extracting'
[0.168s] Level 1:colcon.colcon_core.package_discovery:discover_packages(recursive) using defaults
[0.168s] Level 1:colcon.colcon_core.package_discovery:discover_packages(ignore) discover
[0.168s] Level 1:colcon.colcon_core.package_discovery:discover_packages(ignore) using defaults
[0.168s] Level 1:colcon.colcon_core.package_discovery:discover_packages(path) discover
[0.168s] Level 1:colcon.colcon_core.package_discovery:discover_packages(path) using defaults
[0.182s] Level 1:colcon.colcon_core.package_discovery:discover_packages(prefix_path) check parameters
[0.182s] Level 1:colcon.colcon_core.package_discovery:discover_packages(prefix_path) discover
[0.184s] DEBUG:colcon.colcon_installed_package_information.package_discovery:Found 413 installed packages in /opt/ros/jazzy
[0.185s] Level 1:colcon.colcon_core.package_discovery:discover_packages(prefix_path) using defaults
[0.207s] Level 5:colcon.colcon_core.verb:set package 'fr3_description' build argument 'cmake_args' from command line to 'None'
[0.207s] Level 5:colcon.colcon_core.verb:set package 'fr3_description' build argument 'cmake_target' from command line to 'None'
[0.207s] Level 5:colcon.colcon_core.verb:set package 'fr3_description' build argument 'cmake_target_skip_unavailable' from command line to 'False'
[0.207s] Level 5:colcon.colcon_core.verb:set package 'fr3_description' build argument 'cmake_clean_cache' from command line to 'False'
[0.207s] Level 5:colcon.colcon_core.verb:set package 'fr3_description' build argument 'cmake_clean_first' from command line to 'False'
[0.207s] Level 5:colcon.colcon_core.verb:set package 'fr3_description' build argument 'cmake_force_configure' from command line to 'False'
[0.207s] Level 5:colcon.colcon_core.verb:set package 'fr3_description' build argument 'ament_cmake_args' from command line to 'None'
[0.207s] Level 5:colcon.colcon_core.verb:set package 'fr3_description' build argument 'catkin_cmake_args' from command line to 'None'
[0.207s] Level 5:colcon.colcon_core.verb:set package 'fr3_description' build argument 'catkin_skip_building_tests' from command line to 'False'
[0.207s] DEBUG:colcon.colcon_core.verb:Building package 'fr3_description' with the following arguments: {'ament_cmake_args': None, 'build_base': '/home/a/zyj/fr3_welding/build/fr3_description', 'catkin_cmake_args': None, 'catkin_skip_building_tests': False, 'cmake_args': None, 'cmake_clean_cache': False, 'cmake_clean_first': False, 'cmake_force_configure': False, 'cmake_target': None, 'cmake_target_skip_unavailable': False, 'install_base': '/home/a/zyj/fr3_welding/install/fr3_description', 'merge_install': False, 'path': '/home/a/zyj/fr3_welding/fr3_description', 'symlink_install': True, 'test_result_base': None}
[0.207s] Level 5:colcon.colcon_core.verb:set package 'fr3_weld_executing' build argument 'cmake_args' from command line to 'None'
[0.207s] Level 5:colcon.colcon_core.verb:set package 'fr3_weld_executing' build argument 'cmake_target' from command line to 'None'
[0.207s] Level 5:colcon.colcon_core.verb:set package 'fr3_weld_executing' build argument 'cmake_target_skip_unavailable' from command line to 'False'
[0.208s] Level 5:colcon.colcon_core.verb:set package 'fr3_weld_executing' build argument 'cmake_clean_cache' from command line to 'False'
[0.208s] Level 5:colcon.colcon_core.verb:set package 'fr3_weld_executing' build argument 'cmake_clean_first' from command line to 'False'
[0.208s] Level 5:colcon.colcon_core.verb:set package 'fr3_weld_executing' build argument 'cmake_force_configure' from command line to 'False'
[0.208s] Level 5:colcon.colcon_core.verb:set package 'fr3_weld_executing' build argument 'ament_cmake_args' from command line to 'None'
[0.208s] Level 5:colcon.colcon_core.verb:set package 'fr3_weld_executing' build argument 'catkin_cmake_args' from command line to 'None'
[0.208s] Level 5:colcon.colcon_core.verb:set package 'fr3_weld_executing' build argument 'catkin_skip_building_tests' from command line to 'False'
[0.208s] DEBUG:colcon.colcon_core.verb:Building package 'fr3_weld_executing' with the following arguments: {'ament_cmake_args': None, 'build_base': '/home/a/zyj/fr3_welding/build/fr3_weld_executing', 'catkin_cmake_args': None, 'catkin_skip_building_tests': False, 'cmake_args': None, 'cmake_clean_cache': False, 'cmake_clean_first': False, 'cmake_force_configure': False, 'cmake_target': None, 'cmake_target_skip_unavailable': False, 'install_base': '/home/a/zyj/fr3_welding/install/fr3_weld_executing', 'merge_install': False, 'path': '/home/a/zyj/fr3_welding/fr3_weld_executing', 'symlink_install': True, 'test_result_base': None}
[0.208s] Level 5:colcon.colcon_core.verb:set package 'weld_butt_seam_extracting' build argument 'cmake_args' from command line to 'None'
[0.208s] Level 5:colcon.colcon_core.verb:set package 'weld_butt_seam_extracting' build argument 'cmake_target' from command line to 'None'
[0.208s] Level 5:colcon.colcon_core.verb:set package 'weld_butt_seam_extracting' build argument 'cmake_target_skip_unavailable' from command line to 'False'
[0.208s] Level 5:colcon.colcon_core.verb:set package 'weld_butt_seam_extracting' build argument 'cmake_clean_cache' from command line to 'False'
[0.208s] Level 5:colcon.colcon_core.verb:set package 'weld_butt_seam_extracting' build argument 'cmake_clean_first' from command line to 'False'
[0.208s] Level 5:colcon.colcon_core.verb:set package 'weld_butt_seam_extracting' build argument 'cmake_force_configure' from command line to 'False'
[0.208s] Level 5:colcon.colcon_core.verb:set package 'weld_butt_seam_extracting' build argument 'ament_cmake_args' from command line to 'None'
[0.208s] Level 5:colcon.colcon_core.verb:set package 'weld_butt_seam_extracting' build argument 'catkin_cmake_args' from command line to 'None'
[0.208s] Level 5:colcon.colcon_core.verb:set package 'weld_butt_seam_extracting' build argument 'catkin_skip_building_tests' from command line to 'False'
[0.208s] DEBUG:colcon.colcon_core.verb:Building package 'weld_butt_seam_extracting' with the following arguments: {'ament_cmake_args': None, 'build_base': '/home/a/zyj/fr3_welding/build/weld_butt_seam_extracting', 'catkin_cmake_args': None, 'catkin_skip_building_tests': False, 'cmake_args': None, 'cmake_clean_cache': False, 'cmake_clean_first': False, 'cmake_force_configure': False, 'cmake_target': None, 'cmake_target_skip_unavailable': False, 'install_base': '/home/a/zyj/fr3_welding/install/weld_butt_seam_extracting', 'merge_install': False, 'path': '/home/a/zyj/fr3_welding/weld_butt_seam_extracting', 'symlink_install': True, 'test_result_base': None}
[0.208s] Level 5:colcon.colcon_core.verb:set package 'fr3_bringup' build argument 'cmake_args' from command line to 'None'
[0.208s] Level 5:colcon.colcon_core.verb:set package 'fr3_bringup' build argument 'cmake_target' from command line to 'None'
[0.208s] Level 5:colcon.colcon_core.verb:set package 'fr3_bringup' build argument 'cmake_target_skip_unavailable' from command line to 'False'
[0.208s] Level 5:colcon.colcon_core.verb:set package 'fr3_bringup' build argument 'cmake_clean_cache' from command line to 'False'
[0.208s] Level 5:colcon.colcon_core.verb:set package 'fr3_bringup' build argument 'cmake_clean_first' from command line to 'False'
[0.208s] Level 5:colcon.colcon_core.verb:set package 'fr3_bringup' build argument 'cmake_force_configure' from command line to 'False'
[0.208s] Level 5:colcon.colcon_core.verb:set package 'fr3_bringup' build argument 'ament_cmake_args' from command line to 'None'
[0.208s] Level 5:colcon.colcon_core.verb:set package 'fr3_bringup' build argument 'catkin_cmake_args' from command line to 'None'
[0.208s] Level 5:colcon.colcon_core.verb:set package 'fr3_bringup' build argument 'catkin_skip_building_tests' from command line to 'False'
[0.208s] DEBUG:colcon.colcon_core.verb:Building package 'fr3_bringup' with the following arguments: {'ament_cmake_args': None, 'build_base': '/home/a/zyj/fr3_welding/build/fr3_bringup', 'catkin_cmake_args': None, 'catkin_skip_building_tests': False, 'cmake_args': None, 'cmake_clean_cache': False, 'cmake_clean_first': False, 'cmake_force_configure': False, 'cmake_target': None, 'cmake_target_skip_unavailable': False, 'install_base': '/home/a/zyj/fr3_welding/install/fr3_bringup', 'merge_install': False, 'path': '/home/a/zyj/fr3_welding/fr3_bringup', 'symlink_install': True, 'test_result_base': None}
[0.208s] Level 5:colcon.colcon_core.verb:set package 'fr3_weld_moveit2_config' build argument 'cmake_args' from command line to 'None'
[0.208s] Level 5:colcon.colcon_core.verb:set package 'fr3_weld_moveit2_config' build argument 'cmake_target' from command line to 'None'
[0.208s] Level 5:colcon.colcon_core.verb:set package 'fr3_weld_moveit2_config' build argument 'cmake_target_skip_unavailable' from command line to 'False'
[0.208s] Level 5:colcon.colcon_core.verb:set package 'fr3_weld_moveit2_config' build argument 'cmake_clean_cache' from command line to 'False'
[0.208s] Level 5:colcon.colcon_core.verb:set package 'fr3_weld_moveit2_config' build argument 'cmake_clean_first' from command line to 'False'
[0.208s] Level 5:colcon.colcon_core.verb:set package 'fr3_weld_moveit2_config' build argument 'cmake_force_configure' from command line to 'False'
[0.208s] Level 5:colcon.colcon_core.verb:set package 'fr3_weld_moveit2_config' build argument 'ament_cmake_args' from command line to 'None'
[0.208s] Level 5:colcon.colcon_core.verb:set package 'fr3_weld_moveit2_config' build argument 'catkin_cmake_args' from command line to 'None'
[0.208s] Level 5:colcon.colcon_core.verb:set package 'fr3_weld_moveit2_config' build argument 'catkin_skip_building_tests' from command line to 'False'
[0.208s] DEBUG:colcon.colcon_core.verb:Building package 'fr3_weld_moveit2_config' with the following arguments: {'ament_cmake_args': None, 'build_base': '/home/a/zyj/fr3_welding/build/fr3_weld_moveit2_config', 'catkin_cmake_args': None, 'catkin_skip_building_tests': False, 'cmake_args': None, 'cmake_clean_cache': False, 'cmake_clean_first': False, 'cmake_force_configure': False, 'cmake_target': None, 'cmake_target_skip_unavailable': False, 'install_base': '/home/a/zyj/fr3_welding/install/fr3_weld_moveit2_config', 'merge_install': False, 'path': '/home/a/zyj/fr3_welding/fr3_weld_moveit2_config', 'symlink_install': True, 'test_result_base': None}
[0.208s] INFO:colcon.colcon_core.executor:Executing jobs using 'parallel' executor
[0.209s] DEBUG:colcon.colcon_parallel_executor.executor.parallel:run_until_complete
[0.209s] INFO:colcon.colcon_ros.task.ament_cmake.build:Building ROS package in '/home/a/zyj/fr3_welding/fr3_description' with build type 'ament_cmake'
[0.209s] INFO:colcon.colcon_cmake.task.cmake.build:Building CMake package in '/home/a/zyj/fr3_welding/fr3_description'
[0.212s] INFO:colcon.colcon_core.plugin_system:Skipping extension 'colcon_core.shell.bat': Not used on non-Windows systems
[0.212s] INFO:colcon.colcon_core.shell:Skip shell extension 'powershell' for command environment: Not usable outside of PowerShell
[0.212s] DEBUG:colcon.colcon_core.shell:Skip shell extension 'dsv' for command environment
[0.214s] INFO:colcon.colcon_ros.task.ament_cmake.build:Building ROS package in '/home/a/zyj/fr3_welding/fr3_weld_executing' with build type 'ament_cmake'
[0.214s] INFO:colcon.colcon_cmake.task.cmake.build:Building CMake package in '/home/a/zyj/fr3_welding/fr3_weld_executing'
[0.214s] INFO:colcon.colcon_core.shell:Skip shell extension 'powershell' for command environment: Not usable outside of PowerShell
[0.214s] DEBUG:colcon.colcon_core.shell:Skip shell extension 'dsv' for command environment
[0.215s] INFO:colcon.colcon_ros.task.ament_cmake.build:Building ROS package in '/home/a/zyj/fr3_welding/weld_butt_seam_extracting' with build type 'ament_cmake'
[0.216s] INFO:colcon.colcon_cmake.task.cmake.build:Building CMake package in '/home/a/zyj/fr3_welding/weld_butt_seam_extracting'
[0.216s] INFO:colcon.colcon_core.shell:Skip shell extension 'powershell' for command environment: Not usable outside of PowerShell
[0.216s] DEBUG:colcon.colcon_core.shell:Skip shell extension 'dsv' for command environment
[0.219s] DEBUG:colcon.colcon_core.event_handler.log_command:Invoking command in '/home/a/zyj/fr3_welding/build/fr3_description': CMAKE_PREFIX_PATH=${CMAKE_PREFIX_PATH}:/opt/ros/jazzy CONDA_PROMPT_MODIFIER=(base) DEBUGINFOD_URLS=https://debuginfod.ubuntu.com /usr/bin/cmake --build /home/a/zyj/fr3_welding/build/fr3_description -- -j20 -l20
[0.222s] DEBUG:colcon.colcon_core.event_handler.log_command:Invoking command in '/home/a/zyj/fr3_welding/build/fr3_weld_executing': CMAKE_PREFIX_PATH=${CMAKE_PREFIX_PATH}:/opt/ros/jazzy CONDA_PROMPT_MODIFIER=(base) DEBUGINFOD_URLS=https://debuginfod.ubuntu.com /usr/bin/cmake --build /home/a/zyj/fr3_welding/build/fr3_weld_executing -- -j20 -l20
[0.224s] DEBUG:colcon.colcon_core.event_handler.log_command:Invoking command in '/home/a/zyj/fr3_welding/build/weld_butt_seam_extracting': CMAKE_PREFIX_PATH=${CMAKE_PREFIX_PATH}:/opt/ros/jazzy CONDA_PROMPT_MODIFIER=(base) DEBUGINFOD_URLS=https://debuginfod.ubuntu.com /usr/bin/cmake --build /home/a/zyj/fr3_welding/build/weld_butt_seam_extracting -- -j20 -l20
[0.284s] DEBUG:colcon.colcon_core.event_handler.log_command:Invoked command in '/home/a/zyj/fr3_welding/build/fr3_description' returned '0': CMAKE_PREFIX_PATH=${CMAKE_PREFIX_PATH}:/opt/ros/jazzy CONDA_PROMPT_MODIFIER=(base) DEBUGINFOD_URLS=https://debuginfod.ubuntu.com /usr/bin/cmake --build /home/a/zyj/fr3_welding/build/fr3_description -- -j20 -l20
[0.291s] DEBUG:colcon.colcon_core.event_handler.log_command:Invoking command in '/home/a/zyj/fr3_welding/build/fr3_description': CMAKE_PREFIX_PATH=${CMAKE_PREFIX_PATH}:/opt/ros/jazzy CONDA_PROMPT_MODIFIER=(base) DEBUGINFOD_URLS=https://debuginfod.ubuntu.com /usr/bin/cmake --install /home/a/zyj/fr3_welding/build/fr3_description
[0.315s] Level 1:colcon.colcon_core.environment:create_environment_scripts_only(fr3_description)
[0.316s] DEBUG:colcon.colcon_core.event_handler.log_command:Invoked command in '/home/a/zyj/fr3_welding/build/fr3_description' returned '0': CMAKE_PREFIX_PATH=${CMAKE_PREFIX_PATH}:/opt/ros/jazzy CONDA_PROMPT_MODIFIER=(base) DEBUGINFOD_URLS=https://debuginfod.ubuntu.com /usr/bin/cmake --install /home/a/zyj/fr3_welding/build/fr3_description
[0.321s] Level 1:colcon.colcon_core.environment:checking '/home/a/zyj/fr3_welding/install/fr3_description' for CMake module files
[0.322s] Level 1:colcon.colcon_core.environment:checking '/home/a/zyj/fr3_welding/install/fr3_description' for CMake config files
[0.322s] Level 1:colcon.colcon_core.shell:create_environment_hook('fr3_description', 'cmake_prefix_path')
[0.322s] INFO:colcon.colcon_core.shell:Creating environment hook '/home/a/zyj/fr3_welding/install/fr3_description/share/fr3_description/hook/cmake_prefix_path.ps1'
[0.323s] INFO:colcon.colcon_core.shell:Creating environment descriptor '/home/a/zyj/fr3_welding/install/fr3_description/share/fr3_description/hook/cmake_prefix_path.dsv'
[0.323s] INFO:colcon.colcon_core.shell:Creating environment hook '/home/a/zyj/fr3_welding/install/fr3_description/share/fr3_description/hook/cmake_prefix_path.sh'
[0.324s] Level 1:colcon.colcon_core.environment:checking '/home/a/zyj/fr3_welding/install/fr3_description/bin'
[0.324s] Level 1:colcon.colcon_core.environment:checking '/home/a/zyj/fr3_welding/install/fr3_description/lib/pkgconfig/fr3_description.pc'
[0.324s] Level 1:colcon.colcon_core.environment:checking '/home/a/zyj/fr3_welding/install/fr3_description/lib/python3.12/site-packages'
[0.325s] Level 1:colcon.colcon_core.environment:checking '/home/a/zyj/fr3_welding/install/fr3_description/bin'
[0.325s] INFO:colcon.colcon_core.shell:Creating package script '/home/a/zyj/fr3_welding/install/fr3_description/share/fr3_description/package.ps1'
[0.325s] INFO:colcon.colcon_core.shell:Creating package descriptor '/home/a/zyj/fr3_welding/install/fr3_description/share/fr3_description/package.dsv'
[0.326s] INFO:colcon.colcon_core.shell:Creating package script '/home/a/zyj/fr3_welding/install/fr3_description/share/fr3_description/package.sh'
[0.326s] INFO:colcon.colcon_core.shell:Creating package script '/home/a/zyj/fr3_welding/install/fr3_description/share/fr3_description/package.bash'
[0.327s] INFO:colcon.colcon_core.shell:Creating package script '/home/a/zyj/fr3_welding/install/fr3_description/share/fr3_description/package.zsh'
[0.328s] Level 1:colcon.colcon_core.environment:create_file_with_runtime_dependencies(/home/a/zyj/fr3_welding/install/fr3_description/share/colcon-core/packages/fr3_description)
[0.328s] Level 1:colcon.colcon_core.environment:create_environment_scripts_only(fr3_description)
[0.328s] Level 1:colcon.colcon_core.environment:checking '/home/a/zyj/fr3_welding/install/fr3_description' for CMake module files
[0.329s] Level 1:colcon.colcon_core.environment:checking '/home/a/zyj/fr3_welding/install/fr3_description' for CMake config files
[0.329s] Level 1:colcon.colcon_core.shell:create_environment_hook('fr3_description', 'cmake_prefix_path')
[0.329s] INFO:colcon.colcon_core.shell:Creating environment hook '/home/a/zyj/fr3_welding/install/fr3_description/share/fr3_description/hook/cmake_prefix_path.ps1'
[0.329s] INFO:colcon.colcon_core.shell:Creating environment descriptor '/home/a/zyj/fr3_welding/install/fr3_description/share/fr3_description/hook/cmake_prefix_path.dsv'
[0.330s] INFO:colcon.colcon_core.shell:Creating environment hook '/home/a/zyj/fr3_welding/install/fr3_description/share/fr3_description/hook/cmake_prefix_path.sh'
[0.330s] Level 1:colcon.colcon_core.environment:checking '/home/a/zyj/fr3_welding/install/fr3_description/bin'
[0.330s] Level 1:colcon.colcon_core.environment:checking '/home/a/zyj/fr3_welding/install/fr3_description/lib/pkgconfig/fr3_description.pc'
[0.330s] Level 1:colcon.colcon_core.environment:checking '/home/a/zyj/fr3_welding/install/fr3_description/lib/python3.12/site-packages'
[0.330s] Level 1:colcon.colcon_core.environment:checking '/home/a/zyj/fr3_welding/install/fr3_description/bin'
[0.331s] INFO:colcon.colcon_core.shell:Creating package script '/home/a/zyj/fr3_welding/install/fr3_description/share/fr3_description/package.ps1'
[0.331s] INFO:colcon.colcon_core.shell:Creating package descriptor '/home/a/zyj/fr3_welding/install/fr3_description/share/fr3_description/package.dsv'
[0.331s] INFO:colcon.colcon_core.shell:Creating package script '/home/a/zyj/fr3_welding/install/fr3_description/share/fr3_description/package.sh'
[0.332s] INFO:colcon.colcon_core.shell:Creating package script '/home/a/zyj/fr3_welding/install/fr3_description/share/fr3_description/package.bash'
[0.332s] INFO:colcon.colcon_core.shell:Creating package script '/home/a/zyj/fr3_welding/install/fr3_description/share/fr3_description/package.zsh'
[0.332s] Level 1:colcon.colcon_core.environment:create_file_with_runtime_dependencies(/home/a/zyj/fr3_welding/install/fr3_description/share/colcon-core/packages/fr3_description)
[0.332s] INFO:colcon.colcon_ros.task.ament_cmake.build:Building ROS package in '/home/a/zyj/fr3_welding/fr3_bringup' with build type 'ament_cmake'
[0.332s] INFO:colcon.colcon_cmake.task.cmake.build:Building CMake package in '/home/a/zyj/fr3_welding/fr3_bringup'
[0.333s] INFO:colcon.colcon_core.shell:Skip shell extension 'powershell' for command environment: Not usable outside of PowerShell
[0.333s] DEBUG:colcon.colcon_core.shell:Skip shell extension 'dsv' for command environment
[0.335s] INFO:colcon.colcon_ros.task.ament_cmake.build:Building ROS package in '/home/a/zyj/fr3_welding/fr3_weld_moveit2_config' with build type 'ament_cmake'
[0.335s] INFO:colcon.colcon_cmake.task.cmake.build:Building CMake package in '/home/a/zyj/fr3_welding/fr3_weld_moveit2_config'
[0.335s] INFO:colcon.colcon_core.shell:Skip shell extension 'powershell' for command environment: Not usable outside of PowerShell
[0.335s] DEBUG:colcon.colcon_core.shell:Skip shell extension 'dsv' for command environment
[0.338s] DEBUG:colcon.colcon_core.event_handler.log_command:Invoking command in '/home/a/zyj/fr3_welding/build/fr3_bringup': AMENT_PREFIX_PATH=/home/a/zyj/fr3_welding/install/fr3_description:${AMENT_PREFIX_PATH} CMAKE_PREFIX_PATH=/home/a/zyj/fr3_welding/install/fr3_description:/opt/ros/jazzy/opt/gz_sim_vendor:/opt/ros/jazzy/opt/gz_sensors_vendor:/opt/ros/jazzy/opt/gz_physics_vendor:/opt/ros/jazzy/opt/sdformat_vendor:/opt/ros/jazzy/opt/gz_gui_vendor:/opt/ros/jazzy/opt/gz_transport_vendor:/opt/ros/jazzy/opt/gz_rendering_vendor:/opt/ros/jazzy/opt/gz_plugin_vendor:/opt/ros/jazzy/opt/gz_fuel_tools_vendor:/opt/ros/jazzy/opt/gz_msgs_vendor:/opt/ros/jazzy/opt/gz_common_vendor:/opt/ros/jazzy/opt/gz_math_vendor:/opt/ros/jazzy/opt/gz_utils_vendor:/opt/ros/jazzy/opt/gz_tools_vendor:/opt/ros/jazzy/opt/gz_ogre_next_vendor:/opt/ros/jazzy/opt/gz_dartsim_vendor:/opt/ros/jazzy/opt/gz_cmake_vendor:/opt/ros/jazzy CONDA_PROMPT_MODIFIER=(base) DEBUGINFOD_URLS=https://debuginfod.ubuntu.com /usr/bin/cmake --build /home/a/zyj/fr3_welding/build/fr3_bringup -- -j20 -l20
[0.340s] DEBUG:colcon.colcon_core.event_handler.log_command:Invoking command in '/home/a/zyj/fr3_welding/build/fr3_weld_moveit2_config': AMENT_PREFIX_PATH=/home/a/zyj/fr3_welding/install/fr3_description:${AMENT_PREFIX_PATH} CMAKE_PREFIX_PATH=/home/a/zyj/fr3_welding/install/fr3_description:/opt/ros/jazzy/opt/gz_sim_vendor:/opt/ros/jazzy/opt/gz_sensors_vendor:/opt/ros/jazzy/opt/gz_physics_vendor:/opt/ros/jazzy/opt/sdformat_vendor:/opt/ros/jazzy/opt/gz_gui_vendor:/opt/ros/jazzy/opt/gz_transport_vendor:/opt/ros/jazzy/opt/gz_rendering_vendor:/opt/ros/jazzy/opt/gz_plugin_vendor:/opt/ros/jazzy/opt/gz_fuel_tools_vendor:/opt/ros/jazzy/opt/gz_msgs_vendor:/opt/ros/jazzy/opt/gz_common_vendor:/opt/ros/jazzy/opt/gz_math_vendor:/opt/ros/jazzy/opt/gz_utils_vendor:/opt/ros/jazzy/opt/gz_tools_vendor:/opt/ros/jazzy/opt/gz_ogre_next_vendor:/opt/ros/jazzy/opt/gz_dartsim_vendor:/opt/ros/jazzy/opt/gz_cmake_vendor:/opt/ros/jazzy CONDA_PROMPT_MODIFIER=(base) DEBUGINFOD_URLS=https://debuginfod.ubuntu.com /usr/bin/cmake /home/a/zyj/fr3_welding/fr3_weld_moveit2_config -DAMENT_CMAKE_SYMLINK_INSTALL=1 -DCMAKE_INSTALL_PREFIX=/home/a/zyj/fr3_welding/install/fr3_weld_moveit2_config
[0.359s] DEBUG:colcon.colcon_core.event_handler.log_command:Invoked command in '/home/a/zyj/fr3_welding/build/fr3_weld_executing' returned '0': CMAKE_PREFIX_PATH=${CMAKE_PREFIX_PATH}:/opt/ros/jazzy CONDA_PROMPT_MODIFIER=(base) DEBUGINFOD_URLS=https://debuginfod.ubuntu.com /usr/bin/cmake --build /home/a/zyj/fr3_welding/build/fr3_weld_executing -- -j20 -l20
[0.359s] DEBUG:colcon.colcon_core.event_handler.log_command:Invoking command in '/home/a/zyj/fr3_welding/build/fr3_weld_executing': CMAKE_PREFIX_PATH=${CMAKE_PREFIX_PATH}:/opt/ros/jazzy CONDA_PROMPT_MODIFIER=(base) DEBUGINFOD_URLS=https://debuginfod.ubuntu.com /usr/bin/cmake --install /home/a/zyj/fr3_welding/build/fr3_weld_executing
[0.364s] DEBUG:colcon.colcon_core.event_handler.log_command:Invoked command in '/home/a/zyj/fr3_welding/build/fr3_bringup' returned '0': AMENT_PREFIX_PATH=/home/a/zyj/fr3_welding/install/fr3_description:${AMENT_PREFIX_PATH} CMAKE_PREFIX_PATH=/home/a/zyj/fr3_welding/install/fr3_description:/opt/ros/jazzy/opt/gz_sim_vendor:/opt/ros/jazzy/opt/gz_sensors_vendor:/opt/ros/jazzy/opt/gz_physics_vendor:/opt/ros/jazzy/opt/sdformat_vendor:/opt/ros/jazzy/opt/gz_gui_vendor:/opt/ros/jazzy/opt/gz_transport_vendor:/opt/ros/jazzy/opt/gz_rendering_vendor:/opt/ros/jazzy/opt/gz_plugin_vendor:/opt/ros/jazzy/opt/gz_fuel_tools_vendor:/opt/ros/jazzy/opt/gz_msgs_vendor:/opt/ros/jazzy/opt/gz_common_vendor:/opt/ros/jazzy/opt/gz_math_vendor:/opt/ros/jazzy/opt/gz_utils_vendor:/opt/ros/jazzy/opt/gz_tools_vendor:/opt/ros/jazzy/opt/gz_ogre_next_vendor:/opt/ros/jazzy/opt/gz_dartsim_vendor:/opt/ros/jazzy/opt/gz_cmake_vendor:/opt/ros/jazzy CONDA_PROMPT_MODIFIER=(base) DEBUGINFOD_URLS=https://debuginfod.ubuntu.com /usr/bin/cmake --build /home/a/zyj/fr3_welding/build/fr3_bringup -- -j20 -l20
[0.365s] DEBUG:colcon.colcon_core.event_handler.log_command:Invoking command in '/home/a/zyj/fr3_welding/build/fr3_bringup': AMENT_PREFIX_PATH=/home/a/zyj/fr3_welding/install/fr3_description:${AMENT_PREFIX_PATH} CMAKE_PREFIX_PATH=/home/a/zyj/fr3_welding/install/fr3_description:/opt/ros/jazzy/opt/gz_sim_vendor:/opt/ros/jazzy/opt/gz_sensors_vendor:/opt/ros/jazzy/opt/gz_physics_vendor:/opt/ros/jazzy/opt/sdformat_vendor:/opt/ros/jazzy/opt/gz_gui_vendor:/opt/ros/jazzy/opt/gz_transport_vendor:/opt/ros/jazzy/opt/gz_rendering_vendor:/opt/ros/jazzy/opt/gz_plugin_vendor:/opt/ros/jazzy/opt/gz_fuel_tools_vendor:/opt/ros/jazzy/opt/gz_msgs_vendor:/opt/ros/jazzy/opt/gz_common_vendor:/opt/ros/jazzy/opt/gz_math_vendor:/opt/ros/jazzy/opt/gz_utils_vendor:/opt/ros/jazzy/opt/gz_tools_vendor:/opt/ros/jazzy/opt/gz_ogre_next_vendor:/opt/ros/jazzy/opt/gz_dartsim_vendor:/opt/ros/jazzy/opt/gz_cmake_vendor:/opt/ros/jazzy CONDA_PROMPT_MODIFIER=(base) DEBUGINFOD_URLS=https://debuginfod.ubuntu.com /usr/bin/cmake --install /home/a/zyj/fr3_welding/build/fr3_bringup
[0.374s] Level 1:colcon.colcon_core.environment:create_environment_scripts_only(fr3_weld_executing)
[0.375s] Level 1:colcon.colcon_core.environment:checking '/home/a/zyj/fr3_welding/install/fr3_weld_executing' for CMake module files
[0.375s] DEBUG:colcon.colcon_core.event_handler.log_command:Invoked command in '/home/a/zyj/fr3_welding/build/fr3_weld_executing' returned '0': CMAKE_PREFIX_PATH=${CMAKE_PREFIX_PATH}:/opt/ros/jazzy CONDA_PROMPT_MODIFIER=(base) DEBUGINFOD_URLS=https://debuginfod.ubuntu.com /usr/bin/cmake --install /home/a/zyj/fr3_welding/build/fr3_weld_executing
[0.375s] Level 1:colcon.colcon_core.environment:checking '/home/a/zyj/fr3_welding/install/fr3_weld_executing' for CMake config files
[0.375s] Level 1:colcon.colcon_core.shell:create_environment_hook('fr3_weld_executing', 'cmake_prefix_path')
[0.375s] INFO:colcon.colcon_core.shell:Creating environment hook '/home/a/zyj/fr3_welding/install/fr3_weld_executing/share/fr3_weld_executing/hook/cmake_prefix_path.ps1'
[0.375s] INFO:colcon.colcon_core.shell:Creating environment descriptor '/home/a/zyj/fr3_welding/install/fr3_weld_executing/share/fr3_weld_executing/hook/cmake_prefix_path.dsv'
[0.375s] INFO:colcon.colcon_core.shell:Creating environment hook '/home/a/zyj/fr3_welding/install/fr3_weld_executing/share/fr3_weld_executing/hook/cmake_prefix_path.sh'
[0.376s] Level 1:colcon.colcon_core.environment:checking '/home/a/zyj/fr3_welding/install/fr3_weld_executing/lib'
[0.376s] Level 1:colcon.colcon_core.environment:checking '/home/a/zyj/fr3_welding/install/fr3_weld_executing/bin'
[0.376s] Level 1:colcon.colcon_core.environment:checking '/home/a/zyj/fr3_welding/install/fr3_weld_executing/lib/pkgconfig/fr3_weld_executing.pc'
[0.376s] Level 1:colcon.colcon_core.environment:checking '/home/a/zyj/fr3_welding/install/fr3_weld_executing/lib/python3.12/site-packages'
[0.376s] Level 1:colcon.colcon_core.environment:checking '/home/a/zyj/fr3_welding/install/fr3_weld_executing/bin'
[0.376s] INFO:colcon.colcon_core.shell:Creating package script '/home/a/zyj/fr3_welding/install/fr3_weld_executing/share/fr3_weld_executing/package.ps1'
[0.377s] INFO:colcon.colcon_core.shell:Creating package descriptor '/home/a/zyj/fr3_welding/install/fr3_weld_executing/share/fr3_weld_executing/package.dsv'
[0.377s] INFO:colcon.colcon_core.shell:Creating package script '/home/a/zyj/fr3_welding/install/fr3_weld_executing/share/fr3_weld_executing/package.sh'
[0.377s] INFO:colcon.colcon_core.shell:Creating package script '/home/a/zyj/fr3_welding/install/fr3_weld_executing/share/fr3_weld_executing/package.bash'
[0.377s] INFO:colcon.colcon_core.shell:Creating package script '/home/a/zyj/fr3_welding/install/fr3_weld_executing/share/fr3_weld_executing/package.zsh'
[0.377s] Level 1:colcon.colcon_core.environment:create_file_with_runtime_dependencies(/home/a/zyj/fr3_welding/install/fr3_weld_executing/share/colcon-core/packages/fr3_weld_executing)
[0.378s] Level 1:colcon.colcon_core.environment:create_environment_scripts_only(fr3_weld_executing)
[0.378s] Level 1:colcon.colcon_core.environment:checking '/home/a/zyj/fr3_welding/install/fr3_weld_executing' for CMake module files
[0.378s] Level 1:colcon.colcon_core.environment:checking '/home/a/zyj/fr3_welding/install/fr3_weld_executing' for CMake config files
[0.378s] Level 1:colcon.colcon_core.shell:create_environment_hook('fr3_weld_executing', 'cmake_prefix_path')
[0.378s] INFO:colcon.colcon_core.shell:Creating environment hook '/home/a/zyj/fr3_welding/install/fr3_weld_executing/share/fr3_weld_executing/hook/cmake_prefix_path.ps1'
[0.378s] INFO:colcon.colcon_core.shell:Creating environment descriptor '/home/a/zyj/fr3_welding/install/fr3_weld_executing/share/fr3_weld_executing/hook/cmake_prefix_path.dsv'
[0.378s] INFO:colcon.colcon_core.shell:Creating environment hook '/home/a/zyj/fr3_welding/install/fr3_weld_executing/share/fr3_weld_executing/hook/cmake_prefix_path.sh'
[0.379s] Level 1:colcon.colcon_core.environment:checking '/home/a/zyj/fr3_welding/install/fr3_weld_executing/lib'
[0.379s] Level 1:colcon.colcon_core.environment:checking '/home/a/zyj/fr3_welding/install/fr3_weld_executing/bin'
[0.379s] Level 1:colcon.colcon_core.environment:checking '/home/a/zyj/fr3_welding/install/fr3_weld_executing/lib/pkgconfig/fr3_weld_executing.pc'
[0.379s] Level 1:colcon.colcon_core.environment:checking '/home/a/zyj/fr3_welding/install/fr3_weld_executing/lib/python3.12/site-packages'
[0.379s] Level 1:colcon.colcon_core.environment:checking '/home/a/zyj/fr3_welding/install/fr3_weld_executing/bin'
[0.379s] INFO:colcon.colcon_core.shell:Creating package script '/home/a/zyj/fr3_welding/install/fr3_weld_executing/share/fr3_weld_executing/package.ps1'
[0.379s] INFO:colcon.colcon_core.shell:Creating package descriptor '/home/a/zyj/fr3_welding/install/fr3_weld_executing/share/fr3_weld_executing/package.dsv'
[0.379s] INFO:colcon.colcon_core.shell:Creating package script '/home/a/zyj/fr3_welding/install/fr3_weld_executing/share/fr3_weld_executing/package.sh'
[0.379s] INFO:colcon.colcon_core.shell:Creating package script '/home/a/zyj/fr3_welding/install/fr3_weld_executing/share/fr3_weld_executing/package.bash'
[0.380s] INFO:colcon.colcon_core.shell:Creating package script '/home/a/zyj/fr3_welding/install/fr3_weld_executing/share/fr3_weld_executing/package.zsh'
[0.380s] Level 1:colcon.colcon_core.environment:create_file_with_runtime_dependencies(/home/a/zyj/fr3_welding/install/fr3_weld_executing/share/colcon-core/packages/fr3_weld_executing)
[0.380s] Level 1:colcon.colcon_core.environment:create_environment_scripts_only(fr3_bringup)
[0.380s] Level 1:colcon.colcon_core.environment:checking '/home/a/zyj/fr3_welding/install/fr3_bringup' for CMake module files
[0.381s] DEBUG:colcon.colcon_core.event_handler.log_command:Invoked command in '/home/a/zyj/fr3_welding/build/fr3_bringup' returned '0': AMENT_PREFIX_PATH=/home/a/zyj/fr3_welding/install/fr3_description:${AMENT_PREFIX_PATH} CMAKE_PREFIX_PATH=/home/a/zyj/fr3_welding/install/fr3_description:/opt/ros/jazzy/opt/gz_sim_vendor:/opt/ros/jazzy/opt/gz_sensors_vendor:/opt/ros/jazzy/opt/gz_physics_vendor:/opt/ros/jazzy/opt/sdformat_vendor:/opt/ros/jazzy/opt/gz_gui_vendor:/opt/ros/jazzy/opt/gz_transport_vendor:/opt/ros/jazzy/opt/gz_rendering_vendor:/opt/ros/jazzy/opt/gz_plugin_vendor:/opt/ros/jazzy/opt/gz_fuel_tools_vendor:/opt/ros/jazzy/opt/gz_msgs_vendor:/opt/ros/jazzy/opt/gz_common_vendor:/opt/ros/jazzy/opt/gz_math_vendor:/opt/ros/jazzy/opt/gz_utils_vendor:/opt/ros/jazzy/opt/gz_tools_vendor:/opt/ros/jazzy/opt/gz_ogre_next_vendor:/opt/ros/jazzy/opt/gz_dartsim_vendor:/opt/ros/jazzy/opt/gz_cmake_vendor:/opt/ros/jazzy CONDA_PROMPT_MODIFIER=(base) DEBUGINFOD_URLS=https://debuginfod.ubuntu.com /usr/bin/cmake --install /home/a/zyj/fr3_welding/build/fr3_bringup
[0.381s] Level 1:colcon.colcon_core.environment:checking '/home/a/zyj/fr3_welding/install/fr3_bringup' for CMake config files
[0.381s] Level 1:colcon.colcon_core.shell:create_environment_hook('fr3_bringup', 'cmake_prefix_path')
[0.381s] INFO:colcon.colcon_core.shell:Creating environment hook '/home/a/zyj/fr3_welding/install/fr3_bringup/share/fr3_bringup/hook/cmake_prefix_path.ps1'
[0.382s] INFO:colcon.colcon_core.shell:Creating environment descriptor '/home/a/zyj/fr3_welding/install/fr3_bringup/share/fr3_bringup/hook/cmake_prefix_path.dsv'
[0.382s] INFO:colcon.colcon_core.shell:Creating environment hook '/home/a/zyj/fr3_welding/install/fr3_bringup/share/fr3_bringup/hook/cmake_prefix_path.sh'
[0.382s] Level 1:colcon.colcon_core.environment:checking '/home/a/zyj/fr3_welding/install/fr3_bringup/bin'
[0.382s] Level 1:colcon.colcon_core.environment:checking '/home/a/zyj/fr3_welding/install/fr3_bringup/lib/pkgconfig/fr3_bringup.pc'
[0.382s] Level 1:colcon.colcon_core.environment:checking '/home/a/zyj/fr3_welding/install/fr3_bringup/lib/python3.12/site-packages'
[0.382s] Level 1:colcon.colcon_core.environment:checking '/home/a/zyj/fr3_welding/install/fr3_bringup/bin'
[0.382s] INFO:colcon.colcon_core.shell:Creating package script '/home/a/zyj/fr3_welding/install/fr3_bringup/share/fr3_bringup/package.ps1'
[0.383s] INFO:colcon.colcon_core.shell:Creating package descriptor '/home/a/zyj/fr3_welding/install/fr3_bringup/share/fr3_bringup/package.dsv'
[0.383s] INFO:colcon.colcon_core.shell:Creating package script '/home/a/zyj/fr3_welding/install/fr3_bringup/share/fr3_bringup/package.sh'
[0.383s] INFO:colcon.colcon_core.shell:Creating package script '/home/a/zyj/fr3_welding/install/fr3_bringup/share/fr3_bringup/package.bash'
[0.383s] INFO:colcon.colcon_core.shell:Creating package script '/home/a/zyj/fr3_welding/install/fr3_bringup/share/fr3_bringup/package.zsh'
[0.383s] Level 1:colcon.colcon_core.environment:create_file_with_runtime_dependencies(/home/a/zyj/fr3_welding/install/fr3_bringup/share/colcon-core/packages/fr3_bringup)
[0.383s] Level 1:colcon.colcon_core.environment:create_environment_scripts_only(fr3_bringup)
[0.383s] Level 1:colcon.colcon_core.environment:checking '/home/a/zyj/fr3_welding/install/fr3_bringup' for CMake module files
[0.384s] Level 1:colcon.colcon_core.environment:checking '/home/a/zyj/fr3_welding/install/fr3_bringup' for CMake config files
[0.384s] Level 1:colcon.colcon_core.shell:create_environment_hook('fr3_bringup', 'cmake_prefix_path')
[0.384s] INFO:colcon.colcon_core.shell:Creating environment hook '/home/a/zyj/fr3_welding/install/fr3_bringup/share/fr3_bringup/hook/cmake_prefix_path.ps1'
[0.384s] INFO:colcon.colcon_core.shell:Creating environment descriptor '/home/a/zyj/fr3_welding/install/fr3_bringup/share/fr3_bringup/hook/cmake_prefix_path.dsv'
[0.384s] INFO:colcon.colcon_core.shell:Creating environment hook '/home/a/zyj/fr3_welding/install/fr3_bringup/share/fr3_bringup/hook/cmake_prefix_path.sh'
[0.384s] Level 1:colcon.colcon_core.environment:checking '/home/a/zyj/fr3_welding/install/fr3_bringup/bin'
[0.384s] Level 1:colcon.colcon_core.environment:checking '/home/a/zyj/fr3_welding/install/fr3_bringup/lib/pkgconfig/fr3_bringup.pc'
[0.384s] Level 1:colcon.colcon_core.environment:checking '/home/a/zyj/fr3_welding/install/fr3_bringup/lib/python3.12/site-packages'
[0.385s] Level 1:colcon.colcon_core.environment:checking '/home/a/zyj/fr3_welding/install/fr3_bringup/bin'
[0.385s] INFO:colcon.colcon_core.shell:Creating package script '/home/a/zyj/fr3_welding/install/fr3_bringup/share/fr3_bringup/package.ps1'
[0.385s] INFO:colcon.colcon_core.shell:Creating package descriptor '/home/a/zyj/fr3_welding/install/fr3_bringup/share/fr3_bringup/package.dsv'
[0.385s] INFO:colcon.colcon_core.shell:Creating package script '/home/a/zyj/fr3_welding/install/fr3_bringup/share/fr3_bringup/package.sh'
[0.385s] INFO:colcon.colcon_core.shell:Creating package script '/home/a/zyj/fr3_welding/install/fr3_bringup/share/fr3_bringup/package.bash'
[0.385s] INFO:colcon.colcon_core.shell:Creating package script '/home/a/zyj/fr3_welding/install/fr3_bringup/share/fr3_bringup/package.zsh'
[0.385s] Level 1:colcon.colcon_core.environment:create_file_with_runtime_dependencies(/home/a/zyj/fr3_welding/install/fr3_bringup/share/colcon-core/packages/fr3_bringup)
[0.386s] DEBUG:colcon.colcon_core.event_handler.log_command:Invoked command in '/home/a/zyj/fr3_welding/build/weld_butt_seam_extracting' returned '0': CMAKE_PREFIX_PATH=${CMAKE_PREFIX_PATH}:/opt/ros/jazzy CONDA_PROMPT_MODIFIER=(base) DEBUGINFOD_URLS=https://debuginfod.ubuntu.com /usr/bin/cmake --build /home/a/zyj/fr3_welding/build/weld_butt_seam_extracting -- -j20 -l20
[0.387s] DEBUG:colcon.colcon_core.event_handler.log_command:Invoking command in '/home/a/zyj/fr3_welding/build/weld_butt_seam_extracting': CMAKE_PREFIX_PATH=${CMAKE_PREFIX_PATH}:/opt/ros/jazzy CONDA_PROMPT_MODIFIER=(base) DEBUGINFOD_URLS=https://debuginfod.ubuntu.com /usr/bin/cmake --install /home/a/zyj/fr3_welding/build/weld_butt_seam_extracting
[0.405s] Level 1:colcon.colcon_core.environment:create_environment_scripts_only(weld_butt_seam_extracting)
[0.405s] DEBUG:colcon.colcon_core.event_handler.log_command:Invoked command in '/home/a/zyj/fr3_welding/build/weld_butt_seam_extracting' returned '0': CMAKE_PREFIX_PATH=${CMAKE_PREFIX_PATH}:/opt/ros/jazzy CONDA_PROMPT_MODIFIER=(base) DEBUGINFOD_URLS=https://debuginfod.ubuntu.com /usr/bin/cmake --install /home/a/zyj/fr3_welding/build/weld_butt_seam_extracting
[0.405s] Level 1:colcon.colcon_core.environment:checking '/home/a/zyj/fr3_welding/install/weld_butt_seam_extracting' for CMake module files
[0.405s] Level 1:colcon.colcon_core.environment:checking '/home/a/zyj/fr3_welding/install/weld_butt_seam_extracting' for CMake config files
[0.405s] Level 1:colcon.colcon_core.shell:create_environment_hook('weld_butt_seam_extracting', 'cmake_prefix_path')
[0.405s] INFO:colcon.colcon_core.shell:Creating environment hook '/home/a/zyj/fr3_welding/install/weld_butt_seam_extracting/share/weld_butt_seam_extracting/hook/cmake_prefix_path.ps1'
[0.406s] INFO:colcon.colcon_core.shell:Creating environment descriptor '/home/a/zyj/fr3_welding/install/weld_butt_seam_extracting/share/weld_butt_seam_extracting/hook/cmake_prefix_path.dsv'
[0.406s] INFO:colcon.colcon_core.shell:Creating environment hook '/home/a/zyj/fr3_welding/install/weld_butt_seam_extracting/share/weld_butt_seam_extracting/hook/cmake_prefix_path.sh'
[0.406s] Level 1:colcon.colcon_core.environment:checking '/home/a/zyj/fr3_welding/install/weld_butt_seam_extracting/lib'
[0.406s] Level 1:colcon.colcon_core.environment:checking '/home/a/zyj/fr3_welding/install/weld_butt_seam_extracting/bin'
[0.406s] Level 1:colcon.colcon_core.environment:checking '/home/a/zyj/fr3_welding/install/weld_butt_seam_extracting/lib/pkgconfig/weld_butt_seam_extracting.pc'
[0.406s] Level 1:colcon.colcon_core.environment:checking '/home/a/zyj/fr3_welding/install/weld_butt_seam_extracting/lib/python3.12/site-packages'
[0.406s] Level 1:colcon.colcon_core.environment:checking '/home/a/zyj/fr3_welding/install/weld_butt_seam_extracting/bin'
[0.407s] INFO:colcon.colcon_core.shell:Creating package script '/home/a/zyj/fr3_welding/install/weld_butt_seam_extracting/share/weld_butt_seam_extracting/package.ps1'
[0.407s] INFO:colcon.colcon_core.shell:Creating package descriptor '/home/a/zyj/fr3_welding/install/weld_butt_seam_extracting/share/weld_butt_seam_extracting/package.dsv'
[0.407s] INFO:colcon.colcon_core.shell:Creating package script '/home/a/zyj/fr3_welding/install/weld_butt_seam_extracting/share/weld_butt_seam_extracting/package.sh'
[0.407s] INFO:colcon.colcon_core.shell:Creating package script '/home/a/zyj/fr3_welding/install/weld_butt_seam_extracting/share/weld_butt_seam_extracting/package.bash'
[0.407s] INFO:colcon.colcon_core.shell:Creating package script '/home/a/zyj/fr3_welding/install/weld_butt_seam_extracting/share/weld_butt_seam_extracting/package.zsh'
[0.407s] Level 1:colcon.colcon_core.environment:create_file_with_runtime_dependencies(/home/a/zyj/fr3_welding/install/weld_butt_seam_extracting/share/colcon-core/packages/weld_butt_seam_extracting)
[0.408s] Level 1:colcon.colcon_core.environment:create_environment_scripts_only(weld_butt_seam_extracting)
[0.408s] Level 1:colcon.colcon_core.environment:checking '/home/a/zyj/fr3_welding/install/weld_butt_seam_extracting' for CMake module files
[0.408s] Level 1:colcon.colcon_core.environment:checking '/home/a/zyj/fr3_welding/install/weld_butt_seam_extracting' for CMake config files
[0.408s] Level 1:colcon.colcon_core.shell:create_environment_hook('weld_butt_seam_extracting', 'cmake_prefix_path')
[0.408s] INFO:colcon.colcon_core.shell:Creating environment hook '/home/a/zyj/fr3_welding/install/weld_butt_seam_extracting/share/weld_butt_seam_extracting/hook/cmake_prefix_path.ps1'
[0.408s] INFO:colcon.colcon_core.shell:Creating environment descriptor '/home/a/zyj/fr3_welding/install/weld_butt_seam_extracting/share/weld_butt_seam_extracting/hook/cmake_prefix_path.dsv'
[0.408s] INFO:colcon.colcon_core.shell:Creating environment hook '/home/a/zyj/fr3_welding/install/weld_butt_seam_extracting/share/weld_butt_seam_extracting/hook/cmake_prefix_path.sh'
[0.408s] Level 1:colcon.colcon_core.environment:checking '/home/a/zyj/fr3_welding/install/weld_butt_seam_extracting/lib'
[0.409s] Level 1:colcon.colcon_core.environment:checking '/home/a/zyj/fr3_welding/install/weld_butt_seam_extracting/bin'
[0.409s] Level 1:colcon.colcon_core.environment:checking '/home/a/zyj/fr3_welding/install/weld_butt_seam_extracting/lib/pkgconfig/weld_butt_seam_extracting.pc'
[0.409s] Level 1:colcon.colcon_core.environment:checking '/home/a/zyj/fr3_welding/install/weld_butt_seam_extracting/lib/python3.12/site-packages'
[0.409s] Level 1:colcon.colcon_core.environment:checking '/home/a/zyj/fr3_welding/install/weld_butt_seam_extracting/bin'
[0.409s] INFO:colcon.colcon_core.shell:Creating package script '/home/a/zyj/fr3_welding/install/weld_butt_seam_extracting/share/weld_butt_seam_extracting/package.ps1'
[0.409s] INFO:colcon.colcon_core.shell:Creating package descriptor '/home/a/zyj/fr3_welding/install/weld_butt_seam_extracting/share/weld_butt_seam_extracting/package.dsv'
[0.409s] INFO:colcon.colcon_core.shell:Creating package script '/home/a/zyj/fr3_welding/install/weld_butt_seam_extracting/share/weld_butt_seam_extracting/package.sh'
[0.410s] INFO:colcon.colcon_core.shell:Creating package script '/home/a/zyj/fr3_welding/install/weld_butt_seam_extracting/share/weld_butt_seam_extracting/package.bash'
[0.410s] INFO:colcon.colcon_core.shell:Creating package script '/home/a/zyj/fr3_welding/install/weld_butt_seam_extracting/share/weld_butt_seam_extracting/package.zsh'
[0.410s] Level 1:colcon.colcon_core.environment:create_file_with_runtime_dependencies(/home/a/zyj/fr3_welding/install/weld_butt_seam_extracting/share/colcon-core/packages/weld_butt_seam_extracting)
[0.551s] DEBUG:colcon.colcon_core.event_handler.log_command:Invoked command in '/home/a/zyj/fr3_welding/build/fr3_weld_moveit2_config' returned '0': AMENT_PREFIX_PATH=/home/a/zyj/fr3_welding/install/fr3_description:${AMENT_PREFIX_PATH} CMAKE_PREFIX_PATH=/home/a/zyj/fr3_welding/install/fr3_description:/opt/ros/jazzy/opt/gz_sim_vendor:/opt/ros/jazzy/opt/gz_sensors_vendor:/opt/ros/jazzy/opt/gz_physics_vendor:/opt/ros/jazzy/opt/sdformat_vendor:/opt/ros/jazzy/opt/gz_gui_vendor:/opt/ros/jazzy/opt/gz_transport_vendor:/opt/ros/jazzy/opt/gz_rendering_vendor:/opt/ros/jazzy/opt/gz_plugin_vendor:/opt/ros/jazzy/opt/gz_fuel_tools_vendor:/opt/ros/jazzy/opt/gz_msgs_vendor:/opt/ros/jazzy/opt/gz_common_vendor:/opt/ros/jazzy/opt/gz_math_vendor:/opt/ros/jazzy/opt/gz_utils_vendor:/opt/ros/jazzy/opt/gz_tools_vendor:/opt/ros/jazzy/opt/gz_ogre_next_vendor:/opt/ros/jazzy/opt/gz_dartsim_vendor:/opt/ros/jazzy/opt/gz_cmake_vendor:/opt/ros/jazzy CONDA_PROMPT_MODIFIER=(base) DEBUGINFOD_URLS=https://debuginfod.ubuntu.com /usr/bin/cmake /home/a/zyj/fr3_welding/fr3_weld_moveit2_config -DAMENT_CMAKE_SYMLINK_INSTALL=1 -DCMAKE_INSTALL_PREFIX=/home/a/zyj/fr3_welding/install/fr3_weld_moveit2_config
[0.551s] DEBUG:colcon.colcon_core.event_handler.log_command:Invoking command in '/home/a/zyj/fr3_welding/build/fr3_weld_moveit2_config': AMENT_PREFIX_PATH=/home/a/zyj/fr3_welding/install/fr3_description:${AMENT_PREFIX_PATH} CMAKE_PREFIX_PATH=/home/a/zyj/fr3_welding/install/fr3_description:/opt/ros/jazzy/opt/gz_sim_vendor:/opt/ros/jazzy/opt/gz_sensors_vendor:/opt/ros/jazzy/opt/gz_physics_vendor:/opt/ros/jazzy/opt/sdformat_vendor:/opt/ros/jazzy/opt/gz_gui_vendor:/opt/ros/jazzy/opt/gz_transport_vendor:/opt/ros/jazzy/opt/gz_rendering_vendor:/opt/ros/jazzy/opt/gz_plugin_vendor:/opt/ros/jazzy/opt/gz_fuel_tools_vendor:/opt/ros/jazzy/opt/gz_msgs_vendor:/opt/ros/jazzy/opt/gz_common_vendor:/opt/ros/jazzy/opt/gz_math_vendor:/opt/ros/jazzy/opt/gz_utils_vendor:/opt/ros/jazzy/opt/gz_tools_vendor:/opt/ros/jazzy/opt/gz_ogre_next_vendor:/opt/ros/jazzy/opt/gz_dartsim_vendor:/opt/ros/jazzy/opt/gz_cmake_vendor:/opt/ros/jazzy CONDA_PROMPT_MODIFIER=(base) DEBUGINFOD_URLS=https://debuginfod.ubuntu.com /usr/bin/cmake --build /home/a/zyj/fr3_welding/build/fr3_weld_moveit2_config -- -j20 -l20
[0.588s] DEBUG:colcon.colcon_core.event_handler.log_command:Invoked command in '/home/a/zyj/fr3_welding/build/fr3_weld_moveit2_config' returned '0': AMENT_PREFIX_PATH=/home/a/zyj/fr3_welding/install/fr3_description:${AMENT_PREFIX_PATH} CMAKE_PREFIX_PATH=/home/a/zyj/fr3_welding/install/fr3_description:/opt/ros/jazzy/opt/gz_sim_vendor:/opt/ros/jazzy/opt/gz_sensors_vendor:/opt/ros/jazzy/opt/gz_physics_vendor:/opt/ros/jazzy/opt/sdformat_vendor:/opt/ros/jazzy/opt/gz_gui_vendor:/opt/ros/jazzy/opt/gz_transport_vendor:/opt/ros/jazzy/opt/gz_rendering_vendor:/opt/ros/jazzy/opt/gz_plugin_vendor:/opt/ros/jazzy/opt/gz_fuel_tools_vendor:/opt/ros/jazzy/opt/gz_msgs_vendor:/opt/ros/jazzy/opt/gz_common_vendor:/opt/ros/jazzy/opt/gz_math_vendor:/opt/ros/jazzy/opt/gz_utils_vendor:/opt/ros/jazzy/opt/gz_tools_vendor:/opt/ros/jazzy/opt/gz_ogre_next_vendor:/opt/ros/jazzy/opt/gz_dartsim_vendor:/opt/ros/jazzy/opt/gz_cmake_vendor:/opt/ros/jazzy CONDA_PROMPT_MODIFIER=(base) DEBUGINFOD_URLS=https://debuginfod.ubuntu.com /usr/bin/cmake --build /home/a/zyj/fr3_welding/build/fr3_weld_moveit2_config -- -j20 -l20
[0.589s] DEBUG:colcon.colcon_core.event_handler.log_command:Invoking command in '/home/a/zyj/fr3_welding/build/fr3_weld_moveit2_config': AMENT_PREFIX_PATH=/home/a/zyj/fr3_welding/install/fr3_description:${AMENT_PREFIX_PATH} CMAKE_PREFIX_PATH=/home/a/zyj/fr3_welding/install/fr3_description:/opt/ros/jazzy/opt/gz_sim_vendor:/opt/ros/jazzy/opt/gz_sensors_vendor:/opt/ros/jazzy/opt/gz_physics_vendor:/opt/ros/jazzy/opt/sdformat_vendor:/opt/ros/jazzy/opt/gz_gui_vendor:/opt/ros/jazzy/opt/gz_transport_vendor:/opt/ros/jazzy/opt/gz_rendering_vendor:/opt/ros/jazzy/opt/gz_plugin_vendor:/opt/ros/jazzy/opt/gz_fuel_tools_vendor:/opt/ros/jazzy/opt/gz_msgs_vendor:/opt/ros/jazzy/opt/gz_common_vendor:/opt/ros/jazzy/opt/gz_math_vendor:/opt/ros/jazzy/opt/gz_utils_vendor:/opt/ros/jazzy/opt/gz_tools_vendor:/opt/ros/jazzy/opt/gz_ogre_next_vendor:/opt/ros/jazzy/opt/gz_dartsim_vendor:/opt/ros/jazzy/opt/gz_cmake_vendor:/opt/ros/jazzy CONDA_PROMPT_MODIFIER=(base) DEBUGINFOD_URLS=https://debuginfod.ubuntu.com /usr/bin/cmake --install /home/a/zyj/fr3_welding/build/fr3_weld_moveit2_config
[0.625s] Level 1:colcon.colcon_core.environment:create_environment_scripts_only(fr3_weld_moveit2_config)
[0.625s] DEBUG:colcon.colcon_core.event_handler.log_command:Invoked command in '/home/a/zyj/fr3_welding/build/fr3_weld_moveit2_config' returned '0': AMENT_PREFIX_PATH=/home/a/zyj/fr3_welding/install/fr3_description:${AMENT_PREFIX_PATH} CMAKE_PREFIX_PATH=/home/a/zyj/fr3_welding/install/fr3_description:/opt/ros/jazzy/opt/gz_sim_vendor:/opt/ros/jazzy/opt/gz_sensors_vendor:/opt/ros/jazzy/opt/gz_physics_vendor:/opt/ros/jazzy/opt/sdformat_vendor:/opt/ros/jazzy/opt/gz_gui_vendor:/opt/ros/jazzy/opt/gz_transport_vendor:/opt/ros/jazzy/opt/gz_rendering_vendor:/opt/ros/jazzy/opt/gz_plugin_vendor:/opt/ros/jazzy/opt/gz_fuel_tools_vendor:/opt/ros/jazzy/opt/gz_msgs_vendor:/opt/ros/jazzy/opt/gz_common_vendor:/opt/ros/jazzy/opt/gz_math_vendor:/opt/ros/jazzy/opt/gz_utils_vendor:/opt/ros/jazzy/opt/gz_tools_vendor:/opt/ros/jazzy/opt/gz_ogre_next_vendor:/opt/ros/jazzy/opt/gz_dartsim_vendor:/opt/ros/jazzy/opt/gz_cmake_vendor:/opt/ros/jazzy CONDA_PROMPT_MODIFIER=(base) DEBUGINFOD_URLS=https://debuginfod.ubuntu.com /usr/bin/cmake --install /home/a/zyj/fr3_welding/build/fr3_weld_moveit2_config
[0.626s] Level 1:colcon.colcon_core.environment:checking '/home/a/zyj/fr3_welding/install/fr3_weld_moveit2_config' for CMake module files
[0.627s] Level 1:colcon.colcon_core.environment:checking '/home/a/zyj/fr3_welding/install/fr3_weld_moveit2_config' for CMake config files
[0.627s] Level 1:colcon.colcon_core.shell:create_environment_hook('fr3_weld_moveit2_config', 'cmake_prefix_path')
[0.627s] INFO:colcon.colcon_core.shell:Creating environment hook '/home/a/zyj/fr3_welding/install/fr3_weld_moveit2_config/share/fr3_weld_moveit2_config/hook/cmake_prefix_path.ps1'
[0.628s] INFO:colcon.colcon_core.shell:Creating environment descriptor '/home/a/zyj/fr3_welding/install/fr3_weld_moveit2_config/share/fr3_weld_moveit2_config/hook/cmake_prefix_path.dsv'
[0.629s] INFO:colcon.colcon_core.shell:Creating environment hook '/home/a/zyj/fr3_welding/install/fr3_weld_moveit2_config/share/fr3_weld_moveit2_config/hook/cmake_prefix_path.sh'
[0.630s] Level 1:colcon.colcon_core.environment:checking '/home/a/zyj/fr3_welding/install/fr3_weld_moveit2_config/bin'
[0.630s] Level 1:colcon.colcon_core.environment:checking '/home/a/zyj/fr3_welding/install/fr3_weld_moveit2_config/lib/pkgconfig/fr3_weld_moveit2_config.pc'
[0.631s] Level 1:colcon.colcon_core.environment:checking '/home/a/zyj/fr3_welding/install/fr3_weld_moveit2_config/lib/python3.12/site-packages'
[0.631s] Level 1:colcon.colcon_core.environment:checking '/home/a/zyj/fr3_welding/install/fr3_weld_moveit2_config/bin'
[0.632s] INFO:colcon.colcon_core.shell:Creating package script '/home/a/zyj/fr3_welding/install/fr3_weld_moveit2_config/share/fr3_weld_moveit2_config/package.ps1'
[0.633s] INFO:colcon.colcon_core.shell:Creating package descriptor '/home/a/zyj/fr3_welding/install/fr3_weld_moveit2_config/share/fr3_weld_moveit2_config/package.dsv'
[0.633s] INFO:colcon.colcon_core.shell:Creating package script '/home/a/zyj/fr3_welding/install/fr3_weld_moveit2_config/share/fr3_weld_moveit2_config/package.sh'
[0.634s] INFO:colcon.colcon_core.shell:Creating package script '/home/a/zyj/fr3_welding/install/fr3_weld_moveit2_config/share/fr3_weld_moveit2_config/package.bash'
[0.635s] INFO:colcon.colcon_core.shell:Creating package script '/home/a/zyj/fr3_welding/install/fr3_weld_moveit2_config/share/fr3_weld_moveit2_config/package.zsh'
[0.635s] Level 1:colcon.colcon_core.environment:create_file_with_runtime_dependencies(/home/a/zyj/fr3_welding/install/fr3_weld_moveit2_config/share/colcon-core/packages/fr3_weld_moveit2_config)
[0.636s] Level 1:colcon.colcon_core.environment:create_environment_scripts_only(fr3_weld_moveit2_config)
[0.636s] Level 1:colcon.colcon_core.environment:checking '/home/a/zyj/fr3_welding/install/fr3_weld_moveit2_config' for CMake module files
[0.637s] Level 1:colcon.colcon_core.environment:checking '/home/a/zyj/fr3_welding/install/fr3_weld_moveit2_config' for CMake config files
[0.638s] Level 1:colcon.colcon_core.shell:create_environment_hook('fr3_weld_moveit2_config', 'cmake_prefix_path')
[0.638s] INFO:colcon.colcon_core.shell:Creating environment hook '/home/a/zyj/fr3_welding/install/fr3_weld_moveit2_config/share/fr3_weld_moveit2_config/hook/cmake_prefix_path.ps1'
[0.639s] INFO:colcon.colcon_core.shell:Creating environment descriptor '/home/a/zyj/fr3_welding/install/fr3_weld_moveit2_config/share/fr3_weld_moveit2_config/hook/cmake_prefix_path.dsv'
[0.639s] INFO:colcon.colcon_core.shell:Creating environment hook '/home/a/zyj/fr3_welding/install/fr3_weld_moveit2_config/share/fr3_weld_moveit2_config/hook/cmake_prefix_path.sh'
[0.640s] Level 1:colcon.colcon_core.environment:checking '/home/a/zyj/fr3_welding/install/fr3_weld_moveit2_config/bin'
[0.640s] Level 1:colcon.colcon_core.environment:checking '/home/a/zyj/fr3_welding/install/fr3_weld_moveit2_config/lib/pkgconfig/fr3_weld_moveit2_config.pc'
[0.640s] Level 1:colcon.colcon_core.environment:checking '/home/a/zyj/fr3_welding/install/fr3_weld_moveit2_config/lib/python3.12/site-packages'
[0.641s] Level 1:colcon.colcon_core.environment:checking '/home/a/zyj/fr3_welding/install/fr3_weld_moveit2_config/bin'
[0.641s] INFO:colcon.colcon_core.shell:Creating package script '/home/a/zyj/fr3_welding/install/fr3_weld_moveit2_config/share/fr3_weld_moveit2_config/package.ps1'
[0.642s] INFO:colcon.colcon_core.shell:Creating package descriptor '/home/a/zyj/fr3_welding/install/fr3_weld_moveit2_config/share/fr3_weld_moveit2_config/package.dsv'
[0.642s] INFO:colcon.colcon_core.shell:Creating package script '/home/a/zyj/fr3_welding/install/fr3_weld_moveit2_config/share/fr3_weld_moveit2_config/package.sh'
[0.643s] INFO:colcon.colcon_core.shell:Creating package script '/home/a/zyj/fr3_welding/install/fr3_weld_moveit2_config/share/fr3_weld_moveit2_config/package.bash'
[0.643s] INFO:colcon.colcon_core.shell:Creating package script '/home/a/zyj/fr3_welding/install/fr3_weld_moveit2_config/share/fr3_weld_moveit2_config/package.zsh'
[0.644s] Level 1:colcon.colcon_core.environment:create_file_with_runtime_dependencies(/home/a/zyj/fr3_welding/install/fr3_weld_moveit2_config/share/colcon-core/packages/fr3_weld_moveit2_config)
[0.644s] DEBUG:colcon.colcon_parallel_executor.executor.parallel:closing loop
[0.644s] DEBUG:colcon.colcon_parallel_executor.executor.parallel:loop closed
[0.644s] DEBUG:colcon.colcon_parallel_executor.executor.parallel:run_until_complete finished with '0'
[0.644s] DEBUG:colcon.colcon_core.event_reactor:joining thread
[0.651s] INFO:colcon.colcon_core.plugin_system:Skipping extension 'colcon_notification.desktop_notification.terminal_notifier': Not used on non-Darwin systems
[0.652s] INFO:colcon.colcon_core.plugin_system:Skipping extension 'colcon_notification.desktop_notification.win32': Not used on non-Windows systems
[0.652s] INFO:colcon.colcon_notification.desktop_notification:Sending desktop notification using 'notify2'
[0.663s] DEBUG:colcon.colcon_core.event_reactor:joined thread
[0.663s] INFO:colcon.colcon_core.shell:Creating prefix script '/home/a/zyj/fr3_welding/install/local_setup.ps1'
[0.664s] INFO:colcon.colcon_core.shell:Creating prefix util module '/home/a/zyj/fr3_welding/install/_local_setup_util_ps1.py'
[0.665s] INFO:colcon.colcon_core.shell:Creating prefix chain script '/home/a/zyj/fr3_welding/install/setup.ps1'
[0.665s] INFO:colcon.colcon_core.shell:Creating prefix script '/home/a/zyj/fr3_welding/install/local_setup.sh'
[0.666s] INFO:colcon.colcon_core.shell:Creating prefix util module '/home/a/zyj/fr3_welding/install/_local_setup_util_sh.py'
[0.666s] INFO:colcon.colcon_core.shell:Creating prefix chain script '/home/a/zyj/fr3_welding/install/setup.sh'
[0.667s] INFO:colcon.colcon_core.shell:Creating prefix script '/home/a/zyj/fr3_welding/install/local_setup.bash'
[0.667s] INFO:colcon.colcon_core.shell:Creating prefix chain script '/home/a/zyj/fr3_welding/install/setup.bash'
[0.667s] INFO:colcon.colcon_core.shell:Creating prefix script '/home/a/zyj/fr3_welding/install/local_setup.zsh'
[0.667s] INFO:colcon.colcon_core.shell:Creating prefix chain script '/home/a/zyj/fr3_welding/install/setup.zsh'
