[0.047s] DEBUG:colcon:Command line arguments: ['/usr/bin/colcon', 'build', '--symlink-install']
[0.047s] DEBUG:colcon:Parsed command line arguments: Namespace(log_base=None, log_level=None, verb_name='build', build_base='build', install_base='install', merge_install=False, symlink_install=True, test_result_base=None, continue_on_error=False, executor='parallel', parallel_workers=20, event_handlers=None, ignore_user_meta=False, metas=['./colcon.meta'], base_paths=['.'], packages_ignore=None, packages_ignore_regex=None, paths=None, packages_up_to=None, packages_up_to_regex=None, packages_above=None, packages_above_and_dependencies=None, packages_above_depth=None, packages_select_by_dep=None, packages_skip_by_dep=None, packages_skip_up_to=None, packages_select_build_failed=False, packages_skip_build_finished=False, packages_select_test_failures=False, packages_skip_test_passed=False, packages_select=None, packages_skip=None, packages_select_regex=None, packages_skip_regex=None, packages_start=None, packages_end=None, allow_overriding=[], cmake_args=None, cmake_target=None, cmake_target_skip_unavailable=False, cmake_clean_cache=False, cmake_clean_first=False, cmake_force_configure=False, ament_cmake_args=None, catkin_cmake_args=None, catkin_skip_building_tests=False, verb_parser=<colcon_defaults.argument_parser.defaults.DefaultArgumentsDecorator object at 0x71663e466150>, verb_extension=<colcon_core.verb.build.BuildVerb object at 0x71663e5e31d0>, main=<bound method BuildVerb.main of <colcon_core.verb.build.BuildVerb object at 0x71663e5e31d0>>)
[0.065s] Level 1:colcon.colcon_core.package_discovery:discover_packages(colcon_meta) check parameters
[0.065s] Level 1:colcon.colcon_core.package_discovery:discover_packages(recursive) check parameters
[0.065s] Level 1:colcon.colcon_core.package_discovery:discover_packages(ignore) check parameters
[0.066s] Level 1:colcon.colcon_core.package_discovery:discover_packages(path) check parameters
[0.066s] Level 1:colcon.colcon_core.package_discovery:discover_packages(colcon_meta) discover
[0.066s] Level 1:colcon.colcon_core.package_discovery:discover_packages(recursive) discover
[0.066s] INFO:colcon.colcon_core.package_discovery:Crawling recursively for packages in '/home/a/zyj/fr3_welding'
[0.066s] Level 1:colcon.colcon_core.package_identification:_identify(.) by extensions ['ignore', 'ignore_ament_install']
[0.066s] Level 1:colcon.colcon_core.package_identification:_identify(.) by extension 'ignore'
[0.066s] Level 1:colcon.colcon_core.package_identification:_identify(.) by extension 'ignore_ament_install'
[0.066s] Level 1:colcon.colcon_core.package_identification:_identify(.) by extensions ['colcon_pkg']
[0.066s] Level 1:colcon.colcon_core.package_identification:_identify(.) by extension 'colcon_pkg'
[0.066s] Level 1:colcon.colcon_core.package_identification:_identify(.) by extensions ['colcon_meta']
[0.066s] Level 1:colcon.colcon_core.package_identification:_identify(.) by extension 'colcon_meta'
[0.066s] Level 1:colcon.colcon_core.package_identification:_identify(.) by extensions ['ros']
[0.066s] Level 1:colcon.colcon_core.package_identification:_identify(.) by extension 'ros'
[0.078s] Level 1:colcon.colcon_core.package_identification:_identify(.) by extensions ['cmake', 'python']
[0.078s] Level 1:colcon.colcon_core.package_identification:_identify(.) by extension 'cmake'
[0.078s] Level 1:colcon.colcon_core.package_identification:_identify(.) by extension 'python'
[0.078s] Level 1:colcon.colcon_core.package_identification:_identify(.) by extensions ['python_setup_py']
[0.078s] Level 1:colcon.colcon_core.package_identification:_identify(.) by extension 'python_setup_py'
[0.078s] Level 1:colcon.colcon_core.package_identification:_identify(build) by extensions ['ignore', 'ignore_ament_install']
[0.078s] Level 1:colcon.colcon_core.package_identification:_identify(build) by extension 'ignore'
[0.078s] Level 1:colcon.colcon_core.package_identification:_identify(build) ignored
[0.078s] Level 1:colcon.colcon_core.package_identification:_identify(fr3_bringup) by extensions ['ignore', 'ignore_ament_install']
[0.078s] Level 1:colcon.colcon_core.package_identification:_identify(fr3_bringup) by extension 'ignore'
[0.078s] Level 1:colcon.colcon_core.package_identification:_identify(fr3_bringup) by extension 'ignore_ament_install'
[0.078s] Level 1:colcon.colcon_core.package_identification:_identify(fr3_bringup) by extensions ['colcon_pkg']
[0.078s] Level 1:colcon.colcon_core.package_identification:_identify(fr3_bringup) by extension 'colcon_pkg'
[0.078s] Level 1:colcon.colcon_core.package_identification:_identify(fr3_bringup) by extensions ['colcon_meta']
[0.078s] Level 1:colcon.colcon_core.package_identification:_identify(fr3_bringup) by extension 'colcon_meta'
[0.078s] Level 1:colcon.colcon_core.package_identification:_identify(fr3_bringup) by extensions ['ros']
[0.079s] Level 1:colcon.colcon_core.package_identification:_identify(fr3_bringup) by extension 'ros'
[0.080s] DEBUG:colcon.colcon_core.package_identification:Package 'fr3_bringup' with type 'ros.ament_cmake' and name 'fr3_bringup'
[0.080s] Level 1:colcon.colcon_core.package_identification:_identify(fr3_description) by extensions ['ignore', 'ignore_ament_install']
[0.080s] Level 1:colcon.colcon_core.package_identification:_identify(fr3_description) by extension 'ignore'
[0.080s] Level 1:colcon.colcon_core.package_identification:_identify(fr3_description) by extension 'ignore_ament_install'
[0.080s] Level 1:colcon.colcon_core.package_identification:_identify(fr3_description) by extensions ['colcon_pkg']
[0.080s] Level 1:colcon.colcon_core.package_identification:_identify(fr3_description) by extension 'colcon_pkg'
[0.080s] Level 1:colcon.colcon_core.package_identification:_identify(fr3_description) by extensions ['colcon_meta']
[0.080s] Level 1:colcon.colcon_core.package_identification:_identify(fr3_description) by extension 'colcon_meta'
[0.080s] Level 1:colcon.colcon_core.package_identification:_identify(fr3_description) by extensions ['ros']
[0.080s] Level 1:colcon.colcon_core.package_identification:_identify(fr3_description) by extension 'ros'
[0.080s] DEBUG:colcon.colcon_core.package_identification:Package 'fr3_description' with type 'ros.ament_cmake' and name 'fr3_description'
[0.080s] Level 1:colcon.colcon_core.package_identification:_identify(fr3_weld_executing) by extensions ['ignore', 'ignore_ament_install']
[0.080s] Level 1:colcon.colcon_core.package_identification:_identify(fr3_weld_executing) by extension 'ignore'
[0.080s] Level 1:colcon.colcon_core.package_identification:_identify(fr3_weld_executing) by extension 'ignore_ament_install'
[0.080s] Level 1:colcon.colcon_core.package_identification:_identify(fr3_weld_executing) by extensions ['colcon_pkg']
[0.081s] Level 1:colcon.colcon_core.package_identification:_identify(fr3_weld_executing) by extension 'colcon_pkg'
[0.081s] Level 1:colcon.colcon_core.package_identification:_identify(fr3_weld_executing) by extensions ['colcon_meta']
[0.081s] Level 1:colcon.colcon_core.package_identification:_identify(fr3_weld_executing) by extension 'colcon_meta'
[0.081s] Level 1:colcon.colcon_core.package_identification:_identify(fr3_weld_executing) by extensions ['ros']
[0.081s] Level 1:colcon.colcon_core.package_identification:_identify(fr3_weld_executing) by extension 'ros'
[0.081s] DEBUG:colcon.colcon_core.package_identification:Package 'fr3_weld_executing' with type 'ros.ament_cmake' and name 'fr3_weld_executing'
[0.081s] Level 1:colcon.colcon_core.package_identification:_identify(fr3_weld_moveit2_config) by extensions ['ignore', 'ignore_ament_install']
[0.081s] Level 1:colcon.colcon_core.package_identification:_identify(fr3_weld_moveit2_config) by extension 'ignore'
[0.081s] Level 1:colcon.colcon_core.package_identification:_identify(fr3_weld_moveit2_config) by extension 'ignore_ament_install'
[0.081s] Level 1:colcon.colcon_core.package_identification:_identify(fr3_weld_moveit2_config) by extensions ['colcon_pkg']
[0.081s] Level 1:colcon.colcon_core.package_identification:_identify(fr3_weld_moveit2_config) by extension 'colcon_pkg'
[0.081s] Level 1:colcon.colcon_core.package_identification:_identify(fr3_weld_moveit2_config) by extensions ['colcon_meta']
[0.081s] Level 1:colcon.colcon_core.package_identification:_identify(fr3_weld_moveit2_config) by extension 'colcon_meta'
[0.081s] Level 1:colcon.colcon_core.package_identification:_identify(fr3_weld_moveit2_config) by extensions ['ros']
[0.081s] Level 1:colcon.colcon_core.package_identification:_identify(fr3_weld_moveit2_config) by extension 'ros'
[0.081s] DEBUG:colcon.colcon_core.package_identification:Package 'fr3_weld_moveit2_config' with type 'ros.ament_cmake' and name 'fr3_weld_moveit2_config'
[0.081s] Level 1:colcon.colcon_core.package_identification:_identify(install) by extensions ['ignore', 'ignore_ament_install']
[0.081s] Level 1:colcon.colcon_core.package_identification:_identify(install) by extension 'ignore'
[0.082s] Level 1:colcon.colcon_core.package_identification:_identify(install) ignored
[0.082s] Level 1:colcon.colcon_core.package_identification:_identify(log) by extensions ['ignore', 'ignore_ament_install']
[0.082s] Level 1:colcon.colcon_core.package_identification:_identify(log) by extension 'ignore'
[0.082s] Level 1:colcon.colcon_core.package_identification:_identify(log) ignored
[0.082s] Level 1:colcon.colcon_core.package_identification:_identify(weld_butt_seam_extracting) by extensions ['ignore', 'ignore_ament_install']
[0.082s] Level 1:colcon.colcon_core.package_identification:_identify(weld_butt_seam_extracting) by extension 'ignore'
[0.082s] Level 1:colcon.colcon_core.package_identification:_identify(weld_butt_seam_extracting) by extension 'ignore_ament_install'
[0.082s] Level 1:colcon.colcon_core.package_identification:_identify(weld_butt_seam_extracting) by extensions ['colcon_pkg']
[0.082s] Level 1:colcon.colcon_core.package_identification:_identify(weld_butt_seam_extracting) by extension 'colcon_pkg'
[0.082s] Level 1:colcon.colcon_core.package_identification:_identify(weld_butt_seam_extracting) by extensions ['colcon_meta']
[0.082s] Level 1:colcon.colcon_core.package_identification:_identify(weld_butt_seam_extracting) by extension 'colcon_meta'
[0.082s] Level 1:colcon.colcon_core.package_identification:_identify(weld_butt_seam_extracting) by extensions ['ros']
[0.082s] Level 1:colcon.colcon_core.package_identification:_identify(weld_butt_seam_extracting) by extension 'ros'
[0.082s] DEBUG:colcon.colcon_core.package_identification:Package 'weld_butt_seam_extracting' with type 'ros.ament_cmake' and name 'weld_butt_seam_extracting'
[0.082s] Level 1:colcon.colcon_core.package_discovery:discover_packages(recursive) using defaults
[0.082s] Level 1:colcon.colcon_core.package_discovery:discover_packages(ignore) discover
[0.082s] Level 1:colcon.colcon_core.package_discovery:discover_packages(ignore) using defaults
[0.082s] Level 1:colcon.colcon_core.package_discovery:discover_packages(path) discover
[0.082s] Level 1:colcon.colcon_core.package_discovery:discover_packages(path) using defaults
[0.091s] Level 1:colcon.colcon_core.package_discovery:discover_packages(prefix_path) check parameters
[0.091s] Level 1:colcon.colcon_core.package_discovery:discover_packages(prefix_path) discover
[0.093s] DEBUG:colcon.colcon_installed_package_information.package_discovery:Found 413 installed packages in /opt/ros/jazzy
[0.094s] Level 1:colcon.colcon_core.package_discovery:discover_packages(prefix_path) using defaults
[0.117s] Level 5:colcon.colcon_core.verb:set package 'fr3_description' build argument 'cmake_args' from command line to 'None'
[0.117s] Level 5:colcon.colcon_core.verb:set package 'fr3_description' build argument 'cmake_target' from command line to 'None'
[0.117s] Level 5:colcon.colcon_core.verb:set package 'fr3_description' build argument 'cmake_target_skip_unavailable' from command line to 'False'
[0.117s] Level 5:colcon.colcon_core.verb:set package 'fr3_description' build argument 'cmake_clean_cache' from command line to 'False'
[0.117s] Level 5:colcon.colcon_core.verb:set package 'fr3_description' build argument 'cmake_clean_first' from command line to 'False'
[0.117s] Level 5:colcon.colcon_core.verb:set package 'fr3_description' build argument 'cmake_force_configure' from command line to 'False'
[0.117s] Level 5:colcon.colcon_core.verb:set package 'fr3_description' build argument 'ament_cmake_args' from command line to 'None'
[0.117s] Level 5:colcon.colcon_core.verb:set package 'fr3_description' build argument 'catkin_cmake_args' from command line to 'None'
[0.117s] Level 5:colcon.colcon_core.verb:set package 'fr3_description' build argument 'catkin_skip_building_tests' from command line to 'False'
[0.117s] DEBUG:colcon.colcon_core.verb:Building package 'fr3_description' with the following arguments: {'ament_cmake_args': None, 'build_base': '/home/a/zyj/fr3_welding/build/fr3_description', 'catkin_cmake_args': None, 'catkin_skip_building_tests': False, 'cmake_args': None, 'cmake_clean_cache': False, 'cmake_clean_first': False, 'cmake_force_configure': False, 'cmake_target': None, 'cmake_target_skip_unavailable': False, 'install_base': '/home/a/zyj/fr3_welding/install/fr3_description', 'merge_install': False, 'path': '/home/a/zyj/fr3_welding/fr3_description', 'symlink_install': True, 'test_result_base': None}
[0.117s] Level 5:colcon.colcon_core.verb:set package 'fr3_weld_executing' build argument 'cmake_args' from command line to 'None'
[0.117s] Level 5:colcon.colcon_core.verb:set package 'fr3_weld_executing' build argument 'cmake_target' from command line to 'None'
[0.117s] Level 5:colcon.colcon_core.verb:set package 'fr3_weld_executing' build argument 'cmake_target_skip_unavailable' from command line to 'False'
[0.117s] Level 5:colcon.colcon_core.verb:set package 'fr3_weld_executing' build argument 'cmake_clean_cache' from command line to 'False'
[0.117s] Level 5:colcon.colcon_core.verb:set package 'fr3_weld_executing' build argument 'cmake_clean_first' from command line to 'False'
[0.117s] Level 5:colcon.colcon_core.verb:set package 'fr3_weld_executing' build argument 'cmake_force_configure' from command line to 'False'
[0.117s] Level 5:colcon.colcon_core.verb:set package 'fr3_weld_executing' build argument 'ament_cmake_args' from command line to 'None'
[0.117s] Level 5:colcon.colcon_core.verb:set package 'fr3_weld_executing' build argument 'catkin_cmake_args' from command line to 'None'
[0.117s] Level 5:colcon.colcon_core.verb:set package 'fr3_weld_executing' build argument 'catkin_skip_building_tests' from command line to 'False'
[0.117s] DEBUG:colcon.colcon_core.verb:Building package 'fr3_weld_executing' with the following arguments: {'ament_cmake_args': None, 'build_base': '/home/a/zyj/fr3_welding/build/fr3_weld_executing', 'catkin_cmake_args': None, 'catkin_skip_building_tests': False, 'cmake_args': None, 'cmake_clean_cache': False, 'cmake_clean_first': False, 'cmake_force_configure': False, 'cmake_target': None, 'cmake_target_skip_unavailable': False, 'install_base': '/home/a/zyj/fr3_welding/install/fr3_weld_executing', 'merge_install': False, 'path': '/home/a/zyj/fr3_welding/fr3_weld_executing', 'symlink_install': True, 'test_result_base': None}
[0.117s] Level 5:colcon.colcon_core.verb:set package 'weld_butt_seam_extracting' build argument 'cmake_args' from command line to 'None'
[0.117s] Level 5:colcon.colcon_core.verb:set package 'weld_butt_seam_extracting' build argument 'cmake_target' from command line to 'None'
[0.117s] Level 5:colcon.colcon_core.verb:set package 'weld_butt_seam_extracting' build argument 'cmake_target_skip_unavailable' from command line to 'False'
[0.117s] Level 5:colcon.colcon_core.verb:set package 'weld_butt_seam_extracting' build argument 'cmake_clean_cache' from command line to 'False'
[0.117s] Level 5:colcon.colcon_core.verb:set package 'weld_butt_seam_extracting' build argument 'cmake_clean_first' from command line to 'False'
[0.117s] Level 5:colcon.colcon_core.verb:set package 'weld_butt_seam_extracting' build argument 'cmake_force_configure' from command line to 'False'
[0.117s] Level 5:colcon.colcon_core.verb:set package 'weld_butt_seam_extracting' build argument 'ament_cmake_args' from command line to 'None'
[0.117s] Level 5:colcon.colcon_core.verb:set package 'weld_butt_seam_extracting' build argument 'catkin_cmake_args' from command line to 'None'
[0.117s] Level 5:colcon.colcon_core.verb:set package 'weld_butt_seam_extracting' build argument 'catkin_skip_building_tests' from command line to 'False'
[0.117s] DEBUG:colcon.colcon_core.verb:Building package 'weld_butt_seam_extracting' with the following arguments: {'ament_cmake_args': None, 'build_base': '/home/a/zyj/fr3_welding/build/weld_butt_seam_extracting', 'catkin_cmake_args': None, 'catkin_skip_building_tests': False, 'cmake_args': None, 'cmake_clean_cache': False, 'cmake_clean_first': False, 'cmake_force_configure': False, 'cmake_target': None, 'cmake_target_skip_unavailable': False, 'install_base': '/home/a/zyj/fr3_welding/install/weld_butt_seam_extracting', 'merge_install': False, 'path': '/home/a/zyj/fr3_welding/weld_butt_seam_extracting', 'symlink_install': True, 'test_result_base': None}
[0.117s] Level 5:colcon.colcon_core.verb:set package 'fr3_bringup' build argument 'cmake_args' from command line to 'None'
[0.117s] Level 5:colcon.colcon_core.verb:set package 'fr3_bringup' build argument 'cmake_target' from command line to 'None'
[0.117s] Level 5:colcon.colcon_core.verb:set package 'fr3_bringup' build argument 'cmake_target_skip_unavailable' from command line to 'False'
[0.117s] Level 5:colcon.colcon_core.verb:set package 'fr3_bringup' build argument 'cmake_clean_cache' from command line to 'False'
[0.117s] Level 5:colcon.colcon_core.verb:set package 'fr3_bringup' build argument 'cmake_clean_first' from command line to 'False'
[0.117s] Level 5:colcon.colcon_core.verb:set package 'fr3_bringup' build argument 'cmake_force_configure' from command line to 'False'
[0.117s] Level 5:colcon.colcon_core.verb:set package 'fr3_bringup' build argument 'ament_cmake_args' from command line to 'None'
[0.117s] Level 5:colcon.colcon_core.verb:set package 'fr3_bringup' build argument 'catkin_cmake_args' from command line to 'None'
[0.117s] Level 5:colcon.colcon_core.verb:set package 'fr3_bringup' build argument 'catkin_skip_building_tests' from command line to 'False'
[0.117s] DEBUG:colcon.colcon_core.verb:Building package 'fr3_bringup' with the following arguments: {'ament_cmake_args': None, 'build_base': '/home/a/zyj/fr3_welding/build/fr3_bringup', 'catkin_cmake_args': None, 'catkin_skip_building_tests': False, 'cmake_args': None, 'cmake_clean_cache': False, 'cmake_clean_first': False, 'cmake_force_configure': False, 'cmake_target': None, 'cmake_target_skip_unavailable': False, 'install_base': '/home/a/zyj/fr3_welding/install/fr3_bringup', 'merge_install': False, 'path': '/home/a/zyj/fr3_welding/fr3_bringup', 'symlink_install': True, 'test_result_base': None}
[0.117s] Level 5:colcon.colcon_core.verb:set package 'fr3_weld_moveit2_config' build argument 'cmake_args' from command line to 'None'
[0.117s] Level 5:colcon.colcon_core.verb:set package 'fr3_weld_moveit2_config' build argument 'cmake_target' from command line to 'None'
[0.117s] Level 5:colcon.colcon_core.verb:set package 'fr3_weld_moveit2_config' build argument 'cmake_target_skip_unavailable' from command line to 'False'
[0.117s] Level 5:colcon.colcon_core.verb:set package 'fr3_weld_moveit2_config' build argument 'cmake_clean_cache' from command line to 'False'
[0.117s] Level 5:colcon.colcon_core.verb:set package 'fr3_weld_moveit2_config' build argument 'cmake_clean_first' from command line to 'False'
[0.117s] Level 5:colcon.colcon_core.verb:set package 'fr3_weld_moveit2_config' build argument 'cmake_force_configure' from command line to 'False'
[0.117s] Level 5:colcon.colcon_core.verb:set package 'fr3_weld_moveit2_config' build argument 'ament_cmake_args' from command line to 'None'
[0.117s] Level 5:colcon.colcon_core.verb:set package 'fr3_weld_moveit2_config' build argument 'catkin_cmake_args' from command line to 'None'
[0.117s] Level 5:colcon.colcon_core.verb:set package 'fr3_weld_moveit2_config' build argument 'catkin_skip_building_tests' from command line to 'False'
[0.117s] DEBUG:colcon.colcon_core.verb:Building package 'fr3_weld_moveit2_config' with the following arguments: {'ament_cmake_args': None, 'build_base': '/home/a/zyj/fr3_welding/build/fr3_weld_moveit2_config', 'catkin_cmake_args': None, 'catkin_skip_building_tests': False, 'cmake_args': None, 'cmake_clean_cache': False, 'cmake_clean_first': False, 'cmake_force_configure': False, 'cmake_target': None, 'cmake_target_skip_unavailable': False, 'install_base': '/home/a/zyj/fr3_welding/install/fr3_weld_moveit2_config', 'merge_install': False, 'path': '/home/a/zyj/fr3_welding/fr3_weld_moveit2_config', 'symlink_install': True, 'test_result_base': None}
[0.118s] INFO:colcon.colcon_core.executor:Executing jobs using 'parallel' executor
[0.118s] DEBUG:colcon.colcon_parallel_executor.executor.parallel:run_until_complete
[0.118s] INFO:colcon.colcon_ros.task.ament_cmake.build:Building ROS package in '/home/a/zyj/fr3_welding/fr3_description' with build type 'ament_cmake'
[0.118s] INFO:colcon.colcon_cmake.task.cmake.build:Building CMake package in '/home/a/zyj/fr3_welding/fr3_description'
[0.119s] INFO:colcon.colcon_core.plugin_system:Skipping extension 'colcon_core.shell.bat': Not used on non-Windows systems
[0.119s] INFO:colcon.colcon_core.shell:Skip shell extension 'powershell' for command environment: Not usable outside of PowerShell
[0.119s] DEBUG:colcon.colcon_core.shell:Skip shell extension 'dsv' for command environment
[0.121s] INFO:colcon.colcon_ros.task.ament_cmake.build:Building ROS package in '/home/a/zyj/fr3_welding/fr3_weld_executing' with build type 'ament_cmake'
[0.121s] INFO:colcon.colcon_cmake.task.cmake.build:Building CMake package in '/home/a/zyj/fr3_welding/fr3_weld_executing'
[0.121s] INFO:colcon.colcon_core.shell:Skip shell extension 'powershell' for command environment: Not usable outside of PowerShell
[0.121s] DEBUG:colcon.colcon_core.shell:Skip shell extension 'dsv' for command environment
[0.123s] INFO:colcon.colcon_ros.task.ament_cmake.build:Building ROS package in '/home/a/zyj/fr3_welding/weld_butt_seam_extracting' with build type 'ament_cmake'
[0.123s] INFO:colcon.colcon_cmake.task.cmake.build:Building CMake package in '/home/a/zyj/fr3_welding/weld_butt_seam_extracting'
[0.123s] INFO:colcon.colcon_core.shell:Skip shell extension 'powershell' for command environment: Not usable outside of PowerShell
[0.123s] DEBUG:colcon.colcon_core.shell:Skip shell extension 'dsv' for command environment
[0.127s] DEBUG:colcon.colcon_core.event_handler.log_command:Invoking command in '/home/a/zyj/fr3_welding/build/fr3_description': CMAKE_PREFIX_PATH=${CMAKE_PREFIX_PATH}:/opt/ros/jazzy CONDA_PROMPT_MODIFIER=(base) DEBUGINFOD_URLS=https://debuginfod.ubuntu.com /usr/bin/cmake --build /home/a/zyj/fr3_welding/build/fr3_description -- -j20 -l20
[0.129s] DEBUG:colcon.colcon_core.event_handler.log_command:Invoking command in '/home/a/zyj/fr3_welding/build/fr3_weld_executing': CMAKE_PREFIX_PATH=${CMAKE_PREFIX_PATH}:/opt/ros/jazzy CONDA_PROMPT_MODIFIER=(base) DEBUGINFOD_URLS=https://debuginfod.ubuntu.com /usr/bin/cmake --build /home/a/zyj/fr3_welding/build/fr3_weld_executing -- -j20 -l20
[0.130s] DEBUG:colcon.colcon_core.event_handler.log_command:Invoking command in '/home/a/zyj/fr3_welding/build/weld_butt_seam_extracting': CMAKE_PREFIX_PATH=${CMAKE_PREFIX_PATH}:/opt/ros/jazzy CONDA_PROMPT_MODIFIER=(base) DEBUGINFOD_URLS=https://debuginfod.ubuntu.com /usr/bin/cmake /home/a/zyj/fr3_welding/weld_butt_seam_extracting -DAMENT_CMAKE_SYMLINK_INSTALL=1 -DCMAKE_INSTALL_PREFIX=/home/a/zyj/fr3_welding/install/weld_butt_seam_extracting
[0.181s] DEBUG:colcon.colcon_core.event_handler.log_command:Invoked command in '/home/a/zyj/fr3_welding/build/fr3_weld_executing' returned '0': CMAKE_PREFIX_PATH=${CMAKE_PREFIX_PATH}:/opt/ros/jazzy CONDA_PROMPT_MODIFIER=(base) DEBUGINFOD_URLS=https://debuginfod.ubuntu.com /usr/bin/cmake --build /home/a/zyj/fr3_welding/build/fr3_weld_executing -- -j20 -l20
[0.190s] DEBUG:colcon.colcon_core.event_handler.log_command:Invoking command in '/home/a/zyj/fr3_welding/build/fr3_weld_executing': CMAKE_PREFIX_PATH=${CMAKE_PREFIX_PATH}:/opt/ros/jazzy CONDA_PROMPT_MODIFIER=(base) DEBUGINFOD_URLS=https://debuginfod.ubuntu.com /usr/bin/cmake --install /home/a/zyj/fr3_welding/build/fr3_weld_executing
[0.203s] Level 1:colcon.colcon_core.environment:create_environment_scripts_only(fr3_weld_executing)
[0.204s] DEBUG:colcon.colcon_core.event_handler.log_command:Invoked command in '/home/a/zyj/fr3_welding/build/fr3_weld_executing' returned '0': CMAKE_PREFIX_PATH=${CMAKE_PREFIX_PATH}:/opt/ros/jazzy CONDA_PROMPT_MODIFIER=(base) DEBUGINFOD_URLS=https://debuginfod.ubuntu.com /usr/bin/cmake --install /home/a/zyj/fr3_welding/build/fr3_weld_executing
[0.206s] Level 1:colcon.colcon_core.environment:checking '/home/a/zyj/fr3_welding/install/fr3_weld_executing' for CMake module files
[0.206s] Level 1:colcon.colcon_core.environment:checking '/home/a/zyj/fr3_welding/install/fr3_weld_executing' for CMake config files
[0.206s] Level 1:colcon.colcon_core.shell:create_environment_hook('fr3_weld_executing', 'cmake_prefix_path')
[0.206s] INFO:colcon.colcon_core.shell:Creating environment hook '/home/a/zyj/fr3_welding/install/fr3_weld_executing/share/fr3_weld_executing/hook/cmake_prefix_path.ps1'
[0.207s] INFO:colcon.colcon_core.shell:Creating environment descriptor '/home/a/zyj/fr3_welding/install/fr3_weld_executing/share/fr3_weld_executing/hook/cmake_prefix_path.dsv'
[0.207s] INFO:colcon.colcon_core.shell:Creating environment hook '/home/a/zyj/fr3_welding/install/fr3_weld_executing/share/fr3_weld_executing/hook/cmake_prefix_path.sh'
[0.207s] Level 1:colcon.colcon_core.environment:checking '/home/a/zyj/fr3_welding/install/fr3_weld_executing/lib'
[0.207s] Level 1:colcon.colcon_core.environment:checking '/home/a/zyj/fr3_welding/install/fr3_weld_executing/bin'
[0.207s] Level 1:colcon.colcon_core.environment:checking '/home/a/zyj/fr3_welding/install/fr3_weld_executing/lib/pkgconfig/fr3_weld_executing.pc'
[0.208s] Level 1:colcon.colcon_core.environment:checking '/home/a/zyj/fr3_welding/install/fr3_weld_executing/lib/python3.12/site-packages'
[0.208s] Level 1:colcon.colcon_core.environment:checking '/home/a/zyj/fr3_welding/install/fr3_weld_executing/bin'
[0.208s] INFO:colcon.colcon_core.shell:Creating package script '/home/a/zyj/fr3_welding/install/fr3_weld_executing/share/fr3_weld_executing/package.ps1'
[0.208s] INFO:colcon.colcon_core.shell:Creating package descriptor '/home/a/zyj/fr3_welding/install/fr3_weld_executing/share/fr3_weld_executing/package.dsv'
[0.208s] INFO:colcon.colcon_core.shell:Creating package script '/home/a/zyj/fr3_welding/install/fr3_weld_executing/share/fr3_weld_executing/package.sh'
[0.209s] INFO:colcon.colcon_core.shell:Creating package script '/home/a/zyj/fr3_welding/install/fr3_weld_executing/share/fr3_weld_executing/package.bash'
[0.209s] INFO:colcon.colcon_core.shell:Creating package script '/home/a/zyj/fr3_welding/install/fr3_weld_executing/share/fr3_weld_executing/package.zsh'
[0.209s] Level 1:colcon.colcon_core.environment:create_file_with_runtime_dependencies(/home/a/zyj/fr3_welding/install/fr3_weld_executing/share/colcon-core/packages/fr3_weld_executing)
[0.210s] Level 1:colcon.colcon_core.environment:create_environment_scripts_only(fr3_weld_executing)
[0.210s] Level 1:colcon.colcon_core.environment:checking '/home/a/zyj/fr3_welding/install/fr3_weld_executing' for CMake module files
[0.210s] Level 1:colcon.colcon_core.environment:checking '/home/a/zyj/fr3_welding/install/fr3_weld_executing' for CMake config files
[0.210s] Level 1:colcon.colcon_core.shell:create_environment_hook('fr3_weld_executing', 'cmake_prefix_path')
[0.210s] INFO:colcon.colcon_core.shell:Creating environment hook '/home/a/zyj/fr3_welding/install/fr3_weld_executing/share/fr3_weld_executing/hook/cmake_prefix_path.ps1'
[0.210s] INFO:colcon.colcon_core.shell:Creating environment descriptor '/home/a/zyj/fr3_welding/install/fr3_weld_executing/share/fr3_weld_executing/hook/cmake_prefix_path.dsv'
[0.211s] INFO:colcon.colcon_core.shell:Creating environment hook '/home/a/zyj/fr3_welding/install/fr3_weld_executing/share/fr3_weld_executing/hook/cmake_prefix_path.sh'
[0.211s] Level 1:colcon.colcon_core.environment:checking '/home/a/zyj/fr3_welding/install/fr3_weld_executing/lib'
[0.211s] Level 1:colcon.colcon_core.environment:checking '/home/a/zyj/fr3_welding/install/fr3_weld_executing/bin'
[0.211s] Level 1:colcon.colcon_core.environment:checking '/home/a/zyj/fr3_welding/install/fr3_weld_executing/lib/pkgconfig/fr3_weld_executing.pc'
[0.211s] Level 1:colcon.colcon_core.environment:checking '/home/a/zyj/fr3_welding/install/fr3_weld_executing/lib/python3.12/site-packages'
[0.211s] Level 1:colcon.colcon_core.environment:checking '/home/a/zyj/fr3_welding/install/fr3_weld_executing/bin'
[0.212s] INFO:colcon.colcon_core.shell:Creating package script '/home/a/zyj/fr3_welding/install/fr3_weld_executing/share/fr3_weld_executing/package.ps1'
[0.212s] INFO:colcon.colcon_core.shell:Creating package descriptor '/home/a/zyj/fr3_welding/install/fr3_weld_executing/share/fr3_weld_executing/package.dsv'
[0.212s] INFO:colcon.colcon_core.shell:Creating package script '/home/a/zyj/fr3_welding/install/fr3_weld_executing/share/fr3_weld_executing/package.sh'
[0.212s] INFO:colcon.colcon_core.shell:Creating package script '/home/a/zyj/fr3_welding/install/fr3_weld_executing/share/fr3_weld_executing/package.bash'
[0.212s] INFO:colcon.colcon_core.shell:Creating package script '/home/a/zyj/fr3_welding/install/fr3_weld_executing/share/fr3_weld_executing/package.zsh'
[0.213s] Level 1:colcon.colcon_core.environment:create_file_with_runtime_dependencies(/home/a/zyj/fr3_welding/install/fr3_weld_executing/share/colcon-core/packages/fr3_weld_executing)
[0.342s] DEBUG:colcon.colcon_core.event_handler.log_command:Invoked command in '/home/a/zyj/fr3_welding/build/fr3_description' returned '0': CMAKE_PREFIX_PATH=${CMAKE_PREFIX_PATH}:/opt/ros/jazzy CONDA_PROMPT_MODIFIER=(base) DEBUGINFOD_URLS=https://debuginfod.ubuntu.com /usr/bin/cmake --build /home/a/zyj/fr3_welding/build/fr3_description -- -j20 -l20
[0.342s] DEBUG:colcon.colcon_core.event_handler.log_command:Invoking command in '/home/a/zyj/fr3_welding/build/fr3_description': CMAKE_PREFIX_PATH=${CMAKE_PREFIX_PATH}:/opt/ros/jazzy CONDA_PROMPT_MODIFIER=(base) DEBUGINFOD_URLS=https://debuginfod.ubuntu.com /usr/bin/cmake --install /home/a/zyj/fr3_welding/build/fr3_description
[0.359s] Level 1:colcon.colcon_core.environment:create_environment_scripts_only(fr3_description)
[0.359s] Level 1:colcon.colcon_core.environment:checking '/home/a/zyj/fr3_welding/install/fr3_description' for CMake module files
[0.360s] DEBUG:colcon.colcon_core.event_handler.log_command:Invoked command in '/home/a/zyj/fr3_welding/build/fr3_description' returned '0': CMAKE_PREFIX_PATH=${CMAKE_PREFIX_PATH}:/opt/ros/jazzy CONDA_PROMPT_MODIFIER=(base) DEBUGINFOD_URLS=https://debuginfod.ubuntu.com /usr/bin/cmake --install /home/a/zyj/fr3_welding/build/fr3_description
[0.360s] Level 1:colcon.colcon_core.environment:checking '/home/a/zyj/fr3_welding/install/fr3_description' for CMake config files
[0.360s] Level 1:colcon.colcon_core.shell:create_environment_hook('fr3_description', 'cmake_prefix_path')
[0.360s] INFO:colcon.colcon_core.shell:Creating environment hook '/home/a/zyj/fr3_welding/install/fr3_description/share/fr3_description/hook/cmake_prefix_path.ps1'
[0.361s] INFO:colcon.colcon_core.shell:Creating environment descriptor '/home/a/zyj/fr3_welding/install/fr3_description/share/fr3_description/hook/cmake_prefix_path.dsv'
[0.361s] INFO:colcon.colcon_core.shell:Creating environment hook '/home/a/zyj/fr3_welding/install/fr3_description/share/fr3_description/hook/cmake_prefix_path.sh'
[0.361s] Level 1:colcon.colcon_core.environment:checking '/home/a/zyj/fr3_welding/install/fr3_description/bin'
[0.361s] Level 1:colcon.colcon_core.environment:checking '/home/a/zyj/fr3_welding/install/fr3_description/lib/pkgconfig/fr3_description.pc'
[0.362s] Level 1:colcon.colcon_core.environment:checking '/home/a/zyj/fr3_welding/install/fr3_description/lib/python3.12/site-packages'
[0.362s] Level 1:colcon.colcon_core.environment:checking '/home/a/zyj/fr3_welding/install/fr3_description/bin'
[0.362s] INFO:colcon.colcon_core.shell:Creating package script '/home/a/zyj/fr3_welding/install/fr3_description/share/fr3_description/package.ps1'
[0.362s] INFO:colcon.colcon_core.shell:Creating package descriptor '/home/a/zyj/fr3_welding/install/fr3_description/share/fr3_description/package.dsv'
[0.363s] INFO:colcon.colcon_core.shell:Creating package script '/home/a/zyj/fr3_welding/install/fr3_description/share/fr3_description/package.sh'
[0.363s] INFO:colcon.colcon_core.shell:Creating package script '/home/a/zyj/fr3_welding/install/fr3_description/share/fr3_description/package.bash'
[0.363s] INFO:colcon.colcon_core.shell:Creating package script '/home/a/zyj/fr3_welding/install/fr3_description/share/fr3_description/package.zsh'
[0.363s] Level 1:colcon.colcon_core.environment:create_file_with_runtime_dependencies(/home/a/zyj/fr3_welding/install/fr3_description/share/colcon-core/packages/fr3_description)
[0.363s] Level 1:colcon.colcon_core.environment:create_environment_scripts_only(fr3_description)
[0.363s] Level 1:colcon.colcon_core.environment:checking '/home/a/zyj/fr3_welding/install/fr3_description' for CMake module files
[0.364s] Level 1:colcon.colcon_core.environment:checking '/home/a/zyj/fr3_welding/install/fr3_description' for CMake config files
[0.364s] Level 1:colcon.colcon_core.shell:create_environment_hook('fr3_description', 'cmake_prefix_path')
[0.364s] INFO:colcon.colcon_core.shell:Creating environment hook '/home/a/zyj/fr3_welding/install/fr3_description/share/fr3_description/hook/cmake_prefix_path.ps1'
[0.364s] INFO:colcon.colcon_core.shell:Creating environment descriptor '/home/a/zyj/fr3_welding/install/fr3_description/share/fr3_description/hook/cmake_prefix_path.dsv'
[0.364s] INFO:colcon.colcon_core.shell:Creating environment hook '/home/a/zyj/fr3_welding/install/fr3_description/share/fr3_description/hook/cmake_prefix_path.sh'
[0.364s] Level 1:colcon.colcon_core.environment:checking '/home/a/zyj/fr3_welding/install/fr3_description/bin'
[0.364s] Level 1:colcon.colcon_core.environment:checking '/home/a/zyj/fr3_welding/install/fr3_description/lib/pkgconfig/fr3_description.pc'
[0.364s] Level 1:colcon.colcon_core.environment:checking '/home/a/zyj/fr3_welding/install/fr3_description/lib/python3.12/site-packages'
[0.365s] Level 1:colcon.colcon_core.environment:checking '/home/a/zyj/fr3_welding/install/fr3_description/bin'
[0.365s] INFO:colcon.colcon_core.shell:Creating package script '/home/a/zyj/fr3_welding/install/fr3_description/share/fr3_description/package.ps1'
[0.365s] INFO:colcon.colcon_core.shell:Creating package descriptor '/home/a/zyj/fr3_welding/install/fr3_description/share/fr3_description/package.dsv'
[0.365s] INFO:colcon.colcon_core.shell:Creating package script '/home/a/zyj/fr3_welding/install/fr3_description/share/fr3_description/package.sh'
[0.365s] INFO:colcon.colcon_core.shell:Creating package script '/home/a/zyj/fr3_welding/install/fr3_description/share/fr3_description/package.bash'
[0.365s] INFO:colcon.colcon_core.shell:Creating package script '/home/a/zyj/fr3_welding/install/fr3_description/share/fr3_description/package.zsh'
[0.365s] Level 1:colcon.colcon_core.environment:create_file_with_runtime_dependencies(/home/a/zyj/fr3_welding/install/fr3_description/share/colcon-core/packages/fr3_description)
[0.366s] INFO:colcon.colcon_ros.task.ament_cmake.build:Building ROS package in '/home/a/zyj/fr3_welding/fr3_bringup' with build type 'ament_cmake'
[0.366s] INFO:colcon.colcon_cmake.task.cmake.build:Building CMake package in '/home/a/zyj/fr3_welding/fr3_bringup'
[0.366s] INFO:colcon.colcon_core.shell:Skip shell extension 'powershell' for command environment: Not usable outside of PowerShell
[0.366s] DEBUG:colcon.colcon_core.shell:Skip shell extension 'dsv' for command environment
[0.368s] INFO:colcon.colcon_ros.task.ament_cmake.build:Building ROS package in '/home/a/zyj/fr3_welding/fr3_weld_moveit2_config' with build type 'ament_cmake'
[0.368s] INFO:colcon.colcon_cmake.task.cmake.build:Building CMake package in '/home/a/zyj/fr3_welding/fr3_weld_moveit2_config'
[0.368s] INFO:colcon.colcon_core.shell:Skip shell extension 'powershell' for command environment: Not usable outside of PowerShell
[0.368s] DEBUG:colcon.colcon_core.shell:Skip shell extension 'dsv' for command environment
[0.371s] DEBUG:colcon.colcon_core.event_handler.log_command:Invoking command in '/home/a/zyj/fr3_welding/build/fr3_bringup': AMENT_PREFIX_PATH=/home/a/zyj/fr3_welding/install/fr3_description:${AMENT_PREFIX_PATH} CMAKE_PREFIX_PATH=/home/a/zyj/fr3_welding/install/fr3_description:/opt/ros/jazzy/opt/gz_sim_vendor:/opt/ros/jazzy/opt/gz_sensors_vendor:/opt/ros/jazzy/opt/gz_physics_vendor:/opt/ros/jazzy/opt/sdformat_vendor:/opt/ros/jazzy/opt/gz_gui_vendor:/opt/ros/jazzy/opt/gz_transport_vendor:/opt/ros/jazzy/opt/gz_rendering_vendor:/opt/ros/jazzy/opt/gz_plugin_vendor:/opt/ros/jazzy/opt/gz_fuel_tools_vendor:/opt/ros/jazzy/opt/gz_msgs_vendor:/opt/ros/jazzy/opt/gz_common_vendor:/opt/ros/jazzy/opt/gz_math_vendor:/opt/ros/jazzy/opt/gz_utils_vendor:/opt/ros/jazzy/opt/gz_tools_vendor:/opt/ros/jazzy/opt/gz_ogre_next_vendor:/opt/ros/jazzy/opt/gz_dartsim_vendor:/opt/ros/jazzy/opt/gz_cmake_vendor:/opt/ros/jazzy CONDA_PROMPT_MODIFIER=(base) DEBUGINFOD_URLS=https://debuginfod.ubuntu.com /usr/bin/cmake --build /home/a/zyj/fr3_welding/build/fr3_bringup -- -j20 -l20
[0.373s] DEBUG:colcon.colcon_core.event_handler.log_command:Invoking command in '/home/a/zyj/fr3_welding/build/fr3_weld_moveit2_config': AMENT_PREFIX_PATH=/home/a/zyj/fr3_welding/install/fr3_description:${AMENT_PREFIX_PATH} CMAKE_PREFIX_PATH=/home/a/zyj/fr3_welding/install/fr3_description:/opt/ros/jazzy/opt/gz_sim_vendor:/opt/ros/jazzy/opt/gz_sensors_vendor:/opt/ros/jazzy/opt/gz_physics_vendor:/opt/ros/jazzy/opt/sdformat_vendor:/opt/ros/jazzy/opt/gz_gui_vendor:/opt/ros/jazzy/opt/gz_transport_vendor:/opt/ros/jazzy/opt/gz_rendering_vendor:/opt/ros/jazzy/opt/gz_plugin_vendor:/opt/ros/jazzy/opt/gz_fuel_tools_vendor:/opt/ros/jazzy/opt/gz_msgs_vendor:/opt/ros/jazzy/opt/gz_common_vendor:/opt/ros/jazzy/opt/gz_math_vendor:/opt/ros/jazzy/opt/gz_utils_vendor:/opt/ros/jazzy/opt/gz_tools_vendor:/opt/ros/jazzy/opt/gz_ogre_next_vendor:/opt/ros/jazzy/opt/gz_dartsim_vendor:/opt/ros/jazzy/opt/gz_cmake_vendor:/opt/ros/jazzy CONDA_PROMPT_MODIFIER=(base) DEBUGINFOD_URLS=https://debuginfod.ubuntu.com /usr/bin/cmake --build /home/a/zyj/fr3_welding/build/fr3_weld_moveit2_config -- -j20 -l20
[0.396s] DEBUG:colcon.colcon_core.event_handler.log_command:Invoked command in '/home/a/zyj/fr3_welding/build/fr3_weld_moveit2_config' returned '0': AMENT_PREFIX_PATH=/home/a/zyj/fr3_welding/install/fr3_description:${AMENT_PREFIX_PATH} CMAKE_PREFIX_PATH=/home/a/zyj/fr3_welding/install/fr3_description:/opt/ros/jazzy/opt/gz_sim_vendor:/opt/ros/jazzy/opt/gz_sensors_vendor:/opt/ros/jazzy/opt/gz_physics_vendor:/opt/ros/jazzy/opt/sdformat_vendor:/opt/ros/jazzy/opt/gz_gui_vendor:/opt/ros/jazzy/opt/gz_transport_vendor:/opt/ros/jazzy/opt/gz_rendering_vendor:/opt/ros/jazzy/opt/gz_plugin_vendor:/opt/ros/jazzy/opt/gz_fuel_tools_vendor:/opt/ros/jazzy/opt/gz_msgs_vendor:/opt/ros/jazzy/opt/gz_common_vendor:/opt/ros/jazzy/opt/gz_math_vendor:/opt/ros/jazzy/opt/gz_utils_vendor:/opt/ros/jazzy/opt/gz_tools_vendor:/opt/ros/jazzy/opt/gz_ogre_next_vendor:/opt/ros/jazzy/opt/gz_dartsim_vendor:/opt/ros/jazzy/opt/gz_cmake_vendor:/opt/ros/jazzy CONDA_PROMPT_MODIFIER=(base) DEBUGINFOD_URLS=https://debuginfod.ubuntu.com /usr/bin/cmake --build /home/a/zyj/fr3_welding/build/fr3_weld_moveit2_config -- -j20 -l20
[0.397s] DEBUG:colcon.colcon_core.event_handler.log_command:Invoking command in '/home/a/zyj/fr3_welding/build/fr3_weld_moveit2_config': AMENT_PREFIX_PATH=/home/a/zyj/fr3_welding/install/fr3_description:${AMENT_PREFIX_PATH} CMAKE_PREFIX_PATH=/home/a/zyj/fr3_welding/install/fr3_description:/opt/ros/jazzy/opt/gz_sim_vendor:/opt/ros/jazzy/opt/gz_sensors_vendor:/opt/ros/jazzy/opt/gz_physics_vendor:/opt/ros/jazzy/opt/sdformat_vendor:/opt/ros/jazzy/opt/gz_gui_vendor:/opt/ros/jazzy/opt/gz_transport_vendor:/opt/ros/jazzy/opt/gz_rendering_vendor:/opt/ros/jazzy/opt/gz_plugin_vendor:/opt/ros/jazzy/opt/gz_fuel_tools_vendor:/opt/ros/jazzy/opt/gz_msgs_vendor:/opt/ros/jazzy/opt/gz_common_vendor:/opt/ros/jazzy/opt/gz_math_vendor:/opt/ros/jazzy/opt/gz_utils_vendor:/opt/ros/jazzy/opt/gz_tools_vendor:/opt/ros/jazzy/opt/gz_ogre_next_vendor:/opt/ros/jazzy/opt/gz_dartsim_vendor:/opt/ros/jazzy/opt/gz_cmake_vendor:/opt/ros/jazzy CONDA_PROMPT_MODIFIER=(base) DEBUGINFOD_URLS=https://debuginfod.ubuntu.com /usr/bin/cmake --install /home/a/zyj/fr3_welding/build/fr3_weld_moveit2_config
[0.398s] DEBUG:colcon.colcon_core.event_handler.log_command:Invoked command in '/home/a/zyj/fr3_welding/build/fr3_bringup' returned '0': AMENT_PREFIX_PATH=/home/a/zyj/fr3_welding/install/fr3_description:${AMENT_PREFIX_PATH} CMAKE_PREFIX_PATH=/home/a/zyj/fr3_welding/install/fr3_description:/opt/ros/jazzy/opt/gz_sim_vendor:/opt/ros/jazzy/opt/gz_sensors_vendor:/opt/ros/jazzy/opt/gz_physics_vendor:/opt/ros/jazzy/opt/sdformat_vendor:/opt/ros/jazzy/opt/gz_gui_vendor:/opt/ros/jazzy/opt/gz_transport_vendor:/opt/ros/jazzy/opt/gz_rendering_vendor:/opt/ros/jazzy/opt/gz_plugin_vendor:/opt/ros/jazzy/opt/gz_fuel_tools_vendor:/opt/ros/jazzy/opt/gz_msgs_vendor:/opt/ros/jazzy/opt/gz_common_vendor:/opt/ros/jazzy/opt/gz_math_vendor:/opt/ros/jazzy/opt/gz_utils_vendor:/opt/ros/jazzy/opt/gz_tools_vendor:/opt/ros/jazzy/opt/gz_ogre_next_vendor:/opt/ros/jazzy/opt/gz_dartsim_vendor:/opt/ros/jazzy/opt/gz_cmake_vendor:/opt/ros/jazzy CONDA_PROMPT_MODIFIER=(base) DEBUGINFOD_URLS=https://debuginfod.ubuntu.com /usr/bin/cmake --build /home/a/zyj/fr3_welding/build/fr3_bringup -- -j20 -l20
[0.399s] DEBUG:colcon.colcon_core.event_handler.log_command:Invoking command in '/home/a/zyj/fr3_welding/build/fr3_bringup': AMENT_PREFIX_PATH=/home/a/zyj/fr3_welding/install/fr3_description:${AMENT_PREFIX_PATH} CMAKE_PREFIX_PATH=/home/a/zyj/fr3_welding/install/fr3_description:/opt/ros/jazzy/opt/gz_sim_vendor:/opt/ros/jazzy/opt/gz_sensors_vendor:/opt/ros/jazzy/opt/gz_physics_vendor:/opt/ros/jazzy/opt/sdformat_vendor:/opt/ros/jazzy/opt/gz_gui_vendor:/opt/ros/jazzy/opt/gz_transport_vendor:/opt/ros/jazzy/opt/gz_rendering_vendor:/opt/ros/jazzy/opt/gz_plugin_vendor:/opt/ros/jazzy/opt/gz_fuel_tools_vendor:/opt/ros/jazzy/opt/gz_msgs_vendor:/opt/ros/jazzy/opt/gz_common_vendor:/opt/ros/jazzy/opt/gz_math_vendor:/opt/ros/jazzy/opt/gz_utils_vendor:/opt/ros/jazzy/opt/gz_tools_vendor:/opt/ros/jazzy/opt/gz_ogre_next_vendor:/opt/ros/jazzy/opt/gz_dartsim_vendor:/opt/ros/jazzy/opt/gz_cmake_vendor:/opt/ros/jazzy CONDA_PROMPT_MODIFIER=(base) DEBUGINFOD_URLS=https://debuginfod.ubuntu.com /usr/bin/cmake --install /home/a/zyj/fr3_welding/build/fr3_bringup
[0.410s] Level 1:colcon.colcon_core.environment:create_environment_scripts_only(fr3_weld_moveit2_config)
[0.411s] Level 1:colcon.colcon_core.environment:checking '/home/a/zyj/fr3_welding/install/fr3_weld_moveit2_config' for CMake module files
[0.411s] DEBUG:colcon.colcon_core.event_handler.log_command:Invoked command in '/home/a/zyj/fr3_welding/build/fr3_weld_moveit2_config' returned '0': AMENT_PREFIX_PATH=/home/a/zyj/fr3_welding/install/fr3_description:${AMENT_PREFIX_PATH} CMAKE_PREFIX_PATH=/home/a/zyj/fr3_welding/install/fr3_description:/opt/ros/jazzy/opt/gz_sim_vendor:/opt/ros/jazzy/opt/gz_sensors_vendor:/opt/ros/jazzy/opt/gz_physics_vendor:/opt/ros/jazzy/opt/sdformat_vendor:/opt/ros/jazzy/opt/gz_gui_vendor:/opt/ros/jazzy/opt/gz_transport_vendor:/opt/ros/jazzy/opt/gz_rendering_vendor:/opt/ros/jazzy/opt/gz_plugin_vendor:/opt/ros/jazzy/opt/gz_fuel_tools_vendor:/opt/ros/jazzy/opt/gz_msgs_vendor:/opt/ros/jazzy/opt/gz_common_vendor:/opt/ros/jazzy/opt/gz_math_vendor:/opt/ros/jazzy/opt/gz_utils_vendor:/opt/ros/jazzy/opt/gz_tools_vendor:/opt/ros/jazzy/opt/gz_ogre_next_vendor:/opt/ros/jazzy/opt/gz_dartsim_vendor:/opt/ros/jazzy/opt/gz_cmake_vendor:/opt/ros/jazzy CONDA_PROMPT_MODIFIER=(base) DEBUGINFOD_URLS=https://debuginfod.ubuntu.com /usr/bin/cmake --install /home/a/zyj/fr3_welding/build/fr3_weld_moveit2_config
[0.412s] Level 1:colcon.colcon_core.environment:checking '/home/a/zyj/fr3_welding/install/fr3_weld_moveit2_config' for CMake config files
[0.412s] Level 1:colcon.colcon_core.shell:create_environment_hook('fr3_weld_moveit2_config', 'cmake_prefix_path')
[0.412s] INFO:colcon.colcon_core.shell:Creating environment hook '/home/a/zyj/fr3_welding/install/fr3_weld_moveit2_config/share/fr3_weld_moveit2_config/hook/cmake_prefix_path.ps1'
[0.412s] INFO:colcon.colcon_core.shell:Creating environment descriptor '/home/a/zyj/fr3_welding/install/fr3_weld_moveit2_config/share/fr3_weld_moveit2_config/hook/cmake_prefix_path.dsv'
[0.413s] INFO:colcon.colcon_core.shell:Creating environment hook '/home/a/zyj/fr3_welding/install/fr3_weld_moveit2_config/share/fr3_weld_moveit2_config/hook/cmake_prefix_path.sh'
[0.413s] Level 1:colcon.colcon_core.environment:checking '/home/a/zyj/fr3_welding/install/fr3_weld_moveit2_config/bin'
[0.413s] Level 1:colcon.colcon_core.environment:checking '/home/a/zyj/fr3_welding/install/fr3_weld_moveit2_config/lib/pkgconfig/fr3_weld_moveit2_config.pc'
[0.413s] Level 1:colcon.colcon_core.environment:checking '/home/a/zyj/fr3_welding/install/fr3_weld_moveit2_config/lib/python3.12/site-packages'
[0.414s] Level 1:colcon.colcon_core.environment:checking '/home/a/zyj/fr3_welding/install/fr3_weld_moveit2_config/bin'
[0.414s] INFO:colcon.colcon_core.shell:Creating package script '/home/a/zyj/fr3_welding/install/fr3_weld_moveit2_config/share/fr3_weld_moveit2_config/package.ps1'
[0.414s] INFO:colcon.colcon_core.shell:Creating package descriptor '/home/a/zyj/fr3_welding/install/fr3_weld_moveit2_config/share/fr3_weld_moveit2_config/package.dsv'
[0.414s] INFO:colcon.colcon_core.shell:Creating package script '/home/a/zyj/fr3_welding/install/fr3_weld_moveit2_config/share/fr3_weld_moveit2_config/package.sh'
[0.415s] INFO:colcon.colcon_core.shell:Creating package script '/home/a/zyj/fr3_welding/install/fr3_weld_moveit2_config/share/fr3_weld_moveit2_config/package.bash'
[0.415s] INFO:colcon.colcon_core.shell:Creating package script '/home/a/zyj/fr3_welding/install/fr3_weld_moveit2_config/share/fr3_weld_moveit2_config/package.zsh'
[0.415s] Level 1:colcon.colcon_core.environment:create_file_with_runtime_dependencies(/home/a/zyj/fr3_welding/install/fr3_weld_moveit2_config/share/colcon-core/packages/fr3_weld_moveit2_config)
[0.416s] Level 1:colcon.colcon_core.environment:create_environment_scripts_only(fr3_weld_moveit2_config)
[0.416s] Level 1:colcon.colcon_core.environment:checking '/home/a/zyj/fr3_welding/install/fr3_weld_moveit2_config' for CMake module files
[0.416s] Level 1:colcon.colcon_core.environment:checking '/home/a/zyj/fr3_welding/install/fr3_weld_moveit2_config' for CMake config files
[0.416s] Level 1:colcon.colcon_core.shell:create_environment_hook('fr3_weld_moveit2_config', 'cmake_prefix_path')
[0.416s] INFO:colcon.colcon_core.shell:Creating environment hook '/home/a/zyj/fr3_welding/install/fr3_weld_moveit2_config/share/fr3_weld_moveit2_config/hook/cmake_prefix_path.ps1'
[0.417s] INFO:colcon.colcon_core.shell:Creating environment descriptor '/home/a/zyj/fr3_welding/install/fr3_weld_moveit2_config/share/fr3_weld_moveit2_config/hook/cmake_prefix_path.dsv'
[0.417s] INFO:colcon.colcon_core.shell:Creating environment hook '/home/a/zyj/fr3_welding/install/fr3_weld_moveit2_config/share/fr3_weld_moveit2_config/hook/cmake_prefix_path.sh'
[0.417s] Level 1:colcon.colcon_core.environment:checking '/home/a/zyj/fr3_welding/install/fr3_weld_moveit2_config/bin'
[0.417s] Level 1:colcon.colcon_core.environment:checking '/home/a/zyj/fr3_welding/install/fr3_weld_moveit2_config/lib/pkgconfig/fr3_weld_moveit2_config.pc'
[0.417s] Level 1:colcon.colcon_core.environment:checking '/home/a/zyj/fr3_welding/install/fr3_weld_moveit2_config/lib/python3.12/site-packages'
[0.418s] Level 1:colcon.colcon_core.environment:checking '/home/a/zyj/fr3_welding/install/fr3_weld_moveit2_config/bin'
[0.418s] INFO:colcon.colcon_core.shell:Creating package script '/home/a/zyj/fr3_welding/install/fr3_weld_moveit2_config/share/fr3_weld_moveit2_config/package.ps1'
[0.418s] INFO:colcon.colcon_core.shell:Creating package descriptor '/home/a/zyj/fr3_welding/install/fr3_weld_moveit2_config/share/fr3_weld_moveit2_config/package.dsv'
[0.418s] INFO:colcon.colcon_core.shell:Creating package script '/home/a/zyj/fr3_welding/install/fr3_weld_moveit2_config/share/fr3_weld_moveit2_config/package.sh'
[0.418s] INFO:colcon.colcon_core.shell:Creating package script '/home/a/zyj/fr3_welding/install/fr3_weld_moveit2_config/share/fr3_weld_moveit2_config/package.bash'
[0.419s] INFO:colcon.colcon_core.shell:Creating package script '/home/a/zyj/fr3_welding/install/fr3_weld_moveit2_config/share/fr3_weld_moveit2_config/package.zsh'
[0.419s] Level 1:colcon.colcon_core.environment:create_file_with_runtime_dependencies(/home/a/zyj/fr3_welding/install/fr3_weld_moveit2_config/share/colcon-core/packages/fr3_weld_moveit2_config)
[0.419s] Level 1:colcon.colcon_core.environment:create_environment_scripts_only(fr3_bringup)
[0.419s] Level 1:colcon.colcon_core.environment:checking '/home/a/zyj/fr3_welding/install/fr3_bringup' for CMake module files
[0.420s] DEBUG:colcon.colcon_core.event_handler.log_command:Invoked command in '/home/a/zyj/fr3_welding/build/fr3_bringup' returned '0': AMENT_PREFIX_PATH=/home/a/zyj/fr3_welding/install/fr3_description:${AMENT_PREFIX_PATH} CMAKE_PREFIX_PATH=/home/a/zyj/fr3_welding/install/fr3_description:/opt/ros/jazzy/opt/gz_sim_vendor:/opt/ros/jazzy/opt/gz_sensors_vendor:/opt/ros/jazzy/opt/gz_physics_vendor:/opt/ros/jazzy/opt/sdformat_vendor:/opt/ros/jazzy/opt/gz_gui_vendor:/opt/ros/jazzy/opt/gz_transport_vendor:/opt/ros/jazzy/opt/gz_rendering_vendor:/opt/ros/jazzy/opt/gz_plugin_vendor:/opt/ros/jazzy/opt/gz_fuel_tools_vendor:/opt/ros/jazzy/opt/gz_msgs_vendor:/opt/ros/jazzy/opt/gz_common_vendor:/opt/ros/jazzy/opt/gz_math_vendor:/opt/ros/jazzy/opt/gz_utils_vendor:/opt/ros/jazzy/opt/gz_tools_vendor:/opt/ros/jazzy/opt/gz_ogre_next_vendor:/opt/ros/jazzy/opt/gz_dartsim_vendor:/opt/ros/jazzy/opt/gz_cmake_vendor:/opt/ros/jazzy CONDA_PROMPT_MODIFIER=(base) DEBUGINFOD_URLS=https://debuginfod.ubuntu.com /usr/bin/cmake --install /home/a/zyj/fr3_welding/build/fr3_bringup
[0.420s] Level 1:colcon.colcon_core.environment:checking '/home/a/zyj/fr3_welding/install/fr3_bringup' for CMake config files
[0.420s] Level 1:colcon.colcon_core.shell:create_environment_hook('fr3_bringup', 'cmake_prefix_path')
[0.420s] INFO:colcon.colcon_core.shell:Creating environment hook '/home/a/zyj/fr3_welding/install/fr3_bringup/share/fr3_bringup/hook/cmake_prefix_path.ps1'
[0.420s] INFO:colcon.colcon_core.shell:Creating environment descriptor '/home/a/zyj/fr3_welding/install/fr3_bringup/share/fr3_bringup/hook/cmake_prefix_path.dsv'
[0.420s] INFO:colcon.colcon_core.shell:Creating environment hook '/home/a/zyj/fr3_welding/install/fr3_bringup/share/fr3_bringup/hook/cmake_prefix_path.sh'
[0.421s] Level 1:colcon.colcon_core.environment:checking '/home/a/zyj/fr3_welding/install/fr3_bringup/bin'
[0.421s] Level 1:colcon.colcon_core.environment:checking '/home/a/zyj/fr3_welding/install/fr3_bringup/lib/pkgconfig/fr3_bringup.pc'
[0.421s] Level 1:colcon.colcon_core.environment:checking '/home/a/zyj/fr3_welding/install/fr3_bringup/lib/python3.12/site-packages'
[0.421s] Level 1:colcon.colcon_core.environment:checking '/home/a/zyj/fr3_welding/install/fr3_bringup/bin'
[0.421s] INFO:colcon.colcon_core.shell:Creating package script '/home/a/zyj/fr3_welding/install/fr3_bringup/share/fr3_bringup/package.ps1'
[0.421s] INFO:colcon.colcon_core.shell:Creating package descriptor '/home/a/zyj/fr3_welding/install/fr3_bringup/share/fr3_bringup/package.dsv'
[0.422s] INFO:colcon.colcon_core.shell:Creating package script '/home/a/zyj/fr3_welding/install/fr3_bringup/share/fr3_bringup/package.sh'
[0.422s] INFO:colcon.colcon_core.shell:Creating package script '/home/a/zyj/fr3_welding/install/fr3_bringup/share/fr3_bringup/package.bash'
[0.422s] INFO:colcon.colcon_core.shell:Creating package script '/home/a/zyj/fr3_welding/install/fr3_bringup/share/fr3_bringup/package.zsh'
[0.422s] Level 1:colcon.colcon_core.environment:create_file_with_runtime_dependencies(/home/a/zyj/fr3_welding/install/fr3_bringup/share/colcon-core/packages/fr3_bringup)
[0.422s] Level 1:colcon.colcon_core.environment:create_environment_scripts_only(fr3_bringup)
[0.422s] Level 1:colcon.colcon_core.environment:checking '/home/a/zyj/fr3_welding/install/fr3_bringup' for CMake module files
[0.423s] Level 1:colcon.colcon_core.environment:checking '/home/a/zyj/fr3_welding/install/fr3_bringup' for CMake config files
[0.423s] Level 1:colcon.colcon_core.shell:create_environment_hook('fr3_bringup', 'cmake_prefix_path')
[0.423s] INFO:colcon.colcon_core.shell:Creating environment hook '/home/a/zyj/fr3_welding/install/fr3_bringup/share/fr3_bringup/hook/cmake_prefix_path.ps1'
[0.423s] INFO:colcon.colcon_core.shell:Creating environment descriptor '/home/a/zyj/fr3_welding/install/fr3_bringup/share/fr3_bringup/hook/cmake_prefix_path.dsv'
[0.423s] INFO:colcon.colcon_core.shell:Creating environment hook '/home/a/zyj/fr3_welding/install/fr3_bringup/share/fr3_bringup/hook/cmake_prefix_path.sh'
[0.423s] Level 1:colcon.colcon_core.environment:checking '/home/a/zyj/fr3_welding/install/fr3_bringup/bin'
[0.423s] Level 1:colcon.colcon_core.environment:checking '/home/a/zyj/fr3_welding/install/fr3_bringup/lib/pkgconfig/fr3_bringup.pc'
[0.424s] Level 1:colcon.colcon_core.environment:checking '/home/a/zyj/fr3_welding/install/fr3_bringup/lib/python3.12/site-packages'
[0.424s] Level 1:colcon.colcon_core.environment:checking '/home/a/zyj/fr3_welding/install/fr3_bringup/bin'
[0.424s] INFO:colcon.colcon_core.shell:Creating package script '/home/a/zyj/fr3_welding/install/fr3_bringup/share/fr3_bringup/package.ps1'
[0.424s] INFO:colcon.colcon_core.shell:Creating package descriptor '/home/a/zyj/fr3_welding/install/fr3_bringup/share/fr3_bringup/package.dsv'
[0.424s] INFO:colcon.colcon_core.shell:Creating package script '/home/a/zyj/fr3_welding/install/fr3_bringup/share/fr3_bringup/package.sh'
[0.425s] INFO:colcon.colcon_core.shell:Creating package script '/home/a/zyj/fr3_welding/install/fr3_bringup/share/fr3_bringup/package.bash'
[0.425s] INFO:colcon.colcon_core.shell:Creating package script '/home/a/zyj/fr3_welding/install/fr3_bringup/share/fr3_bringup/package.zsh'
[0.425s] Level 1:colcon.colcon_core.environment:create_file_with_runtime_dependencies(/home/a/zyj/fr3_welding/install/fr3_bringup/share/colcon-core/packages/fr3_bringup)
[1.993s] DEBUG:colcon.colcon_core.event_handler.log_command:Invoked command in '/home/a/zyj/fr3_welding/build/weld_butt_seam_extracting' returned '0': CMAKE_PREFIX_PATH=${CMAKE_PREFIX_PATH}:/opt/ros/jazzy CONDA_PROMPT_MODIFIER=(base) DEBUGINFOD_URLS=https://debuginfod.ubuntu.com /usr/bin/cmake /home/a/zyj/fr3_welding/weld_butt_seam_extracting -DAMENT_CMAKE_SYMLINK_INSTALL=1 -DCMAKE_INSTALL_PREFIX=/home/a/zyj/fr3_welding/install/weld_butt_seam_extracting
[1.994s] DEBUG:colcon.colcon_core.event_handler.log_command:Invoking command in '/home/a/zyj/fr3_welding/build/weld_butt_seam_extracting': CMAKE_PREFIX_PATH=${CMAKE_PREFIX_PATH}:/opt/ros/jazzy CONDA_PROMPT_MODIFIER=(base) DEBUGINFOD_URLS=https://debuginfod.ubuntu.com /usr/bin/cmake --build /home/a/zyj/fr3_welding/build/weld_butt_seam_extracting -- -j20 -l20
[2.142s] DEBUG:colcon.colcon_core.event_handler.log_command:Invoked command in '/home/a/zyj/fr3_welding/build/weld_butt_seam_extracting' returned '0': CMAKE_PREFIX_PATH=${CMAKE_PREFIX_PATH}:/opt/ros/jazzy CONDA_PROMPT_MODIFIER=(base) DEBUGINFOD_URLS=https://debuginfod.ubuntu.com /usr/bin/cmake --build /home/a/zyj/fr3_welding/build/weld_butt_seam_extracting -- -j20 -l20
[2.142s] DEBUG:colcon.colcon_core.event_handler.log_command:Invoking command in '/home/a/zyj/fr3_welding/build/weld_butt_seam_extracting': CMAKE_PREFIX_PATH=${CMAKE_PREFIX_PATH}:/opt/ros/jazzy CONDA_PROMPT_MODIFIER=(base) DEBUGINFOD_URLS=https://debuginfod.ubuntu.com /usr/bin/cmake --install /home/a/zyj/fr3_welding/build/weld_butt_seam_extracting
[2.154s] Level 1:colcon.colcon_core.environment:create_environment_scripts_only(weld_butt_seam_extracting)
[2.154s] Level 1:colcon.colcon_core.environment:checking '/home/a/zyj/fr3_welding/install/weld_butt_seam_extracting' for CMake module files
[2.154s] DEBUG:colcon.colcon_core.event_handler.log_command:Invoked command in '/home/a/zyj/fr3_welding/build/weld_butt_seam_extracting' returned '0': CMAKE_PREFIX_PATH=${CMAKE_PREFIX_PATH}:/opt/ros/jazzy CONDA_PROMPT_MODIFIER=(base) DEBUGINFOD_URLS=https://debuginfod.ubuntu.com /usr/bin/cmake --install /home/a/zyj/fr3_welding/build/weld_butt_seam_extracting
[2.154s] Level 1:colcon.colcon_core.environment:checking '/home/a/zyj/fr3_welding/install/weld_butt_seam_extracting' for CMake config files
[2.155s] Level 1:colcon.colcon_core.shell:create_environment_hook('weld_butt_seam_extracting', 'cmake_prefix_path')
[2.155s] INFO:colcon.colcon_core.shell:Creating environment hook '/home/a/zyj/fr3_welding/install/weld_butt_seam_extracting/share/weld_butt_seam_extracting/hook/cmake_prefix_path.ps1'
[2.155s] INFO:colcon.colcon_core.shell:Creating environment descriptor '/home/a/zyj/fr3_welding/install/weld_butt_seam_extracting/share/weld_butt_seam_extracting/hook/cmake_prefix_path.dsv'
[2.155s] INFO:colcon.colcon_core.shell:Creating environment hook '/home/a/zyj/fr3_welding/install/weld_butt_seam_extracting/share/weld_butt_seam_extracting/hook/cmake_prefix_path.sh'
[2.156s] Level 1:colcon.colcon_core.environment:checking '/home/a/zyj/fr3_welding/install/weld_butt_seam_extracting/lib'
[2.156s] Level 1:colcon.colcon_core.environment:checking '/home/a/zyj/fr3_welding/install/weld_butt_seam_extracting/bin'
[2.156s] Level 1:colcon.colcon_core.environment:checking '/home/a/zyj/fr3_welding/install/weld_butt_seam_extracting/lib/pkgconfig/weld_butt_seam_extracting.pc'
[2.156s] Level 1:colcon.colcon_core.environment:checking '/home/a/zyj/fr3_welding/install/weld_butt_seam_extracting/lib/python3.12/site-packages'
[2.157s] Level 1:colcon.colcon_core.environment:checking '/home/a/zyj/fr3_welding/install/weld_butt_seam_extracting/bin'
[2.157s] INFO:colcon.colcon_core.shell:Creating package script '/home/a/zyj/fr3_welding/install/weld_butt_seam_extracting/share/weld_butt_seam_extracting/package.ps1'
[2.157s] INFO:colcon.colcon_core.shell:Creating package descriptor '/home/a/zyj/fr3_welding/install/weld_butt_seam_extracting/share/weld_butt_seam_extracting/package.dsv'
[2.157s] INFO:colcon.colcon_core.shell:Creating package script '/home/a/zyj/fr3_welding/install/weld_butt_seam_extracting/share/weld_butt_seam_extracting/package.sh'
[2.158s] INFO:colcon.colcon_core.shell:Creating package script '/home/a/zyj/fr3_welding/install/weld_butt_seam_extracting/share/weld_butt_seam_extracting/package.bash'
[2.158s] INFO:colcon.colcon_core.shell:Creating package script '/home/a/zyj/fr3_welding/install/weld_butt_seam_extracting/share/weld_butt_seam_extracting/package.zsh'
[2.158s] Level 1:colcon.colcon_core.environment:create_file_with_runtime_dependencies(/home/a/zyj/fr3_welding/install/weld_butt_seam_extracting/share/colcon-core/packages/weld_butt_seam_extracting)
[2.159s] Level 1:colcon.colcon_core.environment:create_environment_scripts_only(weld_butt_seam_extracting)
[2.159s] Level 1:colcon.colcon_core.environment:checking '/home/a/zyj/fr3_welding/install/weld_butt_seam_extracting' for CMake module files
[2.159s] Level 1:colcon.colcon_core.environment:checking '/home/a/zyj/fr3_welding/install/weld_butt_seam_extracting' for CMake config files
[2.159s] Level 1:colcon.colcon_core.shell:create_environment_hook('weld_butt_seam_extracting', 'cmake_prefix_path')
[2.159s] INFO:colcon.colcon_core.shell:Creating environment hook '/home/a/zyj/fr3_welding/install/weld_butt_seam_extracting/share/weld_butt_seam_extracting/hook/cmake_prefix_path.ps1'
[2.160s] INFO:colcon.colcon_core.shell:Creating environment descriptor '/home/a/zyj/fr3_welding/install/weld_butt_seam_extracting/share/weld_butt_seam_extracting/hook/cmake_prefix_path.dsv'
[2.160s] INFO:colcon.colcon_core.shell:Creating environment hook '/home/a/zyj/fr3_welding/install/weld_butt_seam_extracting/share/weld_butt_seam_extracting/hook/cmake_prefix_path.sh'
[2.160s] Level 1:colcon.colcon_core.environment:checking '/home/a/zyj/fr3_welding/install/weld_butt_seam_extracting/lib'
[2.160s] Level 1:colcon.colcon_core.environment:checking '/home/a/zyj/fr3_welding/install/weld_butt_seam_extracting/bin'
[2.160s] Level 1:colcon.colcon_core.environment:checking '/home/a/zyj/fr3_welding/install/weld_butt_seam_extracting/lib/pkgconfig/weld_butt_seam_extracting.pc'
[2.161s] Level 1:colcon.colcon_core.environment:checking '/home/a/zyj/fr3_welding/install/weld_butt_seam_extracting/lib/python3.12/site-packages'
[2.161s] Level 1:colcon.colcon_core.environment:checking '/home/a/zyj/fr3_welding/install/weld_butt_seam_extracting/bin'
[2.161s] INFO:colcon.colcon_core.shell:Creating package script '/home/a/zyj/fr3_welding/install/weld_butt_seam_extracting/share/weld_butt_seam_extracting/package.ps1'
[2.161s] INFO:colcon.colcon_core.shell:Creating package descriptor '/home/a/zyj/fr3_welding/install/weld_butt_seam_extracting/share/weld_butt_seam_extracting/package.dsv'
[2.161s] INFO:colcon.colcon_core.shell:Creating package script '/home/a/zyj/fr3_welding/install/weld_butt_seam_extracting/share/weld_butt_seam_extracting/package.sh'
[2.162s] INFO:colcon.colcon_core.shell:Creating package script '/home/a/zyj/fr3_welding/install/weld_butt_seam_extracting/share/weld_butt_seam_extracting/package.bash'
[2.162s] INFO:colcon.colcon_core.shell:Creating package script '/home/a/zyj/fr3_welding/install/weld_butt_seam_extracting/share/weld_butt_seam_extracting/package.zsh'
[2.162s] Level 1:colcon.colcon_core.environment:create_file_with_runtime_dependencies(/home/a/zyj/fr3_welding/install/weld_butt_seam_extracting/share/colcon-core/packages/weld_butt_seam_extracting)
[2.162s] DEBUG:colcon.colcon_parallel_executor.executor.parallel:closing loop
[2.162s] DEBUG:colcon.colcon_parallel_executor.executor.parallel:loop closed
[2.162s] DEBUG:colcon.colcon_parallel_executor.executor.parallel:run_until_complete finished with '0'
[2.162s] DEBUG:colcon.colcon_core.event_reactor:joining thread
[2.165s] INFO:colcon.colcon_core.plugin_system:Skipping extension 'colcon_notification.desktop_notification.terminal_notifier': Not used on non-Darwin systems
[2.165s] INFO:colcon.colcon_core.plugin_system:Skipping extension 'colcon_notification.desktop_notification.win32': Not used on non-Windows systems
[2.165s] INFO:colcon.colcon_notification.desktop_notification:Sending desktop notification using 'notify2'
[2.171s] DEBUG:colcon.colcon_core.event_reactor:joined thread
[2.171s] INFO:colcon.colcon_core.shell:Creating prefix script '/home/a/zyj/fr3_welding/install/local_setup.ps1'
[2.172s] INFO:colcon.colcon_core.shell:Creating prefix util module '/home/a/zyj/fr3_welding/install/_local_setup_util_ps1.py'
[2.173s] INFO:colcon.colcon_core.shell:Creating prefix chain script '/home/a/zyj/fr3_welding/install/setup.ps1'
[2.174s] INFO:colcon.colcon_core.shell:Creating prefix script '/home/a/zyj/fr3_welding/install/local_setup.sh'
[2.174s] INFO:colcon.colcon_core.shell:Creating prefix util module '/home/a/zyj/fr3_welding/install/_local_setup_util_sh.py'
[2.175s] INFO:colcon.colcon_core.shell:Creating prefix chain script '/home/a/zyj/fr3_welding/install/setup.sh'
[2.175s] INFO:colcon.colcon_core.shell:Creating prefix script '/home/a/zyj/fr3_welding/install/local_setup.bash'
[2.176s] INFO:colcon.colcon_core.shell:Creating prefix chain script '/home/a/zyj/fr3_welding/install/setup.bash'
[2.177s] INFO:colcon.colcon_core.shell:Creating prefix script '/home/a/zyj/fr3_welding/install/local_setup.zsh'
[2.177s] INFO:colcon.colcon_core.shell:Creating prefix chain script '/home/a/zyj/fr3_welding/install/setup.zsh'
