[100%] Built target fr3_weld_executing
-- Install configuration: ""
-- Execute custom install script
-- Up-to-date symlink: /home/a/zyj/fr3_welding/install/fr3_weld_executing/lib/fr3_weld_executing/fr3_weld_executing
-- Up-to-date symlink: /home/a/zyj/fr3_welding/install/fr3_weld_executing/include/fr3_weld_executing/fr3_weld_executing.h
-- Up-to-date symlink: /home/a/zyj/fr3_welding/install/fr3_weld_executing/share/ament_index/resource_index/package_run_dependencies/fr3_weld_executing
-- Up-to-date symlink: /home/a/zyj/fr3_welding/install/fr3_weld_executing/share/ament_index/resource_index/parent_prefix_path/fr3_weld_executing
-- Up-to-date symlink: /home/a/zyj/fr3_welding/install/fr3_weld_executing/share/fr3_weld_executing/environment/ament_prefix_path.sh
-- Up-to-date symlink: /home/a/zyj/fr3_welding/install/fr3_weld_executing/share/fr3_weld_executing/environment/ament_prefix_path.dsv
-- Up-to-date symlink: /home/a/zyj/fr3_welding/install/fr3_weld_executing/share/fr3_weld_executing/environment/path.sh
-- Up-to-date symlink: /home/a/zyj/fr3_welding/install/fr3_weld_executing/share/fr3_weld_executing/environment/path.dsv
-- Up-to-date symlink: /home/a/zyj/fr3_welding/install/fr3_weld_executing/share/fr3_weld_executing/local_setup.bash
-- Up-to-date symlink: /home/a/zyj/fr3_welding/install/fr3_weld_executing/share/fr3_weld_executing/local_setup.sh
-- Up-to-date symlink: /home/a/zyj/fr3_welding/install/fr3_weld_executing/share/fr3_weld_executing/local_setup.zsh
-- Up-to-date symlink: /home/a/zyj/fr3_welding/install/fr3_weld_executing/share/fr3_weld_executing/local_setup.dsv
-- Symlinking: /home/a/zyj/fr3_welding/install/fr3_weld_executing/share/fr3_weld_executing/package.dsv
-- Up-to-date symlink: /home/a/zyj/fr3_welding/install/fr3_weld_executing/share/ament_index/resource_index/packages/fr3_weld_executing
-- Up-to-date symlink: /home/a/zyj/fr3_welding/install/fr3_weld_executing/share/fr3_weld_executing/cmake/fr3_weld_executingConfig.cmake
-- Up-to-date symlink: /home/a/zyj/fr3_welding/install/fr3_weld_executing/share/fr3_weld_executing/cmake/fr3_weld_executingConfig-version.cmake
-- Up-to-date symlink: /home/a/zyj/fr3_welding/install/fr3_weld_executing/share/fr3_weld_executing/package.xml
