[0.008s] Invoking command in '/home/a/zyj/fr3_welding/build/fr3_weld_executing': CMAKE_PREFIX_PATH=${CMAKE_PREFIX_PATH}:/opt/ros/jazzy CONDA_PROMPT_MODIFIER=(base) DEBUGINFOD_URLS=https://debuginfod.ubuntu.com /usr/bin/cmake --build /home/a/zyj/fr3_welding/build/fr3_weld_executing -- -j20 -l20
[0.138s] [100%] Built target fr3_weld_executing
[0.144s] Invoked command in '/home/a/zyj/fr3_welding/build/fr3_weld_executing' returned '0': CMAKE_PREFIX_PATH=${CMAKE_PREFIX_PATH}:/opt/ros/jazzy CONDA_PROMPT_MODIFIER=(base) DEBUGINFOD_URLS=https://debuginfod.ubuntu.com /usr/bin/cmake --build /home/a/zyj/fr3_welding/build/fr3_weld_executing -- -j20 -l20
[0.145s] Invoking command in '/home/a/zyj/fr3_welding/build/fr3_weld_executing': CMAKE_PREFIX_PATH=${CMAKE_PREFIX_PATH}:/opt/ros/jazzy CONDA_PROMPT_MODIFIER=(base) DEBUGINFOD_URLS=https://debuginfod.ubuntu.com /usr/bin/cmake --install /home/a/zyj/fr3_welding/build/fr3_weld_executing
[0.149s] -- Install configuration: ""
[0.149s] -- Execute custom install script
[0.150s] -- Up-to-date symlink: /home/a/zyj/fr3_welding/install/fr3_weld_executing/lib/fr3_weld_executing/fr3_weld_executing
[0.151s] -- Up-to-date symlink: /home/a/zyj/fr3_welding/install/fr3_weld_executing/include/fr3_weld_executing/fr3_weld_executing.h
[0.151s] -- Up-to-date symlink: /home/a/zyj/fr3_welding/install/fr3_weld_executing/share/ament_index/resource_index/package_run_dependencies/fr3_weld_executing
[0.152s] -- Up-to-date symlink: /home/a/zyj/fr3_welding/install/fr3_weld_executing/share/ament_index/resource_index/parent_prefix_path/fr3_weld_executing
[0.152s] -- Up-to-date symlink: /home/a/zyj/fr3_welding/install/fr3_weld_executing/share/fr3_weld_executing/environment/ament_prefix_path.sh
[0.152s] -- Up-to-date symlink: /home/a/zyj/fr3_welding/install/fr3_weld_executing/share/fr3_weld_executing/environment/ament_prefix_path.dsv
[0.152s] -- Up-to-date symlink: /home/a/zyj/fr3_welding/install/fr3_weld_executing/share/fr3_weld_executing/environment/path.sh
[0.152s] -- Up-to-date symlink: /home/a/zyj/fr3_welding/install/fr3_weld_executing/share/fr3_weld_executing/environment/path.dsv
[0.152s] -- Up-to-date symlink: /home/a/zyj/fr3_welding/install/fr3_weld_executing/share/fr3_weld_executing/local_setup.bash
[0.152s] -- Up-to-date symlink: /home/a/zyj/fr3_welding/install/fr3_weld_executing/share/fr3_weld_executing/local_setup.sh
[0.153s] -- Up-to-date symlink: /home/a/zyj/fr3_welding/install/fr3_weld_executing/share/fr3_weld_executing/local_setup.zsh
[0.153s] -- Up-to-date symlink: /home/a/zyj/fr3_welding/install/fr3_weld_executing/share/fr3_weld_executing/local_setup.dsv
[0.153s] -- Symlinking: /home/a/zyj/fr3_welding/install/fr3_weld_executing/share/fr3_weld_executing/package.dsv
[0.159s] -- Up-to-date symlink: /home/a/zyj/fr3_welding/install/fr3_weld_executing/share/ament_index/resource_index/packages/fr3_weld_executing
[0.160s] -- Up-to-date symlink: /home/a/zyj/fr3_welding/install/fr3_weld_executing/share/fr3_weld_executing/cmake/fr3_weld_executingConfig.cmake
[0.160s] -- Up-to-date symlink: /home/a/zyj/fr3_welding/install/fr3_weld_executing/share/fr3_weld_executing/cmake/fr3_weld_executingConfig-version.cmake
[0.160s] -- Up-to-date symlink: /home/a/zyj/fr3_welding/install/fr3_weld_executing/share/fr3_weld_executing/package.xml
[0.161s] Invoked command in '/home/a/zyj/fr3_welding/build/fr3_weld_executing' returned '0': CMAKE_PREFIX_PATH=${CMAKE_PREFIX_PATH}:/opt/ros/jazzy CONDA_PROMPT_MODIFIER=(base) DEBUGINFOD_URLS=https://debuginfod.ubuntu.com /usr/bin/cmake --install /home/a/zyj/fr3_welding/build/fr3_weld_executing
