-- The C compiler identification is GNU 13.3.0
-- The CXX compiler identification is GNU 13.3.0
-- Detecting C compiler ABI info
-- Detecting C compiler ABI info - done
-- Check for working C compiler: /usr/bin/cc - skipped
-- Detecting C compile features
-- Detecting C compile features - done
-- Detecting CXX compiler ABI info
-- Detecting CXX compiler ABI info - done
-- Check for working CXX compiler: /usr/bin/c++ - skipped
-- Detecting CXX compile features
-- Detecting CXX compile features - done
-- Found ament_cmake: 2.5.4 (/opt/ros/jazzy/share/ament_cmake/cmake)
-- Found Python3: /usr/bin/python3 (found version "3.12.3") found components: Interpreter 
-- Override CMake install command with custom implementation using symlinks instead of copying resources
-- Configuring done (0.4s)
-- Generating done (0.0s)
-- Build files have been written to: /home/a/zyj/fr3_welding/build/fr3_bringup
-- Install configuration: ""
-- Execute custom install script
-- Symlinking: /home/a/zyj/fr3_welding/install/fr3_bringup/share/fr3_bringup/config/fr3_welding.rviz
-- Symlinking: /home/a/zyj/fr3_welding/install/fr3_bringup/share/fr3_bringup/launch/fr3.launch.py
-- Symlinking: /home/a/zyj/fr3_welding/install/fr3_bringup/share/ament_index/resource_index/package_run_dependencies/fr3_bringup
-- Symlinking: /home/a/zyj/fr3_welding/install/fr3_bringup/share/ament_index/resource_index/parent_prefix_path/fr3_bringup
-- Symlinking: /home/a/zyj/fr3_welding/install/fr3_bringup/share/fr3_bringup/environment/ament_prefix_path.sh
-- Symlinking: /home/a/zyj/fr3_welding/install/fr3_bringup/share/fr3_bringup/environment/ament_prefix_path.dsv
-- Symlinking: /home/a/zyj/fr3_welding/install/fr3_bringup/share/fr3_bringup/environment/path.sh
-- Symlinking: /home/a/zyj/fr3_welding/install/fr3_bringup/share/fr3_bringup/environment/path.dsv
-- Symlinking: /home/a/zyj/fr3_welding/install/fr3_bringup/share/fr3_bringup/local_setup.bash
-- Symlinking: /home/a/zyj/fr3_welding/install/fr3_bringup/share/fr3_bringup/local_setup.sh
-- Symlinking: /home/a/zyj/fr3_welding/install/fr3_bringup/share/fr3_bringup/local_setup.zsh
-- Symlinking: /home/a/zyj/fr3_welding/install/fr3_bringup/share/fr3_bringup/local_setup.dsv
-- Symlinking: /home/a/zyj/fr3_welding/install/fr3_bringup/share/fr3_bringup/package.dsv
-- Symlinking: /home/a/zyj/fr3_welding/install/fr3_bringup/share/ament_index/resource_index/packages/fr3_bringup
-- Symlinking: /home/a/zyj/fr3_welding/install/fr3_bringup/share/fr3_bringup/cmake/fr3_bringupConfig.cmake
-- Symlinking: /home/a/zyj/fr3_welding/install/fr3_bringup/share/fr3_bringup/cmake/fr3_bringupConfig-version.cmake
-- Symlinking: /home/a/zyj/fr3_welding/install/fr3_bringup/share/fr3_bringup/package.xml
