[0.004s] Invoking command in '/home/a/zyj/fr3_welding/build/fr3_bringup': AMENT_PREFIX_PATH=/home/a/zyj/fr3_welding/install/fr3_description:${AMENT_PREFIX_PATH} CMAKE_PREFIX_PATH=/home/a/zyj/fr3_welding/install/fr3_description:/opt/ros/jazzy/opt/gz_sim_vendor:/opt/ros/jazzy/opt/gz_sensors_vendor:/opt/ros/jazzy/opt/gz_physics_vendor:/opt/ros/jazzy/opt/sdformat_vendor:/opt/ros/jazzy/opt/gz_gui_vendor:/opt/ros/jazzy/opt/gz_transport_vendor:/opt/ros/jazzy/opt/gz_rendering_vendor:/opt/ros/jazzy/opt/gz_plugin_vendor:/opt/ros/jazzy/opt/gz_fuel_tools_vendor:/opt/ros/jazzy/opt/gz_msgs_vendor:/opt/ros/jazzy/opt/gz_common_vendor:/opt/ros/jazzy/opt/gz_math_vendor:/opt/ros/jazzy/opt/gz_utils_vendor:/opt/ros/jazzy/opt/gz_tools_vendor:/opt/ros/jazzy/opt/gz_ogre_next_vendor:/opt/ros/jazzy/opt/gz_dartsim_vendor:/opt/ros/jazzy/opt/gz_cmake_vendor:/opt/ros/jazzy DEBUGINFOD_URLS=https://debuginfod.ubuntu.com /usr/bin/cmake /home/a/zyj/fr3_welding/fr3_bringup -DAMENT_CMAKE_SYMLINK_INSTALL=1 -DCMAKE_INSTALL_PREFIX=/home/a/zyj/fr3_welding/install/fr3_bringup
[0.042s] -- The C compiler identification is GNU 13.3.0
[0.075s] -- The CXX compiler identification is GNU 13.3.0
[0.086s] -- Detecting C compiler ABI info
[0.138s] -- Detecting C compiler ABI info - done
[0.143s] -- Check for working C compiler: /usr/bin/cc - skipped
[0.143s] -- Detecting C compile features
[0.143s] -- Detecting C compile features - done
[0.148s] -- Detecting CXX compiler ABI info
[0.205s] -- Detecting CXX compiler ABI info - done
[0.210s] -- Check for working CXX compiler: /usr/bin/c++ - skipped
[0.210s] -- Detecting CXX compile features
[0.210s] -- Detecting CXX compile features - done
[0.212s] -- Found ament_cmake: 2.5.4 (/opt/ros/jazzy/share/ament_cmake/cmake)
[0.304s] -- Found Python3: /usr/bin/python3 (found version "3.12.3") found components: Interpreter 
[0.346s] -- Override CMake install command with custom implementation using symlinks instead of copying resources
[0.420s] -- Configuring done (0.4s)
[0.421s] -- Generating done (0.0s)
[0.422s] -- Build files have been written to: /home/a/zyj/fr3_welding/build/fr3_bringup
[0.425s] Invoked command in '/home/a/zyj/fr3_welding/build/fr3_bringup' returned '0': AMENT_PREFIX_PATH=/home/a/zyj/fr3_welding/install/fr3_description:${AMENT_PREFIX_PATH} CMAKE_PREFIX_PATH=/home/a/zyj/fr3_welding/install/fr3_description:/opt/ros/jazzy/opt/gz_sim_vendor:/opt/ros/jazzy/opt/gz_sensors_vendor:/opt/ros/jazzy/opt/gz_physics_vendor:/opt/ros/jazzy/opt/sdformat_vendor:/opt/ros/jazzy/opt/gz_gui_vendor:/opt/ros/jazzy/opt/gz_transport_vendor:/opt/ros/jazzy/opt/gz_rendering_vendor:/opt/ros/jazzy/opt/gz_plugin_vendor:/opt/ros/jazzy/opt/gz_fuel_tools_vendor:/opt/ros/jazzy/opt/gz_msgs_vendor:/opt/ros/jazzy/opt/gz_common_vendor:/opt/ros/jazzy/opt/gz_math_vendor:/opt/ros/jazzy/opt/gz_utils_vendor:/opt/ros/jazzy/opt/gz_tools_vendor:/opt/ros/jazzy/opt/gz_ogre_next_vendor:/opt/ros/jazzy/opt/gz_dartsim_vendor:/opt/ros/jazzy/opt/gz_cmake_vendor:/opt/ros/jazzy DEBUGINFOD_URLS=https://debuginfod.ubuntu.com /usr/bin/cmake /home/a/zyj/fr3_welding/fr3_bringup -DAMENT_CMAKE_SYMLINK_INSTALL=1 -DCMAKE_INSTALL_PREFIX=/home/a/zyj/fr3_welding/install/fr3_bringup
[0.425s] Invoking command in '/home/a/zyj/fr3_welding/build/fr3_bringup': AMENT_PREFIX_PATH=/home/a/zyj/fr3_welding/install/fr3_description:${AMENT_PREFIX_PATH} CMAKE_PREFIX_PATH=/home/a/zyj/fr3_welding/install/fr3_description:/opt/ros/jazzy/opt/gz_sim_vendor:/opt/ros/jazzy/opt/gz_sensors_vendor:/opt/ros/jazzy/opt/gz_physics_vendor:/opt/ros/jazzy/opt/sdformat_vendor:/opt/ros/jazzy/opt/gz_gui_vendor:/opt/ros/jazzy/opt/gz_transport_vendor:/opt/ros/jazzy/opt/gz_rendering_vendor:/opt/ros/jazzy/opt/gz_plugin_vendor:/opt/ros/jazzy/opt/gz_fuel_tools_vendor:/opt/ros/jazzy/opt/gz_msgs_vendor:/opt/ros/jazzy/opt/gz_common_vendor:/opt/ros/jazzy/opt/gz_math_vendor:/opt/ros/jazzy/opt/gz_utils_vendor:/opt/ros/jazzy/opt/gz_tools_vendor:/opt/ros/jazzy/opt/gz_ogre_next_vendor:/opt/ros/jazzy/opt/gz_dartsim_vendor:/opt/ros/jazzy/opt/gz_cmake_vendor:/opt/ros/jazzy DEBUGINFOD_URLS=https://debuginfod.ubuntu.com /usr/bin/cmake --build /home/a/zyj/fr3_welding/build/fr3_bringup -- -j20 -l20
[0.449s] Invoked command in '/home/a/zyj/fr3_welding/build/fr3_bringup' returned '0': AMENT_PREFIX_PATH=/home/a/zyj/fr3_welding/install/fr3_description:${AMENT_PREFIX_PATH} CMAKE_PREFIX_PATH=/home/a/zyj/fr3_welding/install/fr3_description:/opt/ros/jazzy/opt/gz_sim_vendor:/opt/ros/jazzy/opt/gz_sensors_vendor:/opt/ros/jazzy/opt/gz_physics_vendor:/opt/ros/jazzy/opt/sdformat_vendor:/opt/ros/jazzy/opt/gz_gui_vendor:/opt/ros/jazzy/opt/gz_transport_vendor:/opt/ros/jazzy/opt/gz_rendering_vendor:/opt/ros/jazzy/opt/gz_plugin_vendor:/opt/ros/jazzy/opt/gz_fuel_tools_vendor:/opt/ros/jazzy/opt/gz_msgs_vendor:/opt/ros/jazzy/opt/gz_common_vendor:/opt/ros/jazzy/opt/gz_math_vendor:/opt/ros/jazzy/opt/gz_utils_vendor:/opt/ros/jazzy/opt/gz_tools_vendor:/opt/ros/jazzy/opt/gz_ogre_next_vendor:/opt/ros/jazzy/opt/gz_dartsim_vendor:/opt/ros/jazzy/opt/gz_cmake_vendor:/opt/ros/jazzy DEBUGINFOD_URLS=https://debuginfod.ubuntu.com /usr/bin/cmake --build /home/a/zyj/fr3_welding/build/fr3_bringup -- -j20 -l20
[0.449s] Invoking command in '/home/a/zyj/fr3_welding/build/fr3_bringup': AMENT_PREFIX_PATH=/home/a/zyj/fr3_welding/install/fr3_description:${AMENT_PREFIX_PATH} CMAKE_PREFIX_PATH=/home/a/zyj/fr3_welding/install/fr3_description:/opt/ros/jazzy/opt/gz_sim_vendor:/opt/ros/jazzy/opt/gz_sensors_vendor:/opt/ros/jazzy/opt/gz_physics_vendor:/opt/ros/jazzy/opt/sdformat_vendor:/opt/ros/jazzy/opt/gz_gui_vendor:/opt/ros/jazzy/opt/gz_transport_vendor:/opt/ros/jazzy/opt/gz_rendering_vendor:/opt/ros/jazzy/opt/gz_plugin_vendor:/opt/ros/jazzy/opt/gz_fuel_tools_vendor:/opt/ros/jazzy/opt/gz_msgs_vendor:/opt/ros/jazzy/opt/gz_common_vendor:/opt/ros/jazzy/opt/gz_math_vendor:/opt/ros/jazzy/opt/gz_utils_vendor:/opt/ros/jazzy/opt/gz_tools_vendor:/opt/ros/jazzy/opt/gz_ogre_next_vendor:/opt/ros/jazzy/opt/gz_dartsim_vendor:/opt/ros/jazzy/opt/gz_cmake_vendor:/opt/ros/jazzy DEBUGINFOD_URLS=https://debuginfod.ubuntu.com /usr/bin/cmake --install /home/a/zyj/fr3_welding/build/fr3_bringup
[0.454s] -- Install configuration: ""
[0.454s] -- Execute custom install script
[0.454s] -- Symlinking: /home/a/zyj/fr3_welding/install/fr3_bringup/share/fr3_bringup/config/fr3_welding.rviz
[0.461s] -- Symlinking: /home/a/zyj/fr3_welding/install/fr3_bringup/share/fr3_bringup/launch/fr3.launch.py
[0.466s] -- Symlinking: /home/a/zyj/fr3_welding/install/fr3_bringup/share/ament_index/resource_index/package_run_dependencies/fr3_bringup
[0.472s] -- Symlinking: /home/a/zyj/fr3_welding/install/fr3_bringup/share/ament_index/resource_index/parent_prefix_path/fr3_bringup
[0.478s] -- Symlinking: /home/a/zyj/fr3_welding/install/fr3_bringup/share/fr3_bringup/environment/ament_prefix_path.sh
[0.484s] -- Symlinking: /home/a/zyj/fr3_welding/install/fr3_bringup/share/fr3_bringup/environment/ament_prefix_path.dsv
[0.490s] -- Symlinking: /home/a/zyj/fr3_welding/install/fr3_bringup/share/fr3_bringup/environment/path.sh
[0.495s] -- Symlinking: /home/a/zyj/fr3_welding/install/fr3_bringup/share/fr3_bringup/environment/path.dsv
[0.500s] -- Symlinking: /home/a/zyj/fr3_welding/install/fr3_bringup/share/fr3_bringup/local_setup.bash
[0.505s] -- Symlinking: /home/a/zyj/fr3_welding/install/fr3_bringup/share/fr3_bringup/local_setup.sh
[0.509s] -- Symlinking: /home/a/zyj/fr3_welding/install/fr3_bringup/share/fr3_bringup/local_setup.zsh
[0.515s] -- Symlinking: /home/a/zyj/fr3_welding/install/fr3_bringup/share/fr3_bringup/local_setup.dsv
[0.519s] -- Symlinking: /home/a/zyj/fr3_welding/install/fr3_bringup/share/fr3_bringup/package.dsv
[0.524s] -- Symlinking: /home/a/zyj/fr3_welding/install/fr3_bringup/share/ament_index/resource_index/packages/fr3_bringup
[0.529s] -- Symlinking: /home/a/zyj/fr3_welding/install/fr3_bringup/share/fr3_bringup/cmake/fr3_bringupConfig.cmake
[0.533s] -- Symlinking: /home/a/zyj/fr3_welding/install/fr3_bringup/share/fr3_bringup/cmake/fr3_bringupConfig-version.cmake
[0.540s] -- Symlinking: /home/a/zyj/fr3_welding/install/fr3_bringup/share/fr3_bringup/package.xml
[0.547s] Invoked command in '/home/a/zyj/fr3_welding/build/fr3_bringup' returned '0': AMENT_PREFIX_PATH=/home/a/zyj/fr3_welding/install/fr3_description:${AMENT_PREFIX_PATH} CMAKE_PREFIX_PATH=/home/a/zyj/fr3_welding/install/fr3_description:/opt/ros/jazzy/opt/gz_sim_vendor:/opt/ros/jazzy/opt/gz_sensors_vendor:/opt/ros/jazzy/opt/gz_physics_vendor:/opt/ros/jazzy/opt/sdformat_vendor:/opt/ros/jazzy/opt/gz_gui_vendor:/opt/ros/jazzy/opt/gz_transport_vendor:/opt/ros/jazzy/opt/gz_rendering_vendor:/opt/ros/jazzy/opt/gz_plugin_vendor:/opt/ros/jazzy/opt/gz_fuel_tools_vendor:/opt/ros/jazzy/opt/gz_msgs_vendor:/opt/ros/jazzy/opt/gz_common_vendor:/opt/ros/jazzy/opt/gz_math_vendor:/opt/ros/jazzy/opt/gz_utils_vendor:/opt/ros/jazzy/opt/gz_tools_vendor:/opt/ros/jazzy/opt/gz_ogre_next_vendor:/opt/ros/jazzy/opt/gz_dartsim_vendor:/opt/ros/jazzy/opt/gz_cmake_vendor:/opt/ros/jazzy DEBUGINFOD_URLS=https://debuginfod.ubuntu.com /usr/bin/cmake --install /home/a/zyj/fr3_welding/build/fr3_bringup
