[0.006s] Invoking command in '/home/a/zyj/fr3_welding/build/weld_butt_seam_extracting': CMAKE_PREFIX_PATH=${CMAKE_PREFIX_PATH}:/opt/ros/jazzy CONDA_PROMPT_MODIFIER=(base) DEBUGINFOD_URLS=https://debuginfod.ubuntu.com /usr/bin/cmake /home/a/zyj/fr3_welding/weld_butt_seam_extracting -DCMAKE_INSTALL_PREFIX=/home/a/zyj/fr3_welding/install/weld_butt_seam_extracting
[0.017s] -- Found ament_cmake: 2.5.4 (/opt/ros/jazzy/share/ament_cmake/cmake)
[0.162s] -- Override CMake install command with custom implementation using symlinks instead of copying resources
[0.165s] -- Found rclcpp: 28.1.13 (/opt/ros/jazzy/share/rclcpp/cmake)
[0.184s] -- Found rosidl_generator_c: 4.6.6 (/opt/ros/jazzy/share/rosidl_generator_c/cmake)
[0.191s] -- Found rosidl_generator_cpp: 4.6.6 (/opt/ros/jazzy/share/rosidl_generator_cpp/cmake)
[0.203s] -- Using all available rosidl_typesupport_c: rosidl_typesupport_fastrtps_c;rosidl_typesupport_introspection_c
[0.218s] -- Using all available rosidl_typesupport_cpp: rosidl_typesupport_fastrtps_cpp;rosidl_typesupport_introspection_cpp
[0.258s] -- Found rmw_implementation_cmake: 7.3.2 (/opt/ros/jazzy/share/rmw_implementation_cmake/cmake)
[0.259s] -- Found rmw_fastrtps_cpp: 8.4.3 (/opt/ros/jazzy/share/rmw_fastrtps_cpp/cmake)
[0.318s] -- Using RMW implementation 'rmw_fastrtps_cpp' as default
[0.368s] -- Found pcl_conversions: 2.6.2 (/opt/ros/jazzy/share/pcl_conversions/cmake)
[0.436s] [33mCMake Warning (dev) at /usr/lib/x86_64-linux-gnu/cmake/pcl/Modules/FindFLANN.cmake:45 (find_package):
[0.436s]   Policy CMP0144 is not set: find_package uses upper-case <PACKAGENAME>_ROOT
[0.436s]   variables.  Run "cmake --help-policy CMP0144" for policy details.  Use the
[0.436s]   cmake_policy command to set the policy and suppress this warning.
[0.436s] 
[0.436s]   CMake variable FLANN_ROOT is set to:
[0.437s] 
[0.437s]     /usr
[0.437s] 
[0.437s]   For compatibility, find_package is ignoring the variable, but code in a
[0.437s]   .cmake module might still use it.
[0.437s] Call Stack (most recent call first):
[0.437s]   /usr/lib/x86_64-linux-gnu/cmake/pcl/PCLConfig.cmake:261 (find_package)
[0.437s]   /usr/lib/x86_64-linux-gnu/cmake/pcl/PCLConfig.cmake:306 (find_flann)
[0.437s]   /usr/lib/x86_64-linux-gnu/cmake/pcl/PCLConfig.cmake:570 (find_external_library)
[0.437s]   /opt/ros/jazzy/share/pcl_conversions/cmake/ament_cmake_export_dependencies-extras.cmake:21 (find_package)
[0.437s]   /opt/ros/jazzy/share/pcl_conversions/cmake/pcl_conversionsConfig.cmake:41 (include)
[0.437s]   CMakeLists.txt:15 (find_package)
[0.437s] This warning is for project developers.  Use -Wno-dev to suppress it.
[0.437s] [0m
[0.438s] -- Found flann version 1.9.2
[0.878s] -- OpenNI found (version: 1.5.4.0, include: /usr/include/ni, lib: /usr/lib/libOpenNI.so;libusb::libusb)
[0.882s] -- OpenNI2 found (version: 2.2.0.33, include: /usr/include/openni2, lib: /usr/lib/x86_64-linux-gnu/libOpenNI2.so;libusb::libusb)
[0.883s] -- Could NOT find Pcap (missing: PCAP_LIBRARIES PCAP_INCLUDE_DIRS) 
[1.148s] -- OpenNI found (version: 1.5.4.0, include: /usr/include/ni, lib: /usr/lib/libOpenNI.so;libusb::libusb)
[1.152s] -- OpenNI2 found (version: 2.2.0.33, include: /usr/include/openni2, lib: /usr/lib/x86_64-linux-gnu/libOpenNI2.so;libusb::libusb)
[1.439s] -- Found Qhull version 8.0.2
[1.688s] -- OpenNI found (version: 1.5.4.0, include: /usr/include/ni, lib: /usr/lib/libOpenNI.so;libusb::libusb)
[1.959s] -- Found tf2: 0.36.16 (/opt/ros/jazzy/share/tf2/cmake)
[1.962s] -- Found tf2_geometry_msgs: 0.36.16 (/opt/ros/jazzy/share/tf2_geometry_msgs/cmake)
[1.965s] -- Found eigen3_cmake_module: 0.3.0 (/opt/ros/jazzy/share/eigen3_cmake_module/cmake)
[1.965s] -- Ensuring Eigen3 include directory is part of orocos-kdl CMake target
[2.032s] [33mCMake Warning (dev) at CMakeLists.txt:21 (find_package):
[2.032s]   Policy CMP0074 is not set: find_package uses <PackageName>_ROOT variables.
[2.032s]   Run "cmake --help-policy CMP0074" for policy details.  Use the cmake_policy
[2.032s]   command to set the policy and suppress this warning.
[2.032s] 
[2.032s]   CMake variable PCL_ROOT is set to:
[2.033s] 
[2.033s]     /usr
[2.033s] 
[2.033s]   For compatibility, CMake is ignoring the variable.
[2.033s] This warning is for project developers.  Use -Wno-dev to suppress it.
[2.033s] [0m
[2.056s] -- Found ament_lint_auto: 0.17.3 (/opt/ros/jazzy/share/ament_lint_auto/cmake)
[2.109s] -- Added test 'cppcheck' to perform static code analysis on C / C++ code
[2.110s] -- Configured cppcheck include dirs: /home/a/zyj/fr3_welding/weld_butt_seam_extracting/include
[2.110s] -- Configured cppcheck exclude dirs and/or files: 
[2.110s] -- Added test 'lint_cmake' to check CMake code style
[2.111s] -- Added test 'uncrustify' to check C / C++ code style
[2.111s] -- Configured uncrustify additional arguments: 
[2.112s] -- Added test 'xmllint' to check XML markup files
[2.112s] -- Configuring done (2.1s)
[2.151s] -- Generating done (0.0s)
[2.154s] -- Build files have been written to: /home/a/zyj/fr3_welding/build/weld_butt_seam_extracting
[2.164s] Invoked command in '/home/a/zyj/fr3_welding/build/weld_butt_seam_extracting' returned '0': CMAKE_PREFIX_PATH=${CMAKE_PREFIX_PATH}:/opt/ros/jazzy CONDA_PROMPT_MODIFIER=(base) DEBUGINFOD_URLS=https://debuginfod.ubuntu.com /usr/bin/cmake /home/a/zyj/fr3_welding/weld_butt_seam_extracting -DCMAKE_INSTALL_PREFIX=/home/a/zyj/fr3_welding/install/weld_butt_seam_extracting
[2.166s] Invoking command in '/home/a/zyj/fr3_welding/build/weld_butt_seam_extracting': CMAKE_PREFIX_PATH=${CMAKE_PREFIX_PATH}:/opt/ros/jazzy CONDA_PROMPT_MODIFIER=(base) DEBUGINFOD_URLS=https://debuginfod.ubuntu.com /usr/bin/cmake --build /home/a/zyj/fr3_welding/build/weld_butt_seam_extracting -- -j20 -l20
[2.307s] [100%] Built target weld_butt_seam_extracting_node
[2.315s] Invoked command in '/home/a/zyj/fr3_welding/build/weld_butt_seam_extracting' returned '0': CMAKE_PREFIX_PATH=${CMAKE_PREFIX_PATH}:/opt/ros/jazzy CONDA_PROMPT_MODIFIER=(base) DEBUGINFOD_URLS=https://debuginfod.ubuntu.com /usr/bin/cmake --build /home/a/zyj/fr3_welding/build/weld_butt_seam_extracting -- -j20 -l20
[2.323s] Invoking command in '/home/a/zyj/fr3_welding/build/weld_butt_seam_extracting': CMAKE_PREFIX_PATH=${CMAKE_PREFIX_PATH}:/opt/ros/jazzy CONDA_PROMPT_MODIFIER=(base) DEBUGINFOD_URLS=https://debuginfod.ubuntu.com /usr/bin/cmake --install /home/a/zyj/fr3_welding/build/weld_butt_seam_extracting
[2.328s] -- Install configuration: ""
[2.328s] -- Execute custom install script
[2.328s] -- Up-to-date symlink: /home/a/zyj/fr3_welding/install/weld_butt_seam_extracting/lib/weld_butt_seam_extracting/weld_butt_seam_extracting_node
[2.329s] -- Up-to-date symlink: /home/a/zyj/fr3_welding/install/weld_butt_seam_extracting/include//weld_butt_seam_extracting/weld_butt_seam_extracting_headfile.h
[2.329s] -- Up-to-date symlink: /home/a/zyj/fr3_welding/install/weld_butt_seam_extracting/share/ament_index/resource_index/package_run_dependencies/weld_butt_seam_extracting
[2.329s] -- Up-to-date symlink: /home/a/zyj/fr3_welding/install/weld_butt_seam_extracting/share/ament_index/resource_index/parent_prefix_path/weld_butt_seam_extracting
[2.329s] -- Up-to-date symlink: /home/a/zyj/fr3_welding/install/weld_butt_seam_extracting/share/weld_butt_seam_extracting/environment/ament_prefix_path.sh
[2.329s] -- Up-to-date symlink: /home/a/zyj/fr3_welding/install/weld_butt_seam_extracting/share/weld_butt_seam_extracting/environment/ament_prefix_path.dsv
[2.330s] -- Up-to-date symlink: /home/a/zyj/fr3_welding/install/weld_butt_seam_extracting/share/weld_butt_seam_extracting/environment/path.sh
[2.330s] -- Up-to-date symlink: /home/a/zyj/fr3_welding/install/weld_butt_seam_extracting/share/weld_butt_seam_extracting/environment/path.dsv
[2.330s] -- Up-to-date symlink: /home/a/zyj/fr3_welding/install/weld_butt_seam_extracting/share/weld_butt_seam_extracting/local_setup.bash
[2.330s] -- Up-to-date symlink: /home/a/zyj/fr3_welding/install/weld_butt_seam_extracting/share/weld_butt_seam_extracting/local_setup.sh
[2.330s] -- Up-to-date symlink: /home/a/zyj/fr3_welding/install/weld_butt_seam_extracting/share/weld_butt_seam_extracting/local_setup.zsh
[2.330s] -- Up-to-date symlink: /home/a/zyj/fr3_welding/install/weld_butt_seam_extracting/share/weld_butt_seam_extracting/local_setup.dsv
[2.330s] -- Symlinking: /home/a/zyj/fr3_welding/install/weld_butt_seam_extracting/share/weld_butt_seam_extracting/package.dsv
[2.340s] -- Up-to-date symlink: /home/a/zyj/fr3_welding/install/weld_butt_seam_extracting/share/ament_index/resource_index/packages/weld_butt_seam_extracting
[2.340s] -- Up-to-date symlink: /home/a/zyj/fr3_welding/install/weld_butt_seam_extracting/share/weld_butt_seam_extracting/cmake/weld_butt_seam_extractingConfig.cmake
[2.340s] -- Up-to-date symlink: /home/a/zyj/fr3_welding/install/weld_butt_seam_extracting/share/weld_butt_seam_extracting/cmake/weld_butt_seam_extractingConfig-version.cmake
[2.341s] -- Up-to-date symlink: /home/a/zyj/fr3_welding/install/weld_butt_seam_extracting/share/weld_butt_seam_extracting/package.xml
[2.341s] Invoked command in '/home/a/zyj/fr3_welding/build/weld_butt_seam_extracting' returned '0': CMAKE_PREFIX_PATH=${CMAKE_PREFIX_PATH}:/opt/ros/jazzy CONDA_PROMPT_MODIFIER=(base) DEBUGINFOD_URLS=https://debuginfod.ubuntu.com /usr/bin/cmake --install /home/a/zyj/fr3_welding/build/weld_butt_seam_extracting
