[0.005s] Invoking command in '/home/a/zyj/fr3_welding/build/fr3_bringup': AMENT_PREFIX_PATH=/home/a/zyj/fr3_welding/install/fr3_description:${AMENT_PREFIX_PATH} CMAKE_PREFIX_PATH=/home/a/zyj/fr3_welding/install/fr3_description:/opt/ros/jazzy/opt/gz_sim_vendor:/opt/ros/jazzy/opt/gz_sensors_vendor:/opt/ros/jazzy/opt/gz_physics_vendor:/opt/ros/jazzy/opt/sdformat_vendor:/opt/ros/jazzy/opt/gz_gui_vendor:/opt/ros/jazzy/opt/gz_transport_vendor:/opt/ros/jazzy/opt/gz_rendering_vendor:/opt/ros/jazzy/opt/gz_plugin_vendor:/opt/ros/jazzy/opt/gz_fuel_tools_vendor:/opt/ros/jazzy/opt/gz_msgs_vendor:/opt/ros/jazzy/opt/gz_common_vendor:/opt/ros/jazzy/opt/gz_math_vendor:/opt/ros/jazzy/opt/gz_utils_vendor:/opt/ros/jazzy/opt/gz_tools_vendor:/opt/ros/jazzy/opt/gz_ogre_next_vendor:/opt/ros/jazzy/opt/gz_dartsim_vendor:/opt/ros/jazzy/opt/gz_cmake_vendor:/opt/ros/jazzy CONDA_PROMPT_MODIFIER=(base) DEBUGINFOD_URLS=https://debuginfod.ubuntu.com /usr/bin/cmake --build /home/a/zyj/fr3_welding/build/fr3_bringup -- -j20 -l20
[0.032s] Invoked command in '/home/a/zyj/fr3_welding/build/fr3_bringup' returned '0': AMENT_PREFIX_PATH=/home/a/zyj/fr3_welding/install/fr3_description:${AMENT_PREFIX_PATH} CMAKE_PREFIX_PATH=/home/a/zyj/fr3_welding/install/fr3_description:/opt/ros/jazzy/opt/gz_sim_vendor:/opt/ros/jazzy/opt/gz_sensors_vendor:/opt/ros/jazzy/opt/gz_physics_vendor:/opt/ros/jazzy/opt/sdformat_vendor:/opt/ros/jazzy/opt/gz_gui_vendor:/opt/ros/jazzy/opt/gz_transport_vendor:/opt/ros/jazzy/opt/gz_rendering_vendor:/opt/ros/jazzy/opt/gz_plugin_vendor:/opt/ros/jazzy/opt/gz_fuel_tools_vendor:/opt/ros/jazzy/opt/gz_msgs_vendor:/opt/ros/jazzy/opt/gz_common_vendor:/opt/ros/jazzy/opt/gz_math_vendor:/opt/ros/jazzy/opt/gz_utils_vendor:/opt/ros/jazzy/opt/gz_tools_vendor:/opt/ros/jazzy/opt/gz_ogre_next_vendor:/opt/ros/jazzy/opt/gz_dartsim_vendor:/opt/ros/jazzy/opt/gz_cmake_vendor:/opt/ros/jazzy CONDA_PROMPT_MODIFIER=(base) DEBUGINFOD_URLS=https://debuginfod.ubuntu.com /usr/bin/cmake --build /home/a/zyj/fr3_welding/build/fr3_bringup -- -j20 -l20
[0.032s] Invoking command in '/home/a/zyj/fr3_welding/build/fr3_bringup': AMENT_PREFIX_PATH=/home/a/zyj/fr3_welding/install/fr3_description:${AMENT_PREFIX_PATH} CMAKE_PREFIX_PATH=/home/a/zyj/fr3_welding/install/fr3_description:/opt/ros/jazzy/opt/gz_sim_vendor:/opt/ros/jazzy/opt/gz_sensors_vendor:/opt/ros/jazzy/opt/gz_physics_vendor:/opt/ros/jazzy/opt/sdformat_vendor:/opt/ros/jazzy/opt/gz_gui_vendor:/opt/ros/jazzy/opt/gz_transport_vendor:/opt/ros/jazzy/opt/gz_rendering_vendor:/opt/ros/jazzy/opt/gz_plugin_vendor:/opt/ros/jazzy/opt/gz_fuel_tools_vendor:/opt/ros/jazzy/opt/gz_msgs_vendor:/opt/ros/jazzy/opt/gz_common_vendor:/opt/ros/jazzy/opt/gz_math_vendor:/opt/ros/jazzy/opt/gz_utils_vendor:/opt/ros/jazzy/opt/gz_tools_vendor:/opt/ros/jazzy/opt/gz_ogre_next_vendor:/opt/ros/jazzy/opt/gz_dartsim_vendor:/opt/ros/jazzy/opt/gz_cmake_vendor:/opt/ros/jazzy CONDA_PROMPT_MODIFIER=(base) DEBUGINFOD_URLS=https://debuginfod.ubuntu.com /usr/bin/cmake --install /home/a/zyj/fr3_welding/build/fr3_bringup
[0.038s] -- Install configuration: ""
[0.038s] -- Execute custom install script
[0.038s] -- Up-to-date symlink: /home/a/zyj/fr3_welding/install/fr3_bringup/share/fr3_bringup/config/fr3_welding.rviz
[0.038s] -- Up-to-date symlink: /home/a/zyj/fr3_welding/install/fr3_bringup/share/fr3_bringup/launch/fr3.launch.py
[0.039s] -- Up-to-date symlink: /home/a/zyj/fr3_welding/install/fr3_bringup/share/ament_index/resource_index/package_run_dependencies/fr3_bringup
[0.039s] -- Up-to-date symlink: /home/a/zyj/fr3_welding/install/fr3_bringup/share/ament_index/resource_index/parent_prefix_path/fr3_bringup
[0.039s] -- Up-to-date symlink: /home/a/zyj/fr3_welding/install/fr3_bringup/share/fr3_bringup/environment/ament_prefix_path.sh
[0.039s] -- Up-to-date symlink: /home/a/zyj/fr3_welding/install/fr3_bringup/share/fr3_bringup/environment/ament_prefix_path.dsv
[0.039s] -- Up-to-date symlink: /home/a/zyj/fr3_welding/install/fr3_bringup/share/fr3_bringup/environment/path.sh
[0.039s] -- Up-to-date symlink: /home/a/zyj/fr3_welding/install/fr3_bringup/share/fr3_bringup/environment/path.dsv
[0.039s] -- Up-to-date symlink: /home/a/zyj/fr3_welding/install/fr3_bringup/share/fr3_bringup/local_setup.bash
[0.039s] -- Up-to-date symlink: /home/a/zyj/fr3_welding/install/fr3_bringup/share/fr3_bringup/local_setup.sh
[0.039s] -- Up-to-date symlink: /home/a/zyj/fr3_welding/install/fr3_bringup/share/fr3_bringup/local_setup.zsh
[0.039s] -- Up-to-date symlink: /home/a/zyj/fr3_welding/install/fr3_bringup/share/fr3_bringup/local_setup.dsv
[0.039s] -- Symlinking: /home/a/zyj/fr3_welding/install/fr3_bringup/share/fr3_bringup/package.dsv
[0.045s] -- Up-to-date symlink: /home/a/zyj/fr3_welding/install/fr3_bringup/share/ament_index/resource_index/packages/fr3_bringup
[0.045s] -- Up-to-date symlink: /home/a/zyj/fr3_welding/install/fr3_bringup/share/fr3_bringup/cmake/fr3_bringupConfig.cmake
[0.045s] -- Up-to-date symlink: /home/a/zyj/fr3_welding/install/fr3_bringup/share/fr3_bringup/cmake/fr3_bringupConfig-version.cmake
[0.045s] -- Up-to-date symlink: /home/a/zyj/fr3_welding/install/fr3_bringup/share/fr3_bringup/package.xml
[0.053s] Invoked command in '/home/a/zyj/fr3_welding/build/fr3_bringup' returned '0': AMENT_PREFIX_PATH=/home/a/zyj/fr3_welding/install/fr3_description:${AMENT_PREFIX_PATH} CMAKE_PREFIX_PATH=/home/a/zyj/fr3_welding/install/fr3_description:/opt/ros/jazzy/opt/gz_sim_vendor:/opt/ros/jazzy/opt/gz_sensors_vendor:/opt/ros/jazzy/opt/gz_physics_vendor:/opt/ros/jazzy/opt/sdformat_vendor:/opt/ros/jazzy/opt/gz_gui_vendor:/opt/ros/jazzy/opt/gz_transport_vendor:/opt/ros/jazzy/opt/gz_rendering_vendor:/opt/ros/jazzy/opt/gz_plugin_vendor:/opt/ros/jazzy/opt/gz_fuel_tools_vendor:/opt/ros/jazzy/opt/gz_msgs_vendor:/opt/ros/jazzy/opt/gz_common_vendor:/opt/ros/jazzy/opt/gz_math_vendor:/opt/ros/jazzy/opt/gz_utils_vendor:/opt/ros/jazzy/opt/gz_tools_vendor:/opt/ros/jazzy/opt/gz_ogre_next_vendor:/opt/ros/jazzy/opt/gz_dartsim_vendor:/opt/ros/jazzy/opt/gz_cmake_vendor:/opt/ros/jazzy CONDA_PROMPT_MODIFIER=(base) DEBUGINFOD_URLS=https://debuginfod.ubuntu.com /usr/bin/cmake --install /home/a/zyj/fr3_welding/build/fr3_bringup
