[0.006s] Invoking command in '/home/a/zyj/fr3_welding/build/fr3_weld_executing': CMAKE_PREFIX_PATH=${CMAKE_PREFIX_PATH}:/opt/ros/jazzy DEBUGINFOD_URLS=https://debuginfod.ubuntu.com /usr/bin/cmake /home/a/zyj/fr3_welding/fr3_weld_executing -DAMENT_CMAKE_SYMLINK_INSTALL=1 -DCMAKE_INSTALL_PREFIX=/home/a/zyj/fr3_welding/install/fr3_weld_executing
[0.045s] -- The C compiler identification is GNU 13.3.0
[0.091s] -- The CXX compiler identification is GNU 13.3.0
[0.103s] -- Detecting C compiler ABI info
[0.175s] -- Detecting C compiler ABI info - done
[0.181s] -- Check for working C compiler: /usr/bin/cc - skipped
[0.182s] -- Detecting C compile features
[0.182s] -- Detecting C compile features - done
[0.187s] -- Detecting CXX compiler ABI info
[0.262s] -- Detecting CXX compiler ABI info - done
[0.266s] -- Check for working CXX compiler: /usr/bin/c++ - skipped
[0.267s] -- Detecting CXX compile features
[0.267s] -- Detecting CXX compile features - done
[0.271s] -- Found ament_cmake: 2.5.4 (/opt/ros/jazzy/share/ament_cmake/cmake)
[0.371s] -- Found Python3: /usr/bin/python3 (found version "3.12.3") found components: Interpreter 
[0.410s] -- Override CMake install command with custom implementation using symlinks instead of copying resources
[0.434s] -- Found rclcpp: 28.1.13 (/opt/ros/jazzy/share/rclcpp/cmake)
[0.461s] -- Found rosidl_generator_c: 4.6.6 (/opt/ros/jazzy/share/rosidl_generator_c/cmake)
[0.470s] -- Found rosidl_generator_cpp: 4.6.6 (/opt/ros/jazzy/share/rosidl_generator_cpp/cmake)
[0.481s] -- Using all available rosidl_typesupport_c: rosidl_typesupport_fastrtps_c;rosidl_typesupport_introspection_c
[0.493s] -- Using all available rosidl_typesupport_cpp: rosidl_typesupport_fastrtps_cpp;rosidl_typesupport_introspection_cpp
[0.539s] -- Found rmw_implementation_cmake: 7.3.2 (/opt/ros/jazzy/share/rmw_implementation_cmake/cmake)
[0.541s] -- Found rmw_fastrtps_cpp: 8.4.3 (/opt/ros/jazzy/share/rmw_fastrtps_cpp/cmake)
[0.603s] -- Found OpenSSL: /usr/lib/x86_64-linux-gnu/libcrypto.so (found version "3.0.13")  
[0.615s] -- Found FastRTPS: /opt/ros/jazzy/include (Required is at least version "2.13") 
[0.633s] -- Using RMW implementation 'rmw_fastrtps_cpp' as default
[0.678s] -- Found geometry_msgs: 5.3.6 (/opt/ros/jazzy/share/geometry_msgs/cmake)
[0.699s] -- Found tf2: 0.36.16 (/opt/ros/jazzy/share/tf2/cmake)
[0.703s] -- Found tf2_ros: 0.36.16 (/opt/ros/jazzy/share/tf2_ros/cmake)
[0.777s] -- Found moveit_ros_planning_interface: 2.12.3 (/opt/ros/jazzy/share/moveit_ros_planning_interface/cmake)
[0.858s] -- Found Boost: /usr/lib/x86_64-linux-gnu/cmake/Boost-1.83.0/BoostConfig.cmake (found version "1.83.0") found components: date_time filesystem program_options system thread 
[0.987s] -- Found Boost: /usr/lib/x86_64-linux-gnu/cmake/Boost-1.83.0/BoostConfig.cmake (found version "1.83.0") found components: chrono date_time filesystem iostreams program_options regex serialization system thread 
[1.026s] -- Found parameter_traits: 0.5.0 (/opt/ros/jazzy/share/parameter_traits/cmake)
[1.035s] -- Found rclcpp_lifecycle: 28.1.13 (/opt/ros/jazzy/share/rclcpp_lifecycle/cmake)
[1.058s] -- Found Boost: /usr/lib/x86_64-linux-gnu/cmake/Boost-1.83.0/BoostConfig.cmake (found version "1.83.0") found components: filesystem 
[1.094s] -- Found Eigen3: TRUE (found version "3.4.0") 
[1.094s] -- Ensuring Eigen3 include directory is part of orocos-kdl CMake target
[1.138s] -- Found Boost: /usr/lib/x86_64-linux-gnu/cmake/Boost-1.83.0/BoostConfig.cmake (found version "1.83.0") found components: system filesystem date_time program_options thread chrono 
[1.170s] -- Found Boost: /usr/lib/x86_64-linux-gnu/cmake/Boost-1.83.0/BoostConfig.cmake (found version "1.83.0") found components: thread system filesystem regex date_time program_options 
[1.187s] -- Found Boost: /usr/lib/x86_64-linux-gnu/cmake/Boost-1.83.0/BoostConfig.cmake (found version "1.83.0") found components: system filesystem date_time program_options thread 
[1.211s] -- Found moveit_visual_tools: 4.1.2 (/opt/ros/jazzy/share/moveit_visual_tools/cmake)
[1.253s] -- Setting OGRE_DIR to: '/opt/ros/jazzy/share/rviz_ogre_vendor/cmake/../../../opt/rviz_ogre_vendor/lib/OGRE/cmake'
[1.254s] -- Found OGRE
[1.254s] --   static     : OFF
[1.254s] --   components : MeshLodGenerator;Overlay;Paging;Property;RTShaderSystem;Terrain;Volume
[1.254s] --   plugins    : Plugin_BSPSceneManager;Plugin_OctreeSceneManager;Plugin_PCZSceneManager;Plugin_ParticleFX;RenderSystem_GL;RenderSystem_GL3Plus;Codec_STBI
[1.254s] --   media      : /opt/ros/jazzy/opt/rviz_ogre_vendor/share/OGRE/Media
[1.254s] -- OGRE_LIBRARIES: OgreMeshLodGenerator;OgreOverlay;OgrePaging;OgreProperty;OgreRTShaderSystem;OgreTerrain;OgreVolume;OgreMain
[1.254s] -- OGRE_LIBRARY_DIRS: /opt/ros/jazzy/opt/rviz_ogre_vendor/lib
[1.254s] -- OGRE_PLUGINS: Plugin_BSPSceneManager;Plugin_OctreeSceneManager;Plugin_PCZSceneManager;Plugin_ParticleFX;RenderSystem_GL;RenderSystem_GL3Plus;Codec_STBI
[1.254s] -- OGRE_PLUGIN_DIR: /opt/ros/jazzy/opt/rviz_ogre_vendor/lib/OGRE
[1.254s] -- rviz_ogre_vendor::OgreOverlay for IMPORTED_LOCATION_RELEASE: /opt/ros/jazzy/opt/rviz_ogre_vendor/lib/libOgreOverlay.so
[1.254s] -- rviz_ogre_vendor::OgreOverlay for IMPORTED_LOCATION_DEBUG: /opt/ros/jazzy/opt/rviz_ogre_vendor/lib/libOgreOverlay.so
[1.254s] -- rviz_ogre_vendor::OgreMain for IMPORTED_LOCATION_RELEASE: /opt/ros/jazzy/opt/rviz_ogre_vendor/lib/libOgreMain.so
[1.255s] -- rviz_ogre_vendor::OgreMain for IMPORTED_LOCATION_DEBUG: /opt/ros/jazzy/opt/rviz_ogre_vendor/lib/libOgreMain.so
[1.271s] -- Found ZLIB: /usr/lib/x86_64-linux-gnu/libz.so (found version "1.3")  
[1.277s] -- Found OpenGL: /usr/lib/x86_64-linux-gnu/libOpenGL.so   
[1.370s] -- Found X11: /usr/include   
[1.370s] -- Looking for XOpenDisplay in /usr/lib/x86_64-linux-gnu/libX11.so;/usr/lib/x86_64-linux-gnu/libXext.so
[1.431s] -- Looking for XOpenDisplay in /usr/lib/x86_64-linux-gnu/libX11.so;/usr/lib/x86_64-linux-gnu/libXext.so - found
[1.431s] -- Looking for gethostbyname
[1.526s] -- Looking for gethostbyname - found
[1.526s] -- Looking for connect
[1.633s] -- Looking for connect - found
[1.634s] -- Looking for remove
[1.733s] -- Looking for remove - found
[1.733s] -- Looking for shmat
[1.786s] -- Looking for shmat - found
[1.786s] -- Looking for IceConnectionNumber in ICE
[1.859s] -- Looking for IceConnectionNumber in ICE - found
[1.870s] -- Setting yaml-cpp_DIR to: '/opt/ros/jazzy/share/yaml_cpp_vendor/cmake/../../../opt/yaml_cpp_vendor/share/cmake/yaml-cpp'
[1.947s] -- Found ament_lint_auto: 0.17.3 (/opt/ros/jazzy/share/ament_lint_auto/cmake)
[2.005s] -- Added test 'cppcheck' to perform static code analysis on C / C++ code
[2.005s] -- Configured cppcheck include dirs: $<BUILD_INTERFACE:/home/a/zyj/fr3_welding/fr3_weld_executing/include>
[2.005s] -- Configured cppcheck exclude dirs and/or files: 
[2.005s] -- Added test 'lint_cmake' to check CMake code style
[2.006s] -- Added test 'uncrustify' to check C / C++ code style
[2.006s] -- Configured uncrustify additional arguments: 
[2.006s] -- Added test 'xmllint' to check XML markup files
[2.007s] -- Configuring done (2.0s)
[2.024s] -- Generating done (0.0s)
[2.028s] -- Build files have been written to: /home/a/zyj/fr3_welding/build/fr3_weld_executing
[2.037s] Invoked command in '/home/a/zyj/fr3_welding/build/fr3_weld_executing' returned '0': CMAKE_PREFIX_PATH=${CMAKE_PREFIX_PATH}:/opt/ros/jazzy DEBUGINFOD_URLS=https://debuginfod.ubuntu.com /usr/bin/cmake /home/a/zyj/fr3_welding/fr3_weld_executing -DAMENT_CMAKE_SYMLINK_INSTALL=1 -DCMAKE_INSTALL_PREFIX=/home/a/zyj/fr3_welding/install/fr3_weld_executing
[2.037s] Invoking command in '/home/a/zyj/fr3_welding/build/fr3_weld_executing': CMAKE_PREFIX_PATH=${CMAKE_PREFIX_PATH}:/opt/ros/jazzy DEBUGINFOD_URLS=https://debuginfod.ubuntu.com /usr/bin/cmake --build /home/a/zyj/fr3_welding/build/fr3_weld_executing -- -j20 -l20
[2.075s] [ 50%] [32mBuilding CXX object CMakeFiles/fr3_weld_executing.dir/src/fr3_weld_executing.cpp.o[0m
[9.822s] [100%] [32m[1mLinking CXX executable fr3_weld_executing[0m
[10.379s] [100%] Built target fr3_weld_executing
[10.391s] Invoked command in '/home/a/zyj/fr3_welding/build/fr3_weld_executing' returned '0': CMAKE_PREFIX_PATH=${CMAKE_PREFIX_PATH}:/opt/ros/jazzy DEBUGINFOD_URLS=https://debuginfod.ubuntu.com /usr/bin/cmake --build /home/a/zyj/fr3_welding/build/fr3_weld_executing -- -j20 -l20
[10.392s] Invoking command in '/home/a/zyj/fr3_welding/build/fr3_weld_executing': CMAKE_PREFIX_PATH=${CMAKE_PREFIX_PATH}:/opt/ros/jazzy DEBUGINFOD_URLS=https://debuginfod.ubuntu.com /usr/bin/cmake --install /home/a/zyj/fr3_welding/build/fr3_weld_executing
[10.401s] -- Install configuration: ""
[10.401s] -- Execute custom install script
[10.401s] -- Symlinking: /home/a/zyj/fr3_welding/install/fr3_weld_executing/lib/fr3_weld_executing/fr3_weld_executing
[10.411s] -- Symlinking: /home/a/zyj/fr3_welding/install/fr3_weld_executing/include/fr3_weld_executing/fr3_weld_executing.h
[10.419s] -- Symlinking: /home/a/zyj/fr3_welding/install/fr3_weld_executing/share/ament_index/resource_index/package_run_dependencies/fr3_weld_executing
[10.428s] -- Symlinking: /home/a/zyj/fr3_welding/install/fr3_weld_executing/share/ament_index/resource_index/parent_prefix_path/fr3_weld_executing
[10.438s] -- Symlinking: /home/a/zyj/fr3_welding/install/fr3_weld_executing/share/fr3_weld_executing/environment/ament_prefix_path.sh
[10.447s] -- Symlinking: /home/a/zyj/fr3_welding/install/fr3_weld_executing/share/fr3_weld_executing/environment/ament_prefix_path.dsv
[10.457s] -- Symlinking: /home/a/zyj/fr3_welding/install/fr3_weld_executing/share/fr3_weld_executing/environment/path.sh
[10.466s] -- Symlinking: /home/a/zyj/fr3_welding/install/fr3_weld_executing/share/fr3_weld_executing/environment/path.dsv
[10.476s] -- Symlinking: /home/a/zyj/fr3_welding/install/fr3_weld_executing/share/fr3_weld_executing/local_setup.bash
[10.484s] -- Symlinking: /home/a/zyj/fr3_welding/install/fr3_weld_executing/share/fr3_weld_executing/local_setup.sh
[10.493s] -- Symlinking: /home/a/zyj/fr3_welding/install/fr3_weld_executing/share/fr3_weld_executing/local_setup.zsh
[10.502s] -- Symlinking: /home/a/zyj/fr3_welding/install/fr3_weld_executing/share/fr3_weld_executing/local_setup.dsv
[10.508s] -- Symlinking: /home/a/zyj/fr3_welding/install/fr3_weld_executing/share/fr3_weld_executing/package.dsv
[10.517s] -- Symlinking: /home/a/zyj/fr3_welding/install/fr3_weld_executing/share/ament_index/resource_index/packages/fr3_weld_executing
[10.525s] -- Symlinking: /home/a/zyj/fr3_welding/install/fr3_weld_executing/share/fr3_weld_executing/cmake/fr3_weld_executingConfig.cmake
[10.534s] -- Symlinking: /home/a/zyj/fr3_welding/install/fr3_weld_executing/share/fr3_weld_executing/cmake/fr3_weld_executingConfig-version.cmake
[10.539s] -- Symlinking: /home/a/zyj/fr3_welding/install/fr3_weld_executing/share/fr3_weld_executing/package.xml
[10.548s] Invoked command in '/home/a/zyj/fr3_welding/build/fr3_weld_executing' returned '0': CMAKE_PREFIX_PATH=${CMAKE_PREFIX_PATH}:/opt/ros/jazzy DEBUGINFOD_URLS=https://debuginfod.ubuntu.com /usr/bin/cmake --install /home/a/zyj/fr3_welding/build/fr3_weld_executing
