[0.046s] DEBUG:colcon:Command line arguments: ['/usr/bin/colcon', 'build', '--symlink-install']
[0.046s] DEBUG:colcon:Parsed command line arguments: Namespace(log_base=None, log_level=None, verb_name='build', build_base='build', install_base='install', merge_install=False, symlink_install=True, test_result_base=None, continue_on_error=False, executor='parallel', parallel_workers=20, event_handlers=None, ignore_user_meta=False, metas=['./colcon.meta'], base_paths=['.'], packages_ignore=None, packages_ignore_regex=None, paths=None, packages_up_to=None, packages_up_to_regex=None, packages_above=None, packages_above_and_dependencies=None, packages_above_depth=None, packages_select_by_dep=None, packages_skip_by_dep=None, packages_skip_up_to=None, packages_select_build_failed=False, packages_skip_build_finished=False, packages_select_test_failures=False, packages_skip_test_passed=False, packages_select=None, packages_skip=None, packages_select_regex=None, packages_skip_regex=None, packages_start=None, packages_end=None, allow_overriding=[], cmake_args=None, cmake_target=None, cmake_target_skip_unavailable=False, cmake_clean_cache=False, cmake_clean_first=False, cmake_force_configure=False, ament_cmake_args=None, catkin_cmake_args=None, catkin_skip_building_tests=False, verb_parser=<colcon_defaults.argument_parser.defaults.DefaultArgumentsDecorator object at 0x79890c45dc70>, verb_extension=<colcon_core.verb.build.BuildVerb object at 0x79890c5aba70>, main=<bound method BuildVerb.main of <colcon_core.verb.build.BuildVerb object at 0x79890c5aba70>>)
[0.064s] Level 1:colcon.colcon_core.package_discovery:discover_packages(colcon_meta) check parameters
[0.064s] Level 1:colcon.colcon_core.package_discovery:discover_packages(recursive) check parameters
[0.065s] Level 1:colcon.colcon_core.package_discovery:discover_packages(ignore) check parameters
[0.065s] Level 1:colcon.colcon_core.package_discovery:discover_packages(path) check parameters
[0.065s] Level 1:colcon.colcon_core.package_discovery:discover_packages(colcon_meta) discover
[0.065s] Level 1:colcon.colcon_core.package_discovery:discover_packages(recursive) discover
[0.065s] INFO:colcon.colcon_core.package_discovery:Crawling recursively for packages in '/home/a/zyj/fr3_welding'
[0.065s] Level 1:colcon.colcon_core.package_identification:_identify(.) by extensions ['ignore', 'ignore_ament_install']
[0.065s] Level 1:colcon.colcon_core.package_identification:_identify(.) by extension 'ignore'
[0.065s] Level 1:colcon.colcon_core.package_identification:_identify(.) by extension 'ignore_ament_install'
[0.065s] Level 1:colcon.colcon_core.package_identification:_identify(.) by extensions ['colcon_pkg']
[0.065s] Level 1:colcon.colcon_core.package_identification:_identify(.) by extension 'colcon_pkg'
[0.065s] Level 1:colcon.colcon_core.package_identification:_identify(.) by extensions ['colcon_meta']
[0.065s] Level 1:colcon.colcon_core.package_identification:_identify(.) by extension 'colcon_meta'
[0.065s] Level 1:colcon.colcon_core.package_identification:_identify(.) by extensions ['ros']
[0.065s] Level 1:colcon.colcon_core.package_identification:_identify(.) by extension 'ros'
[0.077s] Level 1:colcon.colcon_core.package_identification:_identify(.) by extensions ['cmake', 'python']
[0.077s] Level 1:colcon.colcon_core.package_identification:_identify(.) by extension 'cmake'
[0.077s] Level 1:colcon.colcon_core.package_identification:_identify(.) by extension 'python'
[0.077s] Level 1:colcon.colcon_core.package_identification:_identify(.) by extensions ['python_setup_py']
[0.077s] Level 1:colcon.colcon_core.package_identification:_identify(.) by extension 'python_setup_py'
[0.077s] Level 1:colcon.colcon_core.package_identification:_identify(build) by extensions ['ignore', 'ignore_ament_install']
[0.077s] Level 1:colcon.colcon_core.package_identification:_identify(build) by extension 'ignore'
[0.077s] Level 1:colcon.colcon_core.package_identification:_identify(build) ignored
[0.077s] Level 1:colcon.colcon_core.package_identification:_identify(fr3_bringup) by extensions ['ignore', 'ignore_ament_install']
[0.077s] Level 1:colcon.colcon_core.package_identification:_identify(fr3_bringup) by extension 'ignore'
[0.077s] Level 1:colcon.colcon_core.package_identification:_identify(fr3_bringup) by extension 'ignore_ament_install'
[0.077s] Level 1:colcon.colcon_core.package_identification:_identify(fr3_bringup) by extensions ['colcon_pkg']
[0.077s] Level 1:colcon.colcon_core.package_identification:_identify(fr3_bringup) by extension 'colcon_pkg'
[0.077s] Level 1:colcon.colcon_core.package_identification:_identify(fr3_bringup) by extensions ['colcon_meta']
[0.077s] Level 1:colcon.colcon_core.package_identification:_identify(fr3_bringup) by extension 'colcon_meta'
[0.077s] Level 1:colcon.colcon_core.package_identification:_identify(fr3_bringup) by extensions ['ros']
[0.077s] Level 1:colcon.colcon_core.package_identification:_identify(fr3_bringup) by extension 'ros'
[0.079s] DEBUG:colcon.colcon_core.package_identification:Package 'fr3_bringup' with type 'ros.ament_cmake' and name 'fr3_bringup'
[0.079s] Level 1:colcon.colcon_core.package_identification:_identify(fr3_description) by extensions ['ignore', 'ignore_ament_install']
[0.079s] Level 1:colcon.colcon_core.package_identification:_identify(fr3_description) by extension 'ignore'
[0.079s] Level 1:colcon.colcon_core.package_identification:_identify(fr3_description) by extension 'ignore_ament_install'
[0.079s] Level 1:colcon.colcon_core.package_identification:_identify(fr3_description) by extensions ['colcon_pkg']
[0.079s] Level 1:colcon.colcon_core.package_identification:_identify(fr3_description) by extension 'colcon_pkg'
[0.079s] Level 1:colcon.colcon_core.package_identification:_identify(fr3_description) by extensions ['colcon_meta']
[0.079s] Level 1:colcon.colcon_core.package_identification:_identify(fr3_description) by extension 'colcon_meta'
[0.079s] Level 1:colcon.colcon_core.package_identification:_identify(fr3_description) by extensions ['ros']
[0.079s] Level 1:colcon.colcon_core.package_identification:_identify(fr3_description) by extension 'ros'
[0.079s] DEBUG:colcon.colcon_core.package_identification:Package 'fr3_description' with type 'ros.ament_cmake' and name 'fr3_description'
[0.079s] Level 1:colcon.colcon_core.package_identification:_identify(fr3_weld_executing) by extensions ['ignore', 'ignore_ament_install']
[0.079s] Level 1:colcon.colcon_core.package_identification:_identify(fr3_weld_executing) by extension 'ignore'
[0.079s] Level 1:colcon.colcon_core.package_identification:_identify(fr3_weld_executing) by extension 'ignore_ament_install'
[0.079s] Level 1:colcon.colcon_core.package_identification:_identify(fr3_weld_executing) by extensions ['colcon_pkg']
[0.079s] Level 1:colcon.colcon_core.package_identification:_identify(fr3_weld_executing) by extension 'colcon_pkg'
[0.079s] Level 1:colcon.colcon_core.package_identification:_identify(fr3_weld_executing) by extensions ['colcon_meta']
[0.079s] Level 1:colcon.colcon_core.package_identification:_identify(fr3_weld_executing) by extension 'colcon_meta'
[0.080s] Level 1:colcon.colcon_core.package_identification:_identify(fr3_weld_executing) by extensions ['ros']
[0.080s] Level 1:colcon.colcon_core.package_identification:_identify(fr3_weld_executing) by extension 'ros'
[0.080s] DEBUG:colcon.colcon_core.package_identification:Package 'fr3_weld_executing' with type 'ros.ament_cmake' and name 'fr3_weld_executing'
[0.080s] Level 1:colcon.colcon_core.package_identification:_identify(fr3_weld_moveit2_config) by extensions ['ignore', 'ignore_ament_install']
[0.080s] Level 1:colcon.colcon_core.package_identification:_identify(fr3_weld_moveit2_config) by extension 'ignore'
[0.080s] Level 1:colcon.colcon_core.package_identification:_identify(fr3_weld_moveit2_config) by extension 'ignore_ament_install'
[0.080s] Level 1:colcon.colcon_core.package_identification:_identify(fr3_weld_moveit2_config) by extensions ['colcon_pkg']
[0.080s] Level 1:colcon.colcon_core.package_identification:_identify(fr3_weld_moveit2_config) by extension 'colcon_pkg'
[0.080s] Level 1:colcon.colcon_core.package_identification:_identify(fr3_weld_moveit2_config) by extensions ['colcon_meta']
[0.080s] Level 1:colcon.colcon_core.package_identification:_identify(fr3_weld_moveit2_config) by extension 'colcon_meta'
[0.080s] Level 1:colcon.colcon_core.package_identification:_identify(fr3_weld_moveit2_config) by extensions ['ros']
[0.080s] Level 1:colcon.colcon_core.package_identification:_identify(fr3_weld_moveit2_config) by extension 'ros'
[0.080s] DEBUG:colcon.colcon_core.package_identification:Package 'fr3_weld_moveit2_config' with type 'ros.ament_cmake' and name 'fr3_weld_moveit2_config'
[0.080s] Level 1:colcon.colcon_core.package_identification:_identify(install) by extensions ['ignore', 'ignore_ament_install']
[0.080s] Level 1:colcon.colcon_core.package_identification:_identify(install) by extension 'ignore'
[0.080s] Level 1:colcon.colcon_core.package_identification:_identify(install) ignored
[0.081s] Level 1:colcon.colcon_core.package_identification:_identify(log) by extensions ['ignore', 'ignore_ament_install']
[0.081s] Level 1:colcon.colcon_core.package_identification:_identify(log) by extension 'ignore'
[0.081s] Level 1:colcon.colcon_core.package_identification:_identify(log) ignored
[0.081s] Level 1:colcon.colcon_core.package_identification:_identify(weld_butt_seam_extracting) by extensions ['ignore', 'ignore_ament_install']
[0.081s] Level 1:colcon.colcon_core.package_identification:_identify(weld_butt_seam_extracting) by extension 'ignore'
[0.081s] Level 1:colcon.colcon_core.package_identification:_identify(weld_butt_seam_extracting) by extension 'ignore_ament_install'
[0.081s] Level 1:colcon.colcon_core.package_identification:_identify(weld_butt_seam_extracting) by extensions ['colcon_pkg']
[0.081s] Level 1:colcon.colcon_core.package_identification:_identify(weld_butt_seam_extracting) by extension 'colcon_pkg'
[0.081s] Level 1:colcon.colcon_core.package_identification:_identify(weld_butt_seam_extracting) by extensions ['colcon_meta']
[0.081s] Level 1:colcon.colcon_core.package_identification:_identify(weld_butt_seam_extracting) by extension 'colcon_meta'
[0.081s] Level 1:colcon.colcon_core.package_identification:_identify(weld_butt_seam_extracting) by extensions ['ros']
[0.081s] Level 1:colcon.colcon_core.package_identification:_identify(weld_butt_seam_extracting) by extension 'ros'
[0.081s] DEBUG:colcon.colcon_core.package_identification:Package 'weld_butt_seam_extracting' with type 'ros.ament_cmake' and name 'weld_butt_seam_extracting'
[0.081s] Level 1:colcon.colcon_core.package_discovery:discover_packages(recursive) using defaults
[0.081s] Level 1:colcon.colcon_core.package_discovery:discover_packages(ignore) discover
[0.081s] Level 1:colcon.colcon_core.package_discovery:discover_packages(ignore) using defaults
[0.081s] Level 1:colcon.colcon_core.package_discovery:discover_packages(path) discover
[0.081s] Level 1:colcon.colcon_core.package_discovery:discover_packages(path) using defaults
[0.090s] Level 1:colcon.colcon_core.package_discovery:discover_packages(prefix_path) check parameters
[0.090s] Level 1:colcon.colcon_core.package_discovery:discover_packages(prefix_path) discover
[0.091s] DEBUG:colcon.colcon_installed_package_information.package_discovery:Found 413 installed packages in /opt/ros/jazzy
[0.092s] Level 1:colcon.colcon_core.package_discovery:discover_packages(prefix_path) using defaults
[0.114s] Level 5:colcon.colcon_core.verb:set package 'fr3_description' build argument 'cmake_args' from command line to 'None'
[0.114s] Level 5:colcon.colcon_core.verb:set package 'fr3_description' build argument 'cmake_target' from command line to 'None'
[0.114s] Level 5:colcon.colcon_core.verb:set package 'fr3_description' build argument 'cmake_target_skip_unavailable' from command line to 'False'
[0.114s] Level 5:colcon.colcon_core.verb:set package 'fr3_description' build argument 'cmake_clean_cache' from command line to 'False'
[0.114s] Level 5:colcon.colcon_core.verb:set package 'fr3_description' build argument 'cmake_clean_first' from command line to 'False'
[0.114s] Level 5:colcon.colcon_core.verb:set package 'fr3_description' build argument 'cmake_force_configure' from command line to 'False'
[0.114s] Level 5:colcon.colcon_core.verb:set package 'fr3_description' build argument 'ament_cmake_args' from command line to 'None'
[0.114s] Level 5:colcon.colcon_core.verb:set package 'fr3_description' build argument 'catkin_cmake_args' from command line to 'None'
[0.114s] Level 5:colcon.colcon_core.verb:set package 'fr3_description' build argument 'catkin_skip_building_tests' from command line to 'False'
[0.114s] DEBUG:colcon.colcon_core.verb:Building package 'fr3_description' with the following arguments: {'ament_cmake_args': None, 'build_base': '/home/a/zyj/fr3_welding/build/fr3_description', 'catkin_cmake_args': None, 'catkin_skip_building_tests': False, 'cmake_args': None, 'cmake_clean_cache': False, 'cmake_clean_first': False, 'cmake_force_configure': False, 'cmake_target': None, 'cmake_target_skip_unavailable': False, 'install_base': '/home/a/zyj/fr3_welding/install/fr3_description', 'merge_install': False, 'path': '/home/a/zyj/fr3_welding/fr3_description', 'symlink_install': True, 'test_result_base': None}
[0.114s] Level 5:colcon.colcon_core.verb:set package 'fr3_weld_executing' build argument 'cmake_args' from command line to 'None'
[0.114s] Level 5:colcon.colcon_core.verb:set package 'fr3_weld_executing' build argument 'cmake_target' from command line to 'None'
[0.114s] Level 5:colcon.colcon_core.verb:set package 'fr3_weld_executing' build argument 'cmake_target_skip_unavailable' from command line to 'False'
[0.114s] Level 5:colcon.colcon_core.verb:set package 'fr3_weld_executing' build argument 'cmake_clean_cache' from command line to 'False'
[0.114s] Level 5:colcon.colcon_core.verb:set package 'fr3_weld_executing' build argument 'cmake_clean_first' from command line to 'False'
[0.114s] Level 5:colcon.colcon_core.verb:set package 'fr3_weld_executing' build argument 'cmake_force_configure' from command line to 'False'
[0.114s] Level 5:colcon.colcon_core.verb:set package 'fr3_weld_executing' build argument 'ament_cmake_args' from command line to 'None'
[0.114s] Level 5:colcon.colcon_core.verb:set package 'fr3_weld_executing' build argument 'catkin_cmake_args' from command line to 'None'
[0.114s] Level 5:colcon.colcon_core.verb:set package 'fr3_weld_executing' build argument 'catkin_skip_building_tests' from command line to 'False'
[0.114s] DEBUG:colcon.colcon_core.verb:Building package 'fr3_weld_executing' with the following arguments: {'ament_cmake_args': None, 'build_base': '/home/a/zyj/fr3_welding/build/fr3_weld_executing', 'catkin_cmake_args': None, 'catkin_skip_building_tests': False, 'cmake_args': None, 'cmake_clean_cache': False, 'cmake_clean_first': False, 'cmake_force_configure': False, 'cmake_target': None, 'cmake_target_skip_unavailable': False, 'install_base': '/home/a/zyj/fr3_welding/install/fr3_weld_executing', 'merge_install': False, 'path': '/home/a/zyj/fr3_welding/fr3_weld_executing', 'symlink_install': True, 'test_result_base': None}
[0.114s] Level 5:colcon.colcon_core.verb:set package 'weld_butt_seam_extracting' build argument 'cmake_args' from command line to 'None'
[0.114s] Level 5:colcon.colcon_core.verb:set package 'weld_butt_seam_extracting' build argument 'cmake_target' from command line to 'None'
[0.114s] Level 5:colcon.colcon_core.verb:set package 'weld_butt_seam_extracting' build argument 'cmake_target_skip_unavailable' from command line to 'False'
[0.114s] Level 5:colcon.colcon_core.verb:set package 'weld_butt_seam_extracting' build argument 'cmake_clean_cache' from command line to 'False'
[0.114s] Level 5:colcon.colcon_core.verb:set package 'weld_butt_seam_extracting' build argument 'cmake_clean_first' from command line to 'False'
[0.114s] Level 5:colcon.colcon_core.verb:set package 'weld_butt_seam_extracting' build argument 'cmake_force_configure' from command line to 'False'
[0.114s] Level 5:colcon.colcon_core.verb:set package 'weld_butt_seam_extracting' build argument 'ament_cmake_args' from command line to 'None'
[0.114s] Level 5:colcon.colcon_core.verb:set package 'weld_butt_seam_extracting' build argument 'catkin_cmake_args' from command line to 'None'
[0.114s] Level 5:colcon.colcon_core.verb:set package 'weld_butt_seam_extracting' build argument 'catkin_skip_building_tests' from command line to 'False'
[0.114s] DEBUG:colcon.colcon_core.verb:Building package 'weld_butt_seam_extracting' with the following arguments: {'ament_cmake_args': None, 'build_base': '/home/a/zyj/fr3_welding/build/weld_butt_seam_extracting', 'catkin_cmake_args': None, 'catkin_skip_building_tests': False, 'cmake_args': None, 'cmake_clean_cache': False, 'cmake_clean_first': False, 'cmake_force_configure': False, 'cmake_target': None, 'cmake_target_skip_unavailable': False, 'install_base': '/home/a/zyj/fr3_welding/install/weld_butt_seam_extracting', 'merge_install': False, 'path': '/home/a/zyj/fr3_welding/weld_butt_seam_extracting', 'symlink_install': True, 'test_result_base': None}
[0.114s] Level 5:colcon.colcon_core.verb:set package 'fr3_bringup' build argument 'cmake_args' from command line to 'None'
[0.114s] Level 5:colcon.colcon_core.verb:set package 'fr3_bringup' build argument 'cmake_target' from command line to 'None'
[0.114s] Level 5:colcon.colcon_core.verb:set package 'fr3_bringup' build argument 'cmake_target_skip_unavailable' from command line to 'False'
[0.114s] Level 5:colcon.colcon_core.verb:set package 'fr3_bringup' build argument 'cmake_clean_cache' from command line to 'False'
[0.114s] Level 5:colcon.colcon_core.verb:set package 'fr3_bringup' build argument 'cmake_clean_first' from command line to 'False'
[0.114s] Level 5:colcon.colcon_core.verb:set package 'fr3_bringup' build argument 'cmake_force_configure' from command line to 'False'
[0.114s] Level 5:colcon.colcon_core.verb:set package 'fr3_bringup' build argument 'ament_cmake_args' from command line to 'None'
[0.114s] Level 5:colcon.colcon_core.verb:set package 'fr3_bringup' build argument 'catkin_cmake_args' from command line to 'None'
[0.114s] Level 5:colcon.colcon_core.verb:set package 'fr3_bringup' build argument 'catkin_skip_building_tests' from command line to 'False'
[0.114s] DEBUG:colcon.colcon_core.verb:Building package 'fr3_bringup' with the following arguments: {'ament_cmake_args': None, 'build_base': '/home/a/zyj/fr3_welding/build/fr3_bringup', 'catkin_cmake_args': None, 'catkin_skip_building_tests': False, 'cmake_args': None, 'cmake_clean_cache': False, 'cmake_clean_first': False, 'cmake_force_configure': False, 'cmake_target': None, 'cmake_target_skip_unavailable': False, 'install_base': '/home/a/zyj/fr3_welding/install/fr3_bringup', 'merge_install': False, 'path': '/home/a/zyj/fr3_welding/fr3_bringup', 'symlink_install': True, 'test_result_base': None}
[0.114s] Level 5:colcon.colcon_core.verb:set package 'fr3_weld_moveit2_config' build argument 'cmake_args' from command line to 'None'
[0.114s] Level 5:colcon.colcon_core.verb:set package 'fr3_weld_moveit2_config' build argument 'cmake_target' from command line to 'None'
[0.115s] Level 5:colcon.colcon_core.verb:set package 'fr3_weld_moveit2_config' build argument 'cmake_target_skip_unavailable' from command line to 'False'
[0.115s] Level 5:colcon.colcon_core.verb:set package 'fr3_weld_moveit2_config' build argument 'cmake_clean_cache' from command line to 'False'
[0.115s] Level 5:colcon.colcon_core.verb:set package 'fr3_weld_moveit2_config' build argument 'cmake_clean_first' from command line to 'False'
[0.115s] Level 5:colcon.colcon_core.verb:set package 'fr3_weld_moveit2_config' build argument 'cmake_force_configure' from command line to 'False'
[0.115s] Level 5:colcon.colcon_core.verb:set package 'fr3_weld_moveit2_config' build argument 'ament_cmake_args' from command line to 'None'
[0.115s] Level 5:colcon.colcon_core.verb:set package 'fr3_weld_moveit2_config' build argument 'catkin_cmake_args' from command line to 'None'
[0.115s] Level 5:colcon.colcon_core.verb:set package 'fr3_weld_moveit2_config' build argument 'catkin_skip_building_tests' from command line to 'False'
[0.115s] DEBUG:colcon.colcon_core.verb:Building package 'fr3_weld_moveit2_config' with the following arguments: {'ament_cmake_args': None, 'build_base': '/home/a/zyj/fr3_welding/build/fr3_weld_moveit2_config', 'catkin_cmake_args': None, 'catkin_skip_building_tests': False, 'cmake_args': None, 'cmake_clean_cache': False, 'cmake_clean_first': False, 'cmake_force_configure': False, 'cmake_target': None, 'cmake_target_skip_unavailable': False, 'install_base': '/home/a/zyj/fr3_welding/install/fr3_weld_moveit2_config', 'merge_install': False, 'path': '/home/a/zyj/fr3_welding/fr3_weld_moveit2_config', 'symlink_install': True, 'test_result_base': None}
[0.115s] INFO:colcon.colcon_core.executor:Executing jobs using 'parallel' executor
[0.115s] DEBUG:colcon.colcon_parallel_executor.executor.parallel:run_until_complete
[0.115s] INFO:colcon.colcon_ros.task.ament_cmake.build:Building ROS package in '/home/a/zyj/fr3_welding/fr3_description' with build type 'ament_cmake'
[0.115s] INFO:colcon.colcon_cmake.task.cmake.build:Building CMake package in '/home/a/zyj/fr3_welding/fr3_description'
[0.116s] INFO:colcon.colcon_core.plugin_system:Skipping extension 'colcon_core.shell.bat': Not used on non-Windows systems
[0.116s] INFO:colcon.colcon_core.shell:Skip shell extension 'powershell' for command environment: Not usable outside of PowerShell
[0.116s] DEBUG:colcon.colcon_core.shell:Skip shell extension 'dsv' for command environment
[0.118s] INFO:colcon.colcon_ros.task.ament_cmake.build:Building ROS package in '/home/a/zyj/fr3_welding/fr3_weld_executing' with build type 'ament_cmake'
[0.118s] INFO:colcon.colcon_cmake.task.cmake.build:Building CMake package in '/home/a/zyj/fr3_welding/fr3_weld_executing'
[0.118s] INFO:colcon.colcon_core.shell:Skip shell extension 'powershell' for command environment: Not usable outside of PowerShell
[0.118s] DEBUG:colcon.colcon_core.shell:Skip shell extension 'dsv' for command environment
[0.119s] INFO:colcon.colcon_ros.task.ament_cmake.build:Building ROS package in '/home/a/zyj/fr3_welding/weld_butt_seam_extracting' with build type 'ament_cmake'
[0.119s] INFO:colcon.colcon_cmake.task.cmake.build:Building CMake package in '/home/a/zyj/fr3_welding/weld_butt_seam_extracting'
[0.119s] INFO:colcon.colcon_core.shell:Skip shell extension 'powershell' for command environment: Not usable outside of PowerShell
[0.119s] DEBUG:colcon.colcon_core.shell:Skip shell extension 'dsv' for command environment
[0.123s] DEBUG:colcon.colcon_core.event_handler.log_command:Invoking command in '/home/a/zyj/fr3_welding/build/fr3_description': CMAKE_PREFIX_PATH=${CMAKE_PREFIX_PATH}:/opt/ros/jazzy DEBUGINFOD_URLS=https://debuginfod.ubuntu.com /usr/bin/cmake /home/a/zyj/fr3_welding/fr3_description -DAMENT_CMAKE_SYMLINK_INSTALL=1 -DCMAKE_INSTALL_PREFIX=/home/a/zyj/fr3_welding/install/fr3_description
[0.124s] DEBUG:colcon.colcon_core.event_handler.log_command:Invoking command in '/home/a/zyj/fr3_welding/build/fr3_weld_executing': CMAKE_PREFIX_PATH=${CMAKE_PREFIX_PATH}:/opt/ros/jazzy DEBUGINFOD_URLS=https://debuginfod.ubuntu.com /usr/bin/cmake /home/a/zyj/fr3_welding/fr3_weld_executing -DAMENT_CMAKE_SYMLINK_INSTALL=1 -DCMAKE_INSTALL_PREFIX=/home/a/zyj/fr3_welding/install/fr3_weld_executing
[0.125s] DEBUG:colcon.colcon_core.event_handler.log_command:Invoking command in '/home/a/zyj/fr3_welding/build/weld_butt_seam_extracting': CMAKE_PREFIX_PATH=${CMAKE_PREFIX_PATH}:/opt/ros/jazzy DEBUGINFOD_URLS=https://debuginfod.ubuntu.com /usr/bin/cmake /home/a/zyj/fr3_welding/weld_butt_seam_extracting -DAMENT_CMAKE_SYMLINK_INSTALL=1 -DCMAKE_INSTALL_PREFIX=/home/a/zyj/fr3_welding/install/weld_butt_seam_extracting
[0.616s] DEBUG:colcon.colcon_core.event_handler.log_command:Invoked command in '/home/a/zyj/fr3_welding/build/fr3_description' returned '0': CMAKE_PREFIX_PATH=${CMAKE_PREFIX_PATH}:/opt/ros/jazzy DEBUGINFOD_URLS=https://debuginfod.ubuntu.com /usr/bin/cmake /home/a/zyj/fr3_welding/fr3_description -DAMENT_CMAKE_SYMLINK_INSTALL=1 -DCMAKE_INSTALL_PREFIX=/home/a/zyj/fr3_welding/install/fr3_description
[0.617s] DEBUG:colcon.colcon_core.event_handler.log_command:Invoking command in '/home/a/zyj/fr3_welding/build/fr3_description': CMAKE_PREFIX_PATH=${CMAKE_PREFIX_PATH}:/opt/ros/jazzy DEBUGINFOD_URLS=https://debuginfod.ubuntu.com /usr/bin/cmake --build /home/a/zyj/fr3_welding/build/fr3_description -- -j20 -l20
[0.643s] DEBUG:colcon.colcon_core.event_handler.log_command:Invoked command in '/home/a/zyj/fr3_welding/build/fr3_description' returned '0': CMAKE_PREFIX_PATH=${CMAKE_PREFIX_PATH}:/opt/ros/jazzy DEBUGINFOD_URLS=https://debuginfod.ubuntu.com /usr/bin/cmake --build /home/a/zyj/fr3_welding/build/fr3_description -- -j20 -l20
[0.650s] DEBUG:colcon.colcon_core.event_handler.log_command:Invoking command in '/home/a/zyj/fr3_welding/build/fr3_description': CMAKE_PREFIX_PATH=${CMAKE_PREFIX_PATH}:/opt/ros/jazzy DEBUGINFOD_URLS=https://debuginfod.ubuntu.com /usr/bin/cmake --install /home/a/zyj/fr3_welding/build/fr3_description
[0.820s] Level 1:colcon.colcon_core.environment:create_environment_scripts_only(fr3_description)
[0.821s] DEBUG:colcon.colcon_core.event_handler.log_command:Invoked command in '/home/a/zyj/fr3_welding/build/fr3_description' returned '0': CMAKE_PREFIX_PATH=${CMAKE_PREFIX_PATH}:/opt/ros/jazzy DEBUGINFOD_URLS=https://debuginfod.ubuntu.com /usr/bin/cmake --install /home/a/zyj/fr3_welding/build/fr3_description
[0.822s] Level 1:colcon.colcon_core.environment:checking '/home/a/zyj/fr3_welding/install/fr3_description' for CMake module files
[0.823s] Level 1:colcon.colcon_core.environment:checking '/home/a/zyj/fr3_welding/install/fr3_description' for CMake config files
[0.823s] Level 1:colcon.colcon_core.shell:create_environment_hook('fr3_description', 'cmake_prefix_path')
[0.823s] INFO:colcon.colcon_core.shell:Creating environment hook '/home/a/zyj/fr3_welding/install/fr3_description/share/fr3_description/hook/cmake_prefix_path.ps1'
[0.824s] INFO:colcon.colcon_core.shell:Creating environment descriptor '/home/a/zyj/fr3_welding/install/fr3_description/share/fr3_description/hook/cmake_prefix_path.dsv'
[0.824s] INFO:colcon.colcon_core.shell:Creating environment hook '/home/a/zyj/fr3_welding/install/fr3_description/share/fr3_description/hook/cmake_prefix_path.sh'
[0.824s] Level 1:colcon.colcon_core.environment:checking '/home/a/zyj/fr3_welding/install/fr3_description/bin'
[0.824s] Level 1:colcon.colcon_core.environment:checking '/home/a/zyj/fr3_welding/install/fr3_description/lib/pkgconfig/fr3_description.pc'
[0.825s] Level 1:colcon.colcon_core.environment:checking '/home/a/zyj/fr3_welding/install/fr3_description/lib/python3.12/site-packages'
[0.825s] Level 1:colcon.colcon_core.environment:checking '/home/a/zyj/fr3_welding/install/fr3_description/bin'
[0.825s] INFO:colcon.colcon_core.shell:Creating package script '/home/a/zyj/fr3_welding/install/fr3_description/share/fr3_description/package.ps1'
[0.825s] INFO:colcon.colcon_core.shell:Creating package descriptor '/home/a/zyj/fr3_welding/install/fr3_description/share/fr3_description/package.dsv'
[0.825s] INFO:colcon.colcon_core.shell:Creating package script '/home/a/zyj/fr3_welding/install/fr3_description/share/fr3_description/package.sh'
[0.826s] INFO:colcon.colcon_core.shell:Creating package script '/home/a/zyj/fr3_welding/install/fr3_description/share/fr3_description/package.bash'
[0.826s] INFO:colcon.colcon_core.shell:Creating package script '/home/a/zyj/fr3_welding/install/fr3_description/share/fr3_description/package.zsh'
[0.826s] Level 1:colcon.colcon_core.environment:create_file_with_runtime_dependencies(/home/a/zyj/fr3_welding/install/fr3_description/share/colcon-core/packages/fr3_description)
[0.826s] Level 1:colcon.colcon_core.environment:create_environment_scripts_only(fr3_description)
[0.826s] Level 1:colcon.colcon_core.environment:checking '/home/a/zyj/fr3_welding/install/fr3_description' for CMake module files
[0.826s] Level 1:colcon.colcon_core.environment:checking '/home/a/zyj/fr3_welding/install/fr3_description' for CMake config files
[0.826s] Level 1:colcon.colcon_core.shell:create_environment_hook('fr3_description', 'cmake_prefix_path')
[0.827s] INFO:colcon.colcon_core.shell:Creating environment hook '/home/a/zyj/fr3_welding/install/fr3_description/share/fr3_description/hook/cmake_prefix_path.ps1'
[0.827s] INFO:colcon.colcon_core.shell:Creating environment descriptor '/home/a/zyj/fr3_welding/install/fr3_description/share/fr3_description/hook/cmake_prefix_path.dsv'
[0.827s] INFO:colcon.colcon_core.shell:Creating environment hook '/home/a/zyj/fr3_welding/install/fr3_description/share/fr3_description/hook/cmake_prefix_path.sh'
[0.827s] Level 1:colcon.colcon_core.environment:checking '/home/a/zyj/fr3_welding/install/fr3_description/bin'
[0.827s] Level 1:colcon.colcon_core.environment:checking '/home/a/zyj/fr3_welding/install/fr3_description/lib/pkgconfig/fr3_description.pc'
[0.827s] Level 1:colcon.colcon_core.environment:checking '/home/a/zyj/fr3_welding/install/fr3_description/lib/python3.12/site-packages'
[0.827s] Level 1:colcon.colcon_core.environment:checking '/home/a/zyj/fr3_welding/install/fr3_description/bin'
[0.827s] INFO:colcon.colcon_core.shell:Creating package script '/home/a/zyj/fr3_welding/install/fr3_description/share/fr3_description/package.ps1'
[0.828s] INFO:colcon.colcon_core.shell:Creating package descriptor '/home/a/zyj/fr3_welding/install/fr3_description/share/fr3_description/package.dsv'
[0.828s] INFO:colcon.colcon_core.shell:Creating package script '/home/a/zyj/fr3_welding/install/fr3_description/share/fr3_description/package.sh'
[0.828s] INFO:colcon.colcon_core.shell:Creating package script '/home/a/zyj/fr3_welding/install/fr3_description/share/fr3_description/package.bash'
[0.828s] INFO:colcon.colcon_core.shell:Creating package script '/home/a/zyj/fr3_welding/install/fr3_description/share/fr3_description/package.zsh'
[0.828s] Level 1:colcon.colcon_core.environment:create_file_with_runtime_dependencies(/home/a/zyj/fr3_welding/install/fr3_description/share/colcon-core/packages/fr3_description)
[0.828s] INFO:colcon.colcon_ros.task.ament_cmake.build:Building ROS package in '/home/a/zyj/fr3_welding/fr3_bringup' with build type 'ament_cmake'
[0.828s] INFO:colcon.colcon_cmake.task.cmake.build:Building CMake package in '/home/a/zyj/fr3_welding/fr3_bringup'
[0.828s] INFO:colcon.colcon_core.shell:Skip shell extension 'powershell' for command environment: Not usable outside of PowerShell
[0.828s] DEBUG:colcon.colcon_core.shell:Skip shell extension 'dsv' for command environment
[0.830s] INFO:colcon.colcon_ros.task.ament_cmake.build:Building ROS package in '/home/a/zyj/fr3_welding/fr3_weld_moveit2_config' with build type 'ament_cmake'
[0.830s] INFO:colcon.colcon_cmake.task.cmake.build:Building CMake package in '/home/a/zyj/fr3_welding/fr3_weld_moveit2_config'
[0.830s] INFO:colcon.colcon_core.shell:Skip shell extension 'powershell' for command environment: Not usable outside of PowerShell
[0.830s] DEBUG:colcon.colcon_core.shell:Skip shell extension 'dsv' for command environment
[0.833s] DEBUG:colcon.colcon_core.event_handler.log_command:Invoking command in '/home/a/zyj/fr3_welding/build/fr3_bringup': AMENT_PREFIX_PATH=/home/a/zyj/fr3_welding/install/fr3_description:${AMENT_PREFIX_PATH} CMAKE_PREFIX_PATH=/home/a/zyj/fr3_welding/install/fr3_description:/opt/ros/jazzy/opt/gz_sim_vendor:/opt/ros/jazzy/opt/gz_sensors_vendor:/opt/ros/jazzy/opt/gz_physics_vendor:/opt/ros/jazzy/opt/sdformat_vendor:/opt/ros/jazzy/opt/gz_gui_vendor:/opt/ros/jazzy/opt/gz_transport_vendor:/opt/ros/jazzy/opt/gz_rendering_vendor:/opt/ros/jazzy/opt/gz_plugin_vendor:/opt/ros/jazzy/opt/gz_fuel_tools_vendor:/opt/ros/jazzy/opt/gz_msgs_vendor:/opt/ros/jazzy/opt/gz_common_vendor:/opt/ros/jazzy/opt/gz_math_vendor:/opt/ros/jazzy/opt/gz_utils_vendor:/opt/ros/jazzy/opt/gz_tools_vendor:/opt/ros/jazzy/opt/gz_ogre_next_vendor:/opt/ros/jazzy/opt/gz_dartsim_vendor:/opt/ros/jazzy/opt/gz_cmake_vendor:/opt/ros/jazzy DEBUGINFOD_URLS=https://debuginfod.ubuntu.com /usr/bin/cmake /home/a/zyj/fr3_welding/fr3_bringup -DAMENT_CMAKE_SYMLINK_INSTALL=1 -DCMAKE_INSTALL_PREFIX=/home/a/zyj/fr3_welding/install/fr3_bringup
[0.835s] DEBUG:colcon.colcon_core.event_handler.log_command:Invoking command in '/home/a/zyj/fr3_welding/build/fr3_weld_moveit2_config': AMENT_PREFIX_PATH=/home/a/zyj/fr3_welding/install/fr3_description:${AMENT_PREFIX_PATH} CMAKE_PREFIX_PATH=/home/a/zyj/fr3_welding/install/fr3_description:/opt/ros/jazzy/opt/gz_sim_vendor:/opt/ros/jazzy/opt/gz_sensors_vendor:/opt/ros/jazzy/opt/gz_physics_vendor:/opt/ros/jazzy/opt/sdformat_vendor:/opt/ros/jazzy/opt/gz_gui_vendor:/opt/ros/jazzy/opt/gz_transport_vendor:/opt/ros/jazzy/opt/gz_rendering_vendor:/opt/ros/jazzy/opt/gz_plugin_vendor:/opt/ros/jazzy/opt/gz_fuel_tools_vendor:/opt/ros/jazzy/opt/gz_msgs_vendor:/opt/ros/jazzy/opt/gz_common_vendor:/opt/ros/jazzy/opt/gz_math_vendor:/opt/ros/jazzy/opt/gz_utils_vendor:/opt/ros/jazzy/opt/gz_tools_vendor:/opt/ros/jazzy/opt/gz_ogre_next_vendor:/opt/ros/jazzy/opt/gz_dartsim_vendor:/opt/ros/jazzy/opt/gz_cmake_vendor:/opt/ros/jazzy DEBUGINFOD_URLS=https://debuginfod.ubuntu.com /usr/bin/cmake /home/a/zyj/fr3_welding/fr3_weld_moveit2_config -DAMENT_CMAKE_SYMLINK_INSTALL=1 -DCMAKE_INSTALL_PREFIX=/home/a/zyj/fr3_welding/install/fr3_weld_moveit2_config
[1.248s] DEBUG:colcon.colcon_core.event_handler.log_command:Invoked command in '/home/a/zyj/fr3_welding/build/fr3_weld_moveit2_config' returned '0': AMENT_PREFIX_PATH=/home/a/zyj/fr3_welding/install/fr3_description:${AMENT_PREFIX_PATH} CMAKE_PREFIX_PATH=/home/a/zyj/fr3_welding/install/fr3_description:/opt/ros/jazzy/opt/gz_sim_vendor:/opt/ros/jazzy/opt/gz_sensors_vendor:/opt/ros/jazzy/opt/gz_physics_vendor:/opt/ros/jazzy/opt/sdformat_vendor:/opt/ros/jazzy/opt/gz_gui_vendor:/opt/ros/jazzy/opt/gz_transport_vendor:/opt/ros/jazzy/opt/gz_rendering_vendor:/opt/ros/jazzy/opt/gz_plugin_vendor:/opt/ros/jazzy/opt/gz_fuel_tools_vendor:/opt/ros/jazzy/opt/gz_msgs_vendor:/opt/ros/jazzy/opt/gz_common_vendor:/opt/ros/jazzy/opt/gz_math_vendor:/opt/ros/jazzy/opt/gz_utils_vendor:/opt/ros/jazzy/opt/gz_tools_vendor:/opt/ros/jazzy/opt/gz_ogre_next_vendor:/opt/ros/jazzy/opt/gz_dartsim_vendor:/opt/ros/jazzy/opt/gz_cmake_vendor:/opt/ros/jazzy DEBUGINFOD_URLS=https://debuginfod.ubuntu.com /usr/bin/cmake /home/a/zyj/fr3_welding/fr3_weld_moveit2_config -DAMENT_CMAKE_SYMLINK_INSTALL=1 -DCMAKE_INSTALL_PREFIX=/home/a/zyj/fr3_welding/install/fr3_weld_moveit2_config
[1.248s] DEBUG:colcon.colcon_core.event_handler.log_command:Invoking command in '/home/a/zyj/fr3_welding/build/fr3_weld_moveit2_config': AMENT_PREFIX_PATH=/home/a/zyj/fr3_welding/install/fr3_description:${AMENT_PREFIX_PATH} CMAKE_PREFIX_PATH=/home/a/zyj/fr3_welding/install/fr3_description:/opt/ros/jazzy/opt/gz_sim_vendor:/opt/ros/jazzy/opt/gz_sensors_vendor:/opt/ros/jazzy/opt/gz_physics_vendor:/opt/ros/jazzy/opt/sdformat_vendor:/opt/ros/jazzy/opt/gz_gui_vendor:/opt/ros/jazzy/opt/gz_transport_vendor:/opt/ros/jazzy/opt/gz_rendering_vendor:/opt/ros/jazzy/opt/gz_plugin_vendor:/opt/ros/jazzy/opt/gz_fuel_tools_vendor:/opt/ros/jazzy/opt/gz_msgs_vendor:/opt/ros/jazzy/opt/gz_common_vendor:/opt/ros/jazzy/opt/gz_math_vendor:/opt/ros/jazzy/opt/gz_utils_vendor:/opt/ros/jazzy/opt/gz_tools_vendor:/opt/ros/jazzy/opt/gz_ogre_next_vendor:/opt/ros/jazzy/opt/gz_dartsim_vendor:/opt/ros/jazzy/opt/gz_cmake_vendor:/opt/ros/jazzy DEBUGINFOD_URLS=https://debuginfod.ubuntu.com /usr/bin/cmake --build /home/a/zyj/fr3_welding/build/fr3_weld_moveit2_config -- -j20 -l20
[1.254s] DEBUG:colcon.colcon_core.event_handler.log_command:Invoked command in '/home/a/zyj/fr3_welding/build/fr3_bringup' returned '0': AMENT_PREFIX_PATH=/home/a/zyj/fr3_welding/install/fr3_description:${AMENT_PREFIX_PATH} CMAKE_PREFIX_PATH=/home/a/zyj/fr3_welding/install/fr3_description:/opt/ros/jazzy/opt/gz_sim_vendor:/opt/ros/jazzy/opt/gz_sensors_vendor:/opt/ros/jazzy/opt/gz_physics_vendor:/opt/ros/jazzy/opt/sdformat_vendor:/opt/ros/jazzy/opt/gz_gui_vendor:/opt/ros/jazzy/opt/gz_transport_vendor:/opt/ros/jazzy/opt/gz_rendering_vendor:/opt/ros/jazzy/opt/gz_plugin_vendor:/opt/ros/jazzy/opt/gz_fuel_tools_vendor:/opt/ros/jazzy/opt/gz_msgs_vendor:/opt/ros/jazzy/opt/gz_common_vendor:/opt/ros/jazzy/opt/gz_math_vendor:/opt/ros/jazzy/opt/gz_utils_vendor:/opt/ros/jazzy/opt/gz_tools_vendor:/opt/ros/jazzy/opt/gz_ogre_next_vendor:/opt/ros/jazzy/opt/gz_dartsim_vendor:/opt/ros/jazzy/opt/gz_cmake_vendor:/opt/ros/jazzy DEBUGINFOD_URLS=https://debuginfod.ubuntu.com /usr/bin/cmake /home/a/zyj/fr3_welding/fr3_bringup -DAMENT_CMAKE_SYMLINK_INSTALL=1 -DCMAKE_INSTALL_PREFIX=/home/a/zyj/fr3_welding/install/fr3_bringup
[1.254s] DEBUG:colcon.colcon_core.event_handler.log_command:Invoking command in '/home/a/zyj/fr3_welding/build/fr3_bringup': AMENT_PREFIX_PATH=/home/a/zyj/fr3_welding/install/fr3_description:${AMENT_PREFIX_PATH} CMAKE_PREFIX_PATH=/home/a/zyj/fr3_welding/install/fr3_description:/opt/ros/jazzy/opt/gz_sim_vendor:/opt/ros/jazzy/opt/gz_sensors_vendor:/opt/ros/jazzy/opt/gz_physics_vendor:/opt/ros/jazzy/opt/sdformat_vendor:/opt/ros/jazzy/opt/gz_gui_vendor:/opt/ros/jazzy/opt/gz_transport_vendor:/opt/ros/jazzy/opt/gz_rendering_vendor:/opt/ros/jazzy/opt/gz_plugin_vendor:/opt/ros/jazzy/opt/gz_fuel_tools_vendor:/opt/ros/jazzy/opt/gz_msgs_vendor:/opt/ros/jazzy/opt/gz_common_vendor:/opt/ros/jazzy/opt/gz_math_vendor:/opt/ros/jazzy/opt/gz_utils_vendor:/opt/ros/jazzy/opt/gz_tools_vendor:/opt/ros/jazzy/opt/gz_ogre_next_vendor:/opt/ros/jazzy/opt/gz_dartsim_vendor:/opt/ros/jazzy/opt/gz_cmake_vendor:/opt/ros/jazzy DEBUGINFOD_URLS=https://debuginfod.ubuntu.com /usr/bin/cmake --build /home/a/zyj/fr3_welding/build/fr3_bringup -- -j20 -l20
[1.272s] DEBUG:colcon.colcon_core.event_handler.log_command:Invoked command in '/home/a/zyj/fr3_welding/build/fr3_weld_moveit2_config' returned '0': AMENT_PREFIX_PATH=/home/a/zyj/fr3_welding/install/fr3_description:${AMENT_PREFIX_PATH} CMAKE_PREFIX_PATH=/home/a/zyj/fr3_welding/install/fr3_description:/opt/ros/jazzy/opt/gz_sim_vendor:/opt/ros/jazzy/opt/gz_sensors_vendor:/opt/ros/jazzy/opt/gz_physics_vendor:/opt/ros/jazzy/opt/sdformat_vendor:/opt/ros/jazzy/opt/gz_gui_vendor:/opt/ros/jazzy/opt/gz_transport_vendor:/opt/ros/jazzy/opt/gz_rendering_vendor:/opt/ros/jazzy/opt/gz_plugin_vendor:/opt/ros/jazzy/opt/gz_fuel_tools_vendor:/opt/ros/jazzy/opt/gz_msgs_vendor:/opt/ros/jazzy/opt/gz_common_vendor:/opt/ros/jazzy/opt/gz_math_vendor:/opt/ros/jazzy/opt/gz_utils_vendor:/opt/ros/jazzy/opt/gz_tools_vendor:/opt/ros/jazzy/opt/gz_ogre_next_vendor:/opt/ros/jazzy/opt/gz_dartsim_vendor:/opt/ros/jazzy/opt/gz_cmake_vendor:/opt/ros/jazzy DEBUGINFOD_URLS=https://debuginfod.ubuntu.com /usr/bin/cmake --build /home/a/zyj/fr3_welding/build/fr3_weld_moveit2_config -- -j20 -l20
[1.272s] DEBUG:colcon.colcon_core.event_handler.log_command:Invoking command in '/home/a/zyj/fr3_welding/build/fr3_weld_moveit2_config': AMENT_PREFIX_PATH=/home/a/zyj/fr3_welding/install/fr3_description:${AMENT_PREFIX_PATH} CMAKE_PREFIX_PATH=/home/a/zyj/fr3_welding/install/fr3_description:/opt/ros/jazzy/opt/gz_sim_vendor:/opt/ros/jazzy/opt/gz_sensors_vendor:/opt/ros/jazzy/opt/gz_physics_vendor:/opt/ros/jazzy/opt/sdformat_vendor:/opt/ros/jazzy/opt/gz_gui_vendor:/opt/ros/jazzy/opt/gz_transport_vendor:/opt/ros/jazzy/opt/gz_rendering_vendor:/opt/ros/jazzy/opt/gz_plugin_vendor:/opt/ros/jazzy/opt/gz_fuel_tools_vendor:/opt/ros/jazzy/opt/gz_msgs_vendor:/opt/ros/jazzy/opt/gz_common_vendor:/opt/ros/jazzy/opt/gz_math_vendor:/opt/ros/jazzy/opt/gz_utils_vendor:/opt/ros/jazzy/opt/gz_tools_vendor:/opt/ros/jazzy/opt/gz_ogre_next_vendor:/opt/ros/jazzy/opt/gz_dartsim_vendor:/opt/ros/jazzy/opt/gz_cmake_vendor:/opt/ros/jazzy DEBUGINFOD_URLS=https://debuginfod.ubuntu.com /usr/bin/cmake --install /home/a/zyj/fr3_welding/build/fr3_weld_moveit2_config
[1.277s] DEBUG:colcon.colcon_core.event_handler.log_command:Invoked command in '/home/a/zyj/fr3_welding/build/fr3_bringup' returned '0': AMENT_PREFIX_PATH=/home/a/zyj/fr3_welding/install/fr3_description:${AMENT_PREFIX_PATH} CMAKE_PREFIX_PATH=/home/a/zyj/fr3_welding/install/fr3_description:/opt/ros/jazzy/opt/gz_sim_vendor:/opt/ros/jazzy/opt/gz_sensors_vendor:/opt/ros/jazzy/opt/gz_physics_vendor:/opt/ros/jazzy/opt/sdformat_vendor:/opt/ros/jazzy/opt/gz_gui_vendor:/opt/ros/jazzy/opt/gz_transport_vendor:/opt/ros/jazzy/opt/gz_rendering_vendor:/opt/ros/jazzy/opt/gz_plugin_vendor:/opt/ros/jazzy/opt/gz_fuel_tools_vendor:/opt/ros/jazzy/opt/gz_msgs_vendor:/opt/ros/jazzy/opt/gz_common_vendor:/opt/ros/jazzy/opt/gz_math_vendor:/opt/ros/jazzy/opt/gz_utils_vendor:/opt/ros/jazzy/opt/gz_tools_vendor:/opt/ros/jazzy/opt/gz_ogre_next_vendor:/opt/ros/jazzy/opt/gz_dartsim_vendor:/opt/ros/jazzy/opt/gz_cmake_vendor:/opt/ros/jazzy DEBUGINFOD_URLS=https://debuginfod.ubuntu.com /usr/bin/cmake --build /home/a/zyj/fr3_welding/build/fr3_bringup -- -j20 -l20
[1.278s] DEBUG:colcon.colcon_core.event_handler.log_command:Invoking command in '/home/a/zyj/fr3_welding/build/fr3_bringup': AMENT_PREFIX_PATH=/home/a/zyj/fr3_welding/install/fr3_description:${AMENT_PREFIX_PATH} CMAKE_PREFIX_PATH=/home/a/zyj/fr3_welding/install/fr3_description:/opt/ros/jazzy/opt/gz_sim_vendor:/opt/ros/jazzy/opt/gz_sensors_vendor:/opt/ros/jazzy/opt/gz_physics_vendor:/opt/ros/jazzy/opt/sdformat_vendor:/opt/ros/jazzy/opt/gz_gui_vendor:/opt/ros/jazzy/opt/gz_transport_vendor:/opt/ros/jazzy/opt/gz_rendering_vendor:/opt/ros/jazzy/opt/gz_plugin_vendor:/opt/ros/jazzy/opt/gz_fuel_tools_vendor:/opt/ros/jazzy/opt/gz_msgs_vendor:/opt/ros/jazzy/opt/gz_common_vendor:/opt/ros/jazzy/opt/gz_math_vendor:/opt/ros/jazzy/opt/gz_utils_vendor:/opt/ros/jazzy/opt/gz_tools_vendor:/opt/ros/jazzy/opt/gz_ogre_next_vendor:/opt/ros/jazzy/opt/gz_dartsim_vendor:/opt/ros/jazzy/opt/gz_cmake_vendor:/opt/ros/jazzy DEBUGINFOD_URLS=https://debuginfod.ubuntu.com /usr/bin/cmake --install /home/a/zyj/fr3_welding/build/fr3_bringup
[1.376s] Level 1:colcon.colcon_core.environment:create_environment_scripts_only(fr3_bringup)
[1.376s] Level 1:colcon.colcon_core.environment:checking '/home/a/zyj/fr3_welding/install/fr3_bringup' for CMake module files
[1.376s] DEBUG:colcon.colcon_core.event_handler.log_command:Invoked command in '/home/a/zyj/fr3_welding/build/fr3_bringup' returned '0': AMENT_PREFIX_PATH=/home/a/zyj/fr3_welding/install/fr3_description:${AMENT_PREFIX_PATH} CMAKE_PREFIX_PATH=/home/a/zyj/fr3_welding/install/fr3_description:/opt/ros/jazzy/opt/gz_sim_vendor:/opt/ros/jazzy/opt/gz_sensors_vendor:/opt/ros/jazzy/opt/gz_physics_vendor:/opt/ros/jazzy/opt/sdformat_vendor:/opt/ros/jazzy/opt/gz_gui_vendor:/opt/ros/jazzy/opt/gz_transport_vendor:/opt/ros/jazzy/opt/gz_rendering_vendor:/opt/ros/jazzy/opt/gz_plugin_vendor:/opt/ros/jazzy/opt/gz_fuel_tools_vendor:/opt/ros/jazzy/opt/gz_msgs_vendor:/opt/ros/jazzy/opt/gz_common_vendor:/opt/ros/jazzy/opt/gz_math_vendor:/opt/ros/jazzy/opt/gz_utils_vendor:/opt/ros/jazzy/opt/gz_tools_vendor:/opt/ros/jazzy/opt/gz_ogre_next_vendor:/opt/ros/jazzy/opt/gz_dartsim_vendor:/opt/ros/jazzy/opt/gz_cmake_vendor:/opt/ros/jazzy DEBUGINFOD_URLS=https://debuginfod.ubuntu.com /usr/bin/cmake --install /home/a/zyj/fr3_welding/build/fr3_bringup
[1.376s] Level 1:colcon.colcon_core.environment:checking '/home/a/zyj/fr3_welding/install/fr3_bringup' for CMake config files
[1.377s] Level 1:colcon.colcon_core.shell:create_environment_hook('fr3_bringup', 'cmake_prefix_path')
[1.377s] INFO:colcon.colcon_core.shell:Creating environment hook '/home/a/zyj/fr3_welding/install/fr3_bringup/share/fr3_bringup/hook/cmake_prefix_path.ps1'
[1.377s] INFO:colcon.colcon_core.shell:Creating environment descriptor '/home/a/zyj/fr3_welding/install/fr3_bringup/share/fr3_bringup/hook/cmake_prefix_path.dsv'
[1.377s] INFO:colcon.colcon_core.shell:Creating environment hook '/home/a/zyj/fr3_welding/install/fr3_bringup/share/fr3_bringup/hook/cmake_prefix_path.sh'
[1.377s] Level 1:colcon.colcon_core.environment:checking '/home/a/zyj/fr3_welding/install/fr3_bringup/bin'
[1.377s] Level 1:colcon.colcon_core.environment:checking '/home/a/zyj/fr3_welding/install/fr3_bringup/lib/pkgconfig/fr3_bringup.pc'
[1.377s] Level 1:colcon.colcon_core.environment:checking '/home/a/zyj/fr3_welding/install/fr3_bringup/lib/python3.12/site-packages'
[1.377s] Level 1:colcon.colcon_core.environment:checking '/home/a/zyj/fr3_welding/install/fr3_bringup/bin'
[1.378s] INFO:colcon.colcon_core.shell:Creating package script '/home/a/zyj/fr3_welding/install/fr3_bringup/share/fr3_bringup/package.ps1'
[1.378s] INFO:colcon.colcon_core.shell:Creating package descriptor '/home/a/zyj/fr3_welding/install/fr3_bringup/share/fr3_bringup/package.dsv'
[1.378s] INFO:colcon.colcon_core.shell:Creating package script '/home/a/zyj/fr3_welding/install/fr3_bringup/share/fr3_bringup/package.sh'
[1.378s] INFO:colcon.colcon_core.shell:Creating package script '/home/a/zyj/fr3_welding/install/fr3_bringup/share/fr3_bringup/package.bash'
[1.378s] INFO:colcon.colcon_core.shell:Creating package script '/home/a/zyj/fr3_welding/install/fr3_bringup/share/fr3_bringup/package.zsh'
[1.378s] Level 1:colcon.colcon_core.environment:create_file_with_runtime_dependencies(/home/a/zyj/fr3_welding/install/fr3_bringup/share/colcon-core/packages/fr3_bringup)
[1.378s] Level 1:colcon.colcon_core.environment:create_environment_scripts_only(fr3_bringup)
[1.378s] Level 1:colcon.colcon_core.environment:checking '/home/a/zyj/fr3_welding/install/fr3_bringup' for CMake module files
[1.379s] Level 1:colcon.colcon_core.environment:checking '/home/a/zyj/fr3_welding/install/fr3_bringup' for CMake config files
[1.379s] Level 1:colcon.colcon_core.shell:create_environment_hook('fr3_bringup', 'cmake_prefix_path')
[1.379s] INFO:colcon.colcon_core.shell:Creating environment hook '/home/a/zyj/fr3_welding/install/fr3_bringup/share/fr3_bringup/hook/cmake_prefix_path.ps1'
[1.379s] INFO:colcon.colcon_core.shell:Creating environment descriptor '/home/a/zyj/fr3_welding/install/fr3_bringup/share/fr3_bringup/hook/cmake_prefix_path.dsv'
[1.379s] INFO:colcon.colcon_core.shell:Creating environment hook '/home/a/zyj/fr3_welding/install/fr3_bringup/share/fr3_bringup/hook/cmake_prefix_path.sh'
[1.379s] Level 1:colcon.colcon_core.environment:checking '/home/a/zyj/fr3_welding/install/fr3_bringup/bin'
[1.379s] Level 1:colcon.colcon_core.environment:checking '/home/a/zyj/fr3_welding/install/fr3_bringup/lib/pkgconfig/fr3_bringup.pc'
[1.380s] Level 1:colcon.colcon_core.environment:checking '/home/a/zyj/fr3_welding/install/fr3_bringup/lib/python3.12/site-packages'
[1.380s] Level 1:colcon.colcon_core.environment:checking '/home/a/zyj/fr3_welding/install/fr3_bringup/bin'
[1.380s] INFO:colcon.colcon_core.shell:Creating package script '/home/a/zyj/fr3_welding/install/fr3_bringup/share/fr3_bringup/package.ps1'
[1.380s] INFO:colcon.colcon_core.shell:Creating package descriptor '/home/a/zyj/fr3_welding/install/fr3_bringup/share/fr3_bringup/package.dsv'
[1.380s] INFO:colcon.colcon_core.shell:Creating package script '/home/a/zyj/fr3_welding/install/fr3_bringup/share/fr3_bringup/package.sh'
[1.380s] INFO:colcon.colcon_core.shell:Creating package script '/home/a/zyj/fr3_welding/install/fr3_bringup/share/fr3_bringup/package.bash'
[1.380s] INFO:colcon.colcon_core.shell:Creating package script '/home/a/zyj/fr3_welding/install/fr3_bringup/share/fr3_bringup/package.zsh'
[1.381s] Level 1:colcon.colcon_core.environment:create_file_with_runtime_dependencies(/home/a/zyj/fr3_welding/install/fr3_bringup/share/colcon-core/packages/fr3_bringup)
[1.464s] Level 1:colcon.colcon_core.environment:create_environment_scripts_only(fr3_weld_moveit2_config)
[1.464s] Level 1:colcon.colcon_core.environment:checking '/home/a/zyj/fr3_welding/install/fr3_weld_moveit2_config' for CMake module files
[1.464s] DEBUG:colcon.colcon_core.event_handler.log_command:Invoked command in '/home/a/zyj/fr3_welding/build/fr3_weld_moveit2_config' returned '0': AMENT_PREFIX_PATH=/home/a/zyj/fr3_welding/install/fr3_description:${AMENT_PREFIX_PATH} CMAKE_PREFIX_PATH=/home/a/zyj/fr3_welding/install/fr3_description:/opt/ros/jazzy/opt/gz_sim_vendor:/opt/ros/jazzy/opt/gz_sensors_vendor:/opt/ros/jazzy/opt/gz_physics_vendor:/opt/ros/jazzy/opt/sdformat_vendor:/opt/ros/jazzy/opt/gz_gui_vendor:/opt/ros/jazzy/opt/gz_transport_vendor:/opt/ros/jazzy/opt/gz_rendering_vendor:/opt/ros/jazzy/opt/gz_plugin_vendor:/opt/ros/jazzy/opt/gz_fuel_tools_vendor:/opt/ros/jazzy/opt/gz_msgs_vendor:/opt/ros/jazzy/opt/gz_common_vendor:/opt/ros/jazzy/opt/gz_math_vendor:/opt/ros/jazzy/opt/gz_utils_vendor:/opt/ros/jazzy/opt/gz_tools_vendor:/opt/ros/jazzy/opt/gz_ogre_next_vendor:/opt/ros/jazzy/opt/gz_dartsim_vendor:/opt/ros/jazzy/opt/gz_cmake_vendor:/opt/ros/jazzy DEBUGINFOD_URLS=https://debuginfod.ubuntu.com /usr/bin/cmake --install /home/a/zyj/fr3_welding/build/fr3_weld_moveit2_config
[1.465s] Level 1:colcon.colcon_core.environment:checking '/home/a/zyj/fr3_welding/install/fr3_weld_moveit2_config' for CMake config files
[1.465s] Level 1:colcon.colcon_core.shell:create_environment_hook('fr3_weld_moveit2_config', 'cmake_prefix_path')
[1.465s] INFO:colcon.colcon_core.shell:Creating environment hook '/home/a/zyj/fr3_welding/install/fr3_weld_moveit2_config/share/fr3_weld_moveit2_config/hook/cmake_prefix_path.ps1'
[1.466s] INFO:colcon.colcon_core.shell:Creating environment descriptor '/home/a/zyj/fr3_welding/install/fr3_weld_moveit2_config/share/fr3_weld_moveit2_config/hook/cmake_prefix_path.dsv'
[1.466s] INFO:colcon.colcon_core.shell:Creating environment hook '/home/a/zyj/fr3_welding/install/fr3_weld_moveit2_config/share/fr3_weld_moveit2_config/hook/cmake_prefix_path.sh'
[1.466s] Level 1:colcon.colcon_core.environment:checking '/home/a/zyj/fr3_welding/install/fr3_weld_moveit2_config/bin'
[1.466s] Level 1:colcon.colcon_core.environment:checking '/home/a/zyj/fr3_welding/install/fr3_weld_moveit2_config/lib/pkgconfig/fr3_weld_moveit2_config.pc'
[1.466s] Level 1:colcon.colcon_core.environment:checking '/home/a/zyj/fr3_welding/install/fr3_weld_moveit2_config/lib/python3.12/site-packages'
[1.466s] Level 1:colcon.colcon_core.environment:checking '/home/a/zyj/fr3_welding/install/fr3_weld_moveit2_config/bin'
[1.466s] INFO:colcon.colcon_core.shell:Creating package script '/home/a/zyj/fr3_welding/install/fr3_weld_moveit2_config/share/fr3_weld_moveit2_config/package.ps1'
[1.466s] INFO:colcon.colcon_core.shell:Creating package descriptor '/home/a/zyj/fr3_welding/install/fr3_weld_moveit2_config/share/fr3_weld_moveit2_config/package.dsv'
[1.467s] INFO:colcon.colcon_core.shell:Creating package script '/home/a/zyj/fr3_welding/install/fr3_weld_moveit2_config/share/fr3_weld_moveit2_config/package.sh'
[1.467s] INFO:colcon.colcon_core.shell:Creating package script '/home/a/zyj/fr3_welding/install/fr3_weld_moveit2_config/share/fr3_weld_moveit2_config/package.bash'
[1.467s] INFO:colcon.colcon_core.shell:Creating package script '/home/a/zyj/fr3_welding/install/fr3_weld_moveit2_config/share/fr3_weld_moveit2_config/package.zsh'
[1.467s] Level 1:colcon.colcon_core.environment:create_file_with_runtime_dependencies(/home/a/zyj/fr3_welding/install/fr3_weld_moveit2_config/share/colcon-core/packages/fr3_weld_moveit2_config)
[1.467s] Level 1:colcon.colcon_core.environment:create_environment_scripts_only(fr3_weld_moveit2_config)
[1.467s] Level 1:colcon.colcon_core.environment:checking '/home/a/zyj/fr3_welding/install/fr3_weld_moveit2_config' for CMake module files
[1.467s] Level 1:colcon.colcon_core.environment:checking '/home/a/zyj/fr3_welding/install/fr3_weld_moveit2_config' for CMake config files
[1.468s] Level 1:colcon.colcon_core.shell:create_environment_hook('fr3_weld_moveit2_config', 'cmake_prefix_path')
[1.468s] INFO:colcon.colcon_core.shell:Creating environment hook '/home/a/zyj/fr3_welding/install/fr3_weld_moveit2_config/share/fr3_weld_moveit2_config/hook/cmake_prefix_path.ps1'
[1.468s] INFO:colcon.colcon_core.shell:Creating environment descriptor '/home/a/zyj/fr3_welding/install/fr3_weld_moveit2_config/share/fr3_weld_moveit2_config/hook/cmake_prefix_path.dsv'
[1.468s] INFO:colcon.colcon_core.shell:Creating environment hook '/home/a/zyj/fr3_welding/install/fr3_weld_moveit2_config/share/fr3_weld_moveit2_config/hook/cmake_prefix_path.sh'
[1.468s] Level 1:colcon.colcon_core.environment:checking '/home/a/zyj/fr3_welding/install/fr3_weld_moveit2_config/bin'
[1.468s] Level 1:colcon.colcon_core.environment:checking '/home/a/zyj/fr3_welding/install/fr3_weld_moveit2_config/lib/pkgconfig/fr3_weld_moveit2_config.pc'
[1.468s] Level 1:colcon.colcon_core.environment:checking '/home/a/zyj/fr3_welding/install/fr3_weld_moveit2_config/lib/python3.12/site-packages'
[1.468s] Level 1:colcon.colcon_core.environment:checking '/home/a/zyj/fr3_welding/install/fr3_weld_moveit2_config/bin'
[1.469s] INFO:colcon.colcon_core.shell:Creating package script '/home/a/zyj/fr3_welding/install/fr3_weld_moveit2_config/share/fr3_weld_moveit2_config/package.ps1'
[1.469s] INFO:colcon.colcon_core.shell:Creating package descriptor '/home/a/zyj/fr3_welding/install/fr3_weld_moveit2_config/share/fr3_weld_moveit2_config/package.dsv'
[1.469s] INFO:colcon.colcon_core.shell:Creating package script '/home/a/zyj/fr3_welding/install/fr3_weld_moveit2_config/share/fr3_weld_moveit2_config/package.sh'
[1.469s] INFO:colcon.colcon_core.shell:Creating package script '/home/a/zyj/fr3_welding/install/fr3_weld_moveit2_config/share/fr3_weld_moveit2_config/package.bash'
[1.469s] INFO:colcon.colcon_core.shell:Creating package script '/home/a/zyj/fr3_welding/install/fr3_weld_moveit2_config/share/fr3_weld_moveit2_config/package.zsh'
[1.470s] Level 1:colcon.colcon_core.environment:create_file_with_runtime_dependencies(/home/a/zyj/fr3_welding/install/fr3_weld_moveit2_config/share/colcon-core/packages/fr3_weld_moveit2_config)
[2.155s] DEBUG:colcon.colcon_core.event_handler.log_command:Invoked command in '/home/a/zyj/fr3_welding/build/fr3_weld_executing' returned '0': CMAKE_PREFIX_PATH=${CMAKE_PREFIX_PATH}:/opt/ros/jazzy DEBUGINFOD_URLS=https://debuginfod.ubuntu.com /usr/bin/cmake /home/a/zyj/fr3_welding/fr3_weld_executing -DAMENT_CMAKE_SYMLINK_INSTALL=1 -DCMAKE_INSTALL_PREFIX=/home/a/zyj/fr3_welding/install/fr3_weld_executing
[2.155s] DEBUG:colcon.colcon_core.event_handler.log_command:Invoking command in '/home/a/zyj/fr3_welding/build/fr3_weld_executing': CMAKE_PREFIX_PATH=${CMAKE_PREFIX_PATH}:/opt/ros/jazzy DEBUGINFOD_URLS=https://debuginfod.ubuntu.com /usr/bin/cmake --build /home/a/zyj/fr3_welding/build/fr3_weld_executing -- -j20 -l20
[3.318s] DEBUG:colcon.colcon_core.event_handler.log_command:Invoked command in '/home/a/zyj/fr3_welding/build/weld_butt_seam_extracting' returned '0': CMAKE_PREFIX_PATH=${CMAKE_PREFIX_PATH}:/opt/ros/jazzy DEBUGINFOD_URLS=https://debuginfod.ubuntu.com /usr/bin/cmake /home/a/zyj/fr3_welding/weld_butt_seam_extracting -DAMENT_CMAKE_SYMLINK_INSTALL=1 -DCMAKE_INSTALL_PREFIX=/home/a/zyj/fr3_welding/install/weld_butt_seam_extracting
[3.318s] DEBUG:colcon.colcon_core.event_handler.log_command:Invoking command in '/home/a/zyj/fr3_welding/build/weld_butt_seam_extracting': CMAKE_PREFIX_PATH=${CMAKE_PREFIX_PATH}:/opt/ros/jazzy DEBUGINFOD_URLS=https://debuginfod.ubuntu.com /usr/bin/cmake --build /home/a/zyj/fr3_welding/build/weld_butt_seam_extracting -- -j20 -l20
[10.509s] DEBUG:colcon.colcon_core.event_handler.log_command:Invoked command in '/home/a/zyj/fr3_welding/build/fr3_weld_executing' returned '0': CMAKE_PREFIX_PATH=${CMAKE_PREFIX_PATH}:/opt/ros/jazzy DEBUGINFOD_URLS=https://debuginfod.ubuntu.com /usr/bin/cmake --build /home/a/zyj/fr3_welding/build/fr3_weld_executing -- -j20 -l20
[10.510s] DEBUG:colcon.colcon_core.event_handler.log_command:Invoking command in '/home/a/zyj/fr3_welding/build/fr3_weld_executing': CMAKE_PREFIX_PATH=${CMAKE_PREFIX_PATH}:/opt/ros/jazzy DEBUGINFOD_URLS=https://debuginfod.ubuntu.com /usr/bin/cmake --install /home/a/zyj/fr3_welding/build/fr3_weld_executing
[10.665s] Level 1:colcon.colcon_core.environment:create_environment_scripts_only(fr3_weld_executing)
[10.666s] Level 1:colcon.colcon_core.environment:checking '/home/a/zyj/fr3_welding/install/fr3_weld_executing' for CMake module files
[10.666s] DEBUG:colcon.colcon_core.event_handler.log_command:Invoked command in '/home/a/zyj/fr3_welding/build/fr3_weld_executing' returned '0': CMAKE_PREFIX_PATH=${CMAKE_PREFIX_PATH}:/opt/ros/jazzy DEBUGINFOD_URLS=https://debuginfod.ubuntu.com /usr/bin/cmake --install /home/a/zyj/fr3_welding/build/fr3_weld_executing
[10.666s] Level 1:colcon.colcon_core.environment:checking '/home/a/zyj/fr3_welding/install/fr3_weld_executing' for CMake config files
[10.666s] Level 1:colcon.colcon_core.shell:create_environment_hook('fr3_weld_executing', 'cmake_prefix_path')
[10.667s] INFO:colcon.colcon_core.shell:Creating environment hook '/home/a/zyj/fr3_welding/install/fr3_weld_executing/share/fr3_weld_executing/hook/cmake_prefix_path.ps1'
[10.667s] INFO:colcon.colcon_core.shell:Creating environment descriptor '/home/a/zyj/fr3_welding/install/fr3_weld_executing/share/fr3_weld_executing/hook/cmake_prefix_path.dsv'
[10.667s] INFO:colcon.colcon_core.shell:Creating environment hook '/home/a/zyj/fr3_welding/install/fr3_weld_executing/share/fr3_weld_executing/hook/cmake_prefix_path.sh'
[10.668s] Level 1:colcon.colcon_core.environment:checking '/home/a/zyj/fr3_welding/install/fr3_weld_executing/lib'
[10.668s] Level 1:colcon.colcon_core.environment:checking '/home/a/zyj/fr3_welding/install/fr3_weld_executing/bin'
[10.668s] Level 1:colcon.colcon_core.environment:checking '/home/a/zyj/fr3_welding/install/fr3_weld_executing/lib/pkgconfig/fr3_weld_executing.pc'
[10.668s] Level 1:colcon.colcon_core.environment:checking '/home/a/zyj/fr3_welding/install/fr3_weld_executing/lib/python3.12/site-packages'
[10.668s] Level 1:colcon.colcon_core.environment:checking '/home/a/zyj/fr3_welding/install/fr3_weld_executing/bin'
[10.668s] INFO:colcon.colcon_core.shell:Creating package script '/home/a/zyj/fr3_welding/install/fr3_weld_executing/share/fr3_weld_executing/package.ps1'
[10.669s] INFO:colcon.colcon_core.shell:Creating package descriptor '/home/a/zyj/fr3_welding/install/fr3_weld_executing/share/fr3_weld_executing/package.dsv'
[10.669s] INFO:colcon.colcon_core.shell:Creating package script '/home/a/zyj/fr3_welding/install/fr3_weld_executing/share/fr3_weld_executing/package.sh'
[10.669s] INFO:colcon.colcon_core.shell:Creating package script '/home/a/zyj/fr3_welding/install/fr3_weld_executing/share/fr3_weld_executing/package.bash'
[10.670s] INFO:colcon.colcon_core.shell:Creating package script '/home/a/zyj/fr3_welding/install/fr3_weld_executing/share/fr3_weld_executing/package.zsh'
[10.670s] Level 1:colcon.colcon_core.environment:create_file_with_runtime_dependencies(/home/a/zyj/fr3_welding/install/fr3_weld_executing/share/colcon-core/packages/fr3_weld_executing)
[10.670s] Level 1:colcon.colcon_core.environment:create_environment_scripts_only(fr3_weld_executing)
[10.670s] Level 1:colcon.colcon_core.environment:checking '/home/a/zyj/fr3_welding/install/fr3_weld_executing' for CMake module files
[10.671s] Level 1:colcon.colcon_core.environment:checking '/home/a/zyj/fr3_welding/install/fr3_weld_executing' for CMake config files
[10.671s] Level 1:colcon.colcon_core.shell:create_environment_hook('fr3_weld_executing', 'cmake_prefix_path')
[10.671s] INFO:colcon.colcon_core.shell:Creating environment hook '/home/a/zyj/fr3_welding/install/fr3_weld_executing/share/fr3_weld_executing/hook/cmake_prefix_path.ps1'
[10.671s] INFO:colcon.colcon_core.shell:Creating environment descriptor '/home/a/zyj/fr3_welding/install/fr3_weld_executing/share/fr3_weld_executing/hook/cmake_prefix_path.dsv'
[10.672s] INFO:colcon.colcon_core.shell:Creating environment hook '/home/a/zyj/fr3_welding/install/fr3_weld_executing/share/fr3_weld_executing/hook/cmake_prefix_path.sh'
[10.672s] Level 1:colcon.colcon_core.environment:checking '/home/a/zyj/fr3_welding/install/fr3_weld_executing/lib'
[10.672s] Level 1:colcon.colcon_core.environment:checking '/home/a/zyj/fr3_welding/install/fr3_weld_executing/bin'
[10.672s] Level 1:colcon.colcon_core.environment:checking '/home/a/zyj/fr3_welding/install/fr3_weld_executing/lib/pkgconfig/fr3_weld_executing.pc'
[10.672s] Level 1:colcon.colcon_core.environment:checking '/home/a/zyj/fr3_welding/install/fr3_weld_executing/lib/python3.12/site-packages'
[10.673s] Level 1:colcon.colcon_core.environment:checking '/home/a/zyj/fr3_welding/install/fr3_weld_executing/bin'
[10.673s] INFO:colcon.colcon_core.shell:Creating package script '/home/a/zyj/fr3_welding/install/fr3_weld_executing/share/fr3_weld_executing/package.ps1'
[10.673s] INFO:colcon.colcon_core.shell:Creating package descriptor '/home/a/zyj/fr3_welding/install/fr3_weld_executing/share/fr3_weld_executing/package.dsv'
[10.673s] INFO:colcon.colcon_core.shell:Creating package script '/home/a/zyj/fr3_welding/install/fr3_weld_executing/share/fr3_weld_executing/package.sh'
[10.674s] INFO:colcon.colcon_core.shell:Creating package script '/home/a/zyj/fr3_welding/install/fr3_weld_executing/share/fr3_weld_executing/package.bash'
[10.674s] INFO:colcon.colcon_core.shell:Creating package script '/home/a/zyj/fr3_welding/install/fr3_weld_executing/share/fr3_weld_executing/package.zsh'
[10.674s] Level 1:colcon.colcon_core.environment:create_file_with_runtime_dependencies(/home/a/zyj/fr3_welding/install/fr3_weld_executing/share/colcon-core/packages/fr3_weld_executing)
[14.604s] DEBUG:colcon.colcon_core.event_handler.log_command:Invoked command in '/home/a/zyj/fr3_welding/build/weld_butt_seam_extracting' returned '0': CMAKE_PREFIX_PATH=${CMAKE_PREFIX_PATH}:/opt/ros/jazzy DEBUGINFOD_URLS=https://debuginfod.ubuntu.com /usr/bin/cmake --build /home/a/zyj/fr3_welding/build/weld_butt_seam_extracting -- -j20 -l20
[14.605s] DEBUG:colcon.colcon_core.event_handler.log_command:Invoking command in '/home/a/zyj/fr3_welding/build/weld_butt_seam_extracting': CMAKE_PREFIX_PATH=${CMAKE_PREFIX_PATH}:/opt/ros/jazzy DEBUGINFOD_URLS=https://debuginfod.ubuntu.com /usr/bin/cmake --install /home/a/zyj/fr3_welding/build/weld_butt_seam_extracting
[14.830s] Level 1:colcon.colcon_core.environment:create_environment_scripts_only(weld_butt_seam_extracting)
[14.830s] DEBUG:colcon.colcon_core.event_handler.log_command:Invoked command in '/home/a/zyj/fr3_welding/build/weld_butt_seam_extracting' returned '0': CMAKE_PREFIX_PATH=${CMAKE_PREFIX_PATH}:/opt/ros/jazzy DEBUGINFOD_URLS=https://debuginfod.ubuntu.com /usr/bin/cmake --install /home/a/zyj/fr3_welding/build/weld_butt_seam_extracting
[14.831s] Level 1:colcon.colcon_core.environment:checking '/home/a/zyj/fr3_welding/install/weld_butt_seam_extracting' for CMake module files
[14.832s] Level 1:colcon.colcon_core.environment:checking '/home/a/zyj/fr3_welding/install/weld_butt_seam_extracting' for CMake config files
[14.832s] Level 1:colcon.colcon_core.shell:create_environment_hook('weld_butt_seam_extracting', 'cmake_prefix_path')
[14.832s] INFO:colcon.colcon_core.shell:Creating environment hook '/home/a/zyj/fr3_welding/install/weld_butt_seam_extracting/share/weld_butt_seam_extracting/hook/cmake_prefix_path.ps1'
[14.833s] INFO:colcon.colcon_core.shell:Creating environment descriptor '/home/a/zyj/fr3_welding/install/weld_butt_seam_extracting/share/weld_butt_seam_extracting/hook/cmake_prefix_path.dsv'
[14.834s] INFO:colcon.colcon_core.shell:Creating environment hook '/home/a/zyj/fr3_welding/install/weld_butt_seam_extracting/share/weld_butt_seam_extracting/hook/cmake_prefix_path.sh'
[14.835s] Level 1:colcon.colcon_core.environment:checking '/home/a/zyj/fr3_welding/install/weld_butt_seam_extracting/lib'
[14.835s] Level 1:colcon.colcon_core.environment:checking '/home/a/zyj/fr3_welding/install/weld_butt_seam_extracting/bin'
[14.835s] Level 1:colcon.colcon_core.environment:checking '/home/a/zyj/fr3_welding/install/weld_butt_seam_extracting/lib/pkgconfig/weld_butt_seam_extracting.pc'
[14.836s] Level 1:colcon.colcon_core.environment:checking '/home/a/zyj/fr3_welding/install/weld_butt_seam_extracting/lib/python3.12/site-packages'
[14.836s] Level 1:colcon.colcon_core.environment:checking '/home/a/zyj/fr3_welding/install/weld_butt_seam_extracting/bin'
[14.837s] INFO:colcon.colcon_core.shell:Creating package script '/home/a/zyj/fr3_welding/install/weld_butt_seam_extracting/share/weld_butt_seam_extracting/package.ps1'
[14.838s] INFO:colcon.colcon_core.shell:Creating package descriptor '/home/a/zyj/fr3_welding/install/weld_butt_seam_extracting/share/weld_butt_seam_extracting/package.dsv'
[14.838s] INFO:colcon.colcon_core.shell:Creating package script '/home/a/zyj/fr3_welding/install/weld_butt_seam_extracting/share/weld_butt_seam_extracting/package.sh'
[14.839s] INFO:colcon.colcon_core.shell:Creating package script '/home/a/zyj/fr3_welding/install/weld_butt_seam_extracting/share/weld_butt_seam_extracting/package.bash'
[14.840s] INFO:colcon.colcon_core.shell:Creating package script '/home/a/zyj/fr3_welding/install/weld_butt_seam_extracting/share/weld_butt_seam_extracting/package.zsh'
[14.840s] Level 1:colcon.colcon_core.environment:create_file_with_runtime_dependencies(/home/a/zyj/fr3_welding/install/weld_butt_seam_extracting/share/colcon-core/packages/weld_butt_seam_extracting)
[14.841s] Level 1:colcon.colcon_core.environment:create_environment_scripts_only(weld_butt_seam_extracting)
[14.841s] Level 1:colcon.colcon_core.environment:checking '/home/a/zyj/fr3_welding/install/weld_butt_seam_extracting' for CMake module files
[14.842s] Level 1:colcon.colcon_core.environment:checking '/home/a/zyj/fr3_welding/install/weld_butt_seam_extracting' for CMake config files
[14.842s] Level 1:colcon.colcon_core.shell:create_environment_hook('weld_butt_seam_extracting', 'cmake_prefix_path')
[14.843s] INFO:colcon.colcon_core.shell:Creating environment hook '/home/a/zyj/fr3_welding/install/weld_butt_seam_extracting/share/weld_butt_seam_extracting/hook/cmake_prefix_path.ps1'
[14.843s] INFO:colcon.colcon_core.shell:Creating environment descriptor '/home/a/zyj/fr3_welding/install/weld_butt_seam_extracting/share/weld_butt_seam_extracting/hook/cmake_prefix_path.dsv'
[14.844s] INFO:colcon.colcon_core.shell:Creating environment hook '/home/a/zyj/fr3_welding/install/weld_butt_seam_extracting/share/weld_butt_seam_extracting/hook/cmake_prefix_path.sh'
[14.845s] Level 1:colcon.colcon_core.environment:checking '/home/a/zyj/fr3_welding/install/weld_butt_seam_extracting/lib'
[14.845s] Level 1:colcon.colcon_core.environment:checking '/home/a/zyj/fr3_welding/install/weld_butt_seam_extracting/bin'
[14.845s] Level 1:colcon.colcon_core.environment:checking '/home/a/zyj/fr3_welding/install/weld_butt_seam_extracting/lib/pkgconfig/weld_butt_seam_extracting.pc'
[14.845s] Level 1:colcon.colcon_core.environment:checking '/home/a/zyj/fr3_welding/install/weld_butt_seam_extracting/lib/python3.12/site-packages'
[14.846s] Level 1:colcon.colcon_core.environment:checking '/home/a/zyj/fr3_welding/install/weld_butt_seam_extracting/bin'
[14.846s] INFO:colcon.colcon_core.shell:Creating package script '/home/a/zyj/fr3_welding/install/weld_butt_seam_extracting/share/weld_butt_seam_extracting/package.ps1'
[14.847s] INFO:colcon.colcon_core.shell:Creating package descriptor '/home/a/zyj/fr3_welding/install/weld_butt_seam_extracting/share/weld_butt_seam_extracting/package.dsv'
[14.847s] INFO:colcon.colcon_core.shell:Creating package script '/home/a/zyj/fr3_welding/install/weld_butt_seam_extracting/share/weld_butt_seam_extracting/package.sh'
[14.848s] INFO:colcon.colcon_core.shell:Creating package script '/home/a/zyj/fr3_welding/install/weld_butt_seam_extracting/share/weld_butt_seam_extracting/package.bash'
[14.848s] INFO:colcon.colcon_core.shell:Creating package script '/home/a/zyj/fr3_welding/install/weld_butt_seam_extracting/share/weld_butt_seam_extracting/package.zsh'
[14.849s] Level 1:colcon.colcon_core.environment:create_file_with_runtime_dependencies(/home/a/zyj/fr3_welding/install/weld_butt_seam_extracting/share/colcon-core/packages/weld_butt_seam_extracting)
[14.849s] DEBUG:colcon.colcon_parallel_executor.executor.parallel:closing loop
[14.849s] DEBUG:colcon.colcon_parallel_executor.executor.parallel:loop closed
[14.849s] DEBUG:colcon.colcon_parallel_executor.executor.parallel:run_until_complete finished with '0'
[14.849s] DEBUG:colcon.colcon_core.event_reactor:joining thread
[14.857s] INFO:colcon.colcon_core.plugin_system:Skipping extension 'colcon_notification.desktop_notification.terminal_notifier': Not used on non-Darwin systems
[14.857s] INFO:colcon.colcon_core.plugin_system:Skipping extension 'colcon_notification.desktop_notification.win32': Not used on non-Windows systems
[14.857s] INFO:colcon.colcon_notification.desktop_notification:Sending desktop notification using 'notify2'
[14.870s] DEBUG:colcon.colcon_core.event_reactor:joined thread
[14.871s] INFO:colcon.colcon_core.shell:Creating prefix script '/home/a/zyj/fr3_welding/install/local_setup.ps1'
[14.871s] INFO:colcon.colcon_core.shell:Creating prefix util module '/home/a/zyj/fr3_welding/install/_local_setup_util_ps1.py'
[14.872s] INFO:colcon.colcon_core.shell:Creating prefix chain script '/home/a/zyj/fr3_welding/install/setup.ps1'
[14.872s] INFO:colcon.colcon_core.shell:Creating prefix script '/home/a/zyj/fr3_welding/install/local_setup.sh'
[14.873s] INFO:colcon.colcon_core.shell:Creating prefix util module '/home/a/zyj/fr3_welding/install/_local_setup_util_sh.py'
[14.873s] INFO:colcon.colcon_core.shell:Creating prefix chain script '/home/a/zyj/fr3_welding/install/setup.sh'
[14.874s] INFO:colcon.colcon_core.shell:Creating prefix script '/home/a/zyj/fr3_welding/install/local_setup.bash'
[14.874s] INFO:colcon.colcon_core.shell:Creating prefix chain script '/home/a/zyj/fr3_welding/install/setup.bash'
[14.875s] INFO:colcon.colcon_core.shell:Creating prefix script '/home/a/zyj/fr3_welding/install/local_setup.zsh'
[14.875s] INFO:colcon.colcon_core.shell:Creating prefix chain script '/home/a/zyj/fr3_welding/install/setup.zsh'
