[0.047s] DEBUG:colcon:Command line arguments: ['/usr/bin/colcon', 'build', '--symlink-install']
[0.047s] DEBUG:colcon:Parsed command line arguments: Namespace(log_base=None, log_level=None, verb_name='build', build_base='build', install_base='install', merge_install=False, symlink_install=True, test_result_base=None, continue_on_error=False, executor='parallel', parallel_workers=20, event_handlers=None, ignore_user_meta=False, metas=['./colcon.meta'], base_paths=['.'], packages_ignore=None, packages_ignore_regex=None, paths=None, packages_up_to=None, packages_up_to_regex=None, packages_above=None, packages_above_and_dependencies=None, packages_above_depth=None, packages_select_by_dep=None, packages_skip_by_dep=None, packages_skip_up_to=None, packages_select_build_failed=False, packages_skip_build_finished=False, packages_select_test_failures=False, packages_skip_test_passed=False, packages_select=None, packages_skip=None, packages_select_regex=None, packages_skip_regex=None, packages_start=None, packages_end=None, allow_overriding=[], cmake_args=None, cmake_target=None, cmake_target_skip_unavailable=False, cmake_clean_cache=False, cmake_clean_first=False, cmake_force_configure=False, ament_cmake_args=None, catkin_cmake_args=None, catkin_skip_building_tests=False, verb_parser=<colcon_defaults.argument_parser.defaults.DefaultArgumentsDecorator object at 0x73d33a97a690>, verb_extension=<colcon_core.verb.build.BuildVerb object at 0x73d33a91c290>, main=<bound method BuildVerb.main of <colcon_core.verb.build.BuildVerb object at 0x73d33a91c290>>)
[0.064s] Level 1:colcon.colcon_core.package_discovery:discover_packages(colcon_meta) check parameters
[0.064s] Level 1:colcon.colcon_core.package_discovery:discover_packages(recursive) check parameters
[0.064s] Level 1:colcon.colcon_core.package_discovery:discover_packages(ignore) check parameters
[0.064s] Level 1:colcon.colcon_core.package_discovery:discover_packages(path) check parameters
[0.064s] Level 1:colcon.colcon_core.package_discovery:discover_packages(colcon_meta) discover
[0.064s] Level 1:colcon.colcon_core.package_discovery:discover_packages(recursive) discover
[0.064s] INFO:colcon.colcon_core.package_discovery:Crawling recursively for packages in '/home/a/zyj/fr3_welding'
[0.064s] Level 1:colcon.colcon_core.package_identification:_identify(.) by extensions ['ignore', 'ignore_ament_install']
[0.064s] Level 1:colcon.colcon_core.package_identification:_identify(.) by extension 'ignore'
[0.064s] Level 1:colcon.colcon_core.package_identification:_identify(.) by extension 'ignore_ament_install'
[0.065s] Level 1:colcon.colcon_core.package_identification:_identify(.) by extensions ['colcon_pkg']
[0.065s] Level 1:colcon.colcon_core.package_identification:_identify(.) by extension 'colcon_pkg'
[0.065s] Level 1:colcon.colcon_core.package_identification:_identify(.) by extensions ['colcon_meta']
[0.065s] Level 1:colcon.colcon_core.package_identification:_identify(.) by extension 'colcon_meta'
[0.065s] Level 1:colcon.colcon_core.package_identification:_identify(.) by extensions ['ros']
[0.065s] Level 1:colcon.colcon_core.package_identification:_identify(.) by extension 'ros'
[0.077s] Level 1:colcon.colcon_core.package_identification:_identify(.) by extensions ['cmake', 'python']
[0.077s] Level 1:colcon.colcon_core.package_identification:_identify(.) by extension 'cmake'
[0.077s] Level 1:colcon.colcon_core.package_identification:_identify(.) by extension 'python'
[0.077s] Level 1:colcon.colcon_core.package_identification:_identify(.) by extensions ['python_setup_py']
[0.077s] Level 1:colcon.colcon_core.package_identification:_identify(.) by extension 'python_setup_py'
[0.077s] Level 1:colcon.colcon_core.package_identification:_identify(build) by extensions ['ignore', 'ignore_ament_install']
[0.077s] Level 1:colcon.colcon_core.package_identification:_identify(build) by extension 'ignore'
[0.077s] Level 1:colcon.colcon_core.package_identification:_identify(build) ignored
[0.077s] Level 1:colcon.colcon_core.package_identification:_identify(fr3_bringup) by extensions ['ignore', 'ignore_ament_install']
[0.077s] Level 1:colcon.colcon_core.package_identification:_identify(fr3_bringup) by extension 'ignore'
[0.077s] Level 1:colcon.colcon_core.package_identification:_identify(fr3_bringup) by extension 'ignore_ament_install'
[0.077s] Level 1:colcon.colcon_core.package_identification:_identify(fr3_bringup) by extensions ['colcon_pkg']
[0.077s] Level 1:colcon.colcon_core.package_identification:_identify(fr3_bringup) by extension 'colcon_pkg'
[0.077s] Level 1:colcon.colcon_core.package_identification:_identify(fr3_bringup) by extensions ['colcon_meta']
[0.077s] Level 1:colcon.colcon_core.package_identification:_identify(fr3_bringup) by extension 'colcon_meta'
[0.077s] Level 1:colcon.colcon_core.package_identification:_identify(fr3_bringup) by extensions ['ros']
[0.077s] Level 1:colcon.colcon_core.package_identification:_identify(fr3_bringup) by extension 'ros'
[0.079s] DEBUG:colcon.colcon_core.package_identification:Package 'fr3_bringup' with type 'ros.ament_cmake' and name 'fr3_bringup'
[0.079s] Level 1:colcon.colcon_core.package_identification:_identify(fr3_description) by extensions ['ignore', 'ignore_ament_install']
[0.079s] Level 1:colcon.colcon_core.package_identification:_identify(fr3_description) by extension 'ignore'
[0.079s] Level 1:colcon.colcon_core.package_identification:_identify(fr3_description) by extension 'ignore_ament_install'
[0.079s] Level 1:colcon.colcon_core.package_identification:_identify(fr3_description) by extensions ['colcon_pkg']
[0.079s] Level 1:colcon.colcon_core.package_identification:_identify(fr3_description) by extension 'colcon_pkg'
[0.079s] Level 1:colcon.colcon_core.package_identification:_identify(fr3_description) by extensions ['colcon_meta']
[0.079s] Level 1:colcon.colcon_core.package_identification:_identify(fr3_description) by extension 'colcon_meta'
[0.079s] Level 1:colcon.colcon_core.package_identification:_identify(fr3_description) by extensions ['ros']
[0.079s] Level 1:colcon.colcon_core.package_identification:_identify(fr3_description) by extension 'ros'
[0.079s] DEBUG:colcon.colcon_core.package_identification:Package 'fr3_description' with type 'ros.ament_cmake' and name 'fr3_description'
[0.079s] Level 1:colcon.colcon_core.package_identification:_identify(fr3_weld_executing) by extensions ['ignore', 'ignore_ament_install']
[0.079s] Level 1:colcon.colcon_core.package_identification:_identify(fr3_weld_executing) by extension 'ignore'
[0.079s] Level 1:colcon.colcon_core.package_identification:_identify(fr3_weld_executing) by extension 'ignore_ament_install'
[0.079s] Level 1:colcon.colcon_core.package_identification:_identify(fr3_weld_executing) by extensions ['colcon_pkg']
[0.079s] Level 1:colcon.colcon_core.package_identification:_identify(fr3_weld_executing) by extension 'colcon_pkg'
[0.079s] Level 1:colcon.colcon_core.package_identification:_identify(fr3_weld_executing) by extensions ['colcon_meta']
[0.079s] Level 1:colcon.colcon_core.package_identification:_identify(fr3_weld_executing) by extension 'colcon_meta'
[0.079s] Level 1:colcon.colcon_core.package_identification:_identify(fr3_weld_executing) by extensions ['ros']
[0.079s] Level 1:colcon.colcon_core.package_identification:_identify(fr3_weld_executing) by extension 'ros'
[0.080s] DEBUG:colcon.colcon_core.package_identification:Package 'fr3_weld_executing' with type 'ros.ament_cmake' and name 'fr3_weld_executing'
[0.080s] Level 1:colcon.colcon_core.package_identification:_identify(fr3_weld_moveit2_config) by extensions ['ignore', 'ignore_ament_install']
[0.080s] Level 1:colcon.colcon_core.package_identification:_identify(fr3_weld_moveit2_config) by extension 'ignore'
[0.080s] Level 1:colcon.colcon_core.package_identification:_identify(fr3_weld_moveit2_config) by extension 'ignore_ament_install'
[0.080s] Level 1:colcon.colcon_core.package_identification:_identify(fr3_weld_moveit2_config) by extensions ['colcon_pkg']
[0.080s] Level 1:colcon.colcon_core.package_identification:_identify(fr3_weld_moveit2_config) by extension 'colcon_pkg'
[0.080s] Level 1:colcon.colcon_core.package_identification:_identify(fr3_weld_moveit2_config) by extensions ['colcon_meta']
[0.080s] Level 1:colcon.colcon_core.package_identification:_identify(fr3_weld_moveit2_config) by extension 'colcon_meta'
[0.080s] Level 1:colcon.colcon_core.package_identification:_identify(fr3_weld_moveit2_config) by extensions ['ros']
[0.080s] Level 1:colcon.colcon_core.package_identification:_identify(fr3_weld_moveit2_config) by extension 'ros'
[0.080s] DEBUG:colcon.colcon_core.package_identification:Package 'fr3_weld_moveit2_config' with type 'ros.ament_cmake' and name 'fr3_weld_moveit2_config'
[0.080s] Level 1:colcon.colcon_core.package_identification:_identify(install) by extensions ['ignore', 'ignore_ament_install']
[0.080s] Level 1:colcon.colcon_core.package_identification:_identify(install) by extension 'ignore'
[0.080s] Level 1:colcon.colcon_core.package_identification:_identify(install) ignored
[0.080s] Level 1:colcon.colcon_core.package_identification:_identify(log) by extensions ['ignore', 'ignore_ament_install']
[0.080s] Level 1:colcon.colcon_core.package_identification:_identify(log) by extension 'ignore'
[0.080s] Level 1:colcon.colcon_core.package_identification:_identify(log) ignored
[0.080s] Level 1:colcon.colcon_core.package_identification:_identify(weld_butt_seam_extracting) by extensions ['ignore', 'ignore_ament_install']
[0.081s] Level 1:colcon.colcon_core.package_identification:_identify(weld_butt_seam_extracting) by extension 'ignore'
[0.081s] Level 1:colcon.colcon_core.package_identification:_identify(weld_butt_seam_extracting) by extension 'ignore_ament_install'
[0.081s] Level 1:colcon.colcon_core.package_identification:_identify(weld_butt_seam_extracting) by extensions ['colcon_pkg']
[0.081s] Level 1:colcon.colcon_core.package_identification:_identify(weld_butt_seam_extracting) by extension 'colcon_pkg'
[0.081s] Level 1:colcon.colcon_core.package_identification:_identify(weld_butt_seam_extracting) by extensions ['colcon_meta']
[0.081s] Level 1:colcon.colcon_core.package_identification:_identify(weld_butt_seam_extracting) by extension 'colcon_meta'
[0.081s] Level 1:colcon.colcon_core.package_identification:_identify(weld_butt_seam_extracting) by extensions ['ros']
[0.081s] Level 1:colcon.colcon_core.package_identification:_identify(weld_butt_seam_extracting) by extension 'ros'
[0.081s] DEBUG:colcon.colcon_core.package_identification:Package 'weld_butt_seam_extracting' with type 'ros.ament_cmake' and name 'weld_butt_seam_extracting'
[0.081s] Level 1:colcon.colcon_core.package_discovery:discover_packages(recursive) using defaults
[0.081s] Level 1:colcon.colcon_core.package_discovery:discover_packages(ignore) discover
[0.081s] Level 1:colcon.colcon_core.package_discovery:discover_packages(ignore) using defaults
[0.081s] Level 1:colcon.colcon_core.package_discovery:discover_packages(path) discover
[0.081s] Level 1:colcon.colcon_core.package_discovery:discover_packages(path) using defaults
[0.090s] Level 1:colcon.colcon_core.package_discovery:discover_packages(prefix_path) check parameters
[0.090s] Level 1:colcon.colcon_core.package_discovery:discover_packages(prefix_path) discover
[0.091s] DEBUG:colcon.colcon_installed_package_information.package_discovery:Found 5 installed packages in /home/a/zyj/fr3_welding/install
[0.091s] DEBUG:colcon.colcon_installed_package_information.package_discovery:Found 413 installed packages in /opt/ros/jazzy
[0.092s] Level 1:colcon.colcon_core.package_discovery:discover_packages(prefix_path) using defaults
[0.118s] Level 5:colcon.colcon_core.verb:set package 'fr3_description' build argument 'cmake_args' from command line to 'None'
[0.118s] Level 5:colcon.colcon_core.verb:set package 'fr3_description' build argument 'cmake_target' from command line to 'None'
[0.118s] Level 5:colcon.colcon_core.verb:set package 'fr3_description' build argument 'cmake_target_skip_unavailable' from command line to 'False'
[0.118s] Level 5:colcon.colcon_core.verb:set package 'fr3_description' build argument 'cmake_clean_cache' from command line to 'False'
[0.118s] Level 5:colcon.colcon_core.verb:set package 'fr3_description' build argument 'cmake_clean_first' from command line to 'False'
[0.118s] Level 5:colcon.colcon_core.verb:set package 'fr3_description' build argument 'cmake_force_configure' from command line to 'False'
[0.118s] Level 5:colcon.colcon_core.verb:set package 'fr3_description' build argument 'ament_cmake_args' from command line to 'None'
[0.118s] Level 5:colcon.colcon_core.verb:set package 'fr3_description' build argument 'catkin_cmake_args' from command line to 'None'
[0.118s] Level 5:colcon.colcon_core.verb:set package 'fr3_description' build argument 'catkin_skip_building_tests' from command line to 'False'
[0.118s] DEBUG:colcon.colcon_core.verb:Building package 'fr3_description' with the following arguments: {'ament_cmake_args': None, 'build_base': '/home/a/zyj/fr3_welding/build/fr3_description', 'catkin_cmake_args': None, 'catkin_skip_building_tests': False, 'cmake_args': None, 'cmake_clean_cache': False, 'cmake_clean_first': False, 'cmake_force_configure': False, 'cmake_target': None, 'cmake_target_skip_unavailable': False, 'install_base': '/home/a/zyj/fr3_welding/install/fr3_description', 'merge_install': False, 'path': '/home/a/zyj/fr3_welding/fr3_description', 'symlink_install': True, 'test_result_base': None}
[0.118s] Level 5:colcon.colcon_core.verb:set package 'fr3_weld_executing' build argument 'cmake_args' from command line to 'None'
[0.118s] Level 5:colcon.colcon_core.verb:set package 'fr3_weld_executing' build argument 'cmake_target' from command line to 'None'
[0.118s] Level 5:colcon.colcon_core.verb:set package 'fr3_weld_executing' build argument 'cmake_target_skip_unavailable' from command line to 'False'
[0.118s] Level 5:colcon.colcon_core.verb:set package 'fr3_weld_executing' build argument 'cmake_clean_cache' from command line to 'False'
[0.118s] Level 5:colcon.colcon_core.verb:set package 'fr3_weld_executing' build argument 'cmake_clean_first' from command line to 'False'
[0.118s] Level 5:colcon.colcon_core.verb:set package 'fr3_weld_executing' build argument 'cmake_force_configure' from command line to 'False'
[0.118s] Level 5:colcon.colcon_core.verb:set package 'fr3_weld_executing' build argument 'ament_cmake_args' from command line to 'None'
[0.118s] Level 5:colcon.colcon_core.verb:set package 'fr3_weld_executing' build argument 'catkin_cmake_args' from command line to 'None'
[0.118s] Level 5:colcon.colcon_core.verb:set package 'fr3_weld_executing' build argument 'catkin_skip_building_tests' from command line to 'False'
[0.118s] DEBUG:colcon.colcon_core.verb:Building package 'fr3_weld_executing' with the following arguments: {'ament_cmake_args': None, 'build_base': '/home/a/zyj/fr3_welding/build/fr3_weld_executing', 'catkin_cmake_args': None, 'catkin_skip_building_tests': False, 'cmake_args': None, 'cmake_clean_cache': False, 'cmake_clean_first': False, 'cmake_force_configure': False, 'cmake_target': None, 'cmake_target_skip_unavailable': False, 'install_base': '/home/a/zyj/fr3_welding/install/fr3_weld_executing', 'merge_install': False, 'path': '/home/a/zyj/fr3_welding/fr3_weld_executing', 'symlink_install': True, 'test_result_base': None}
[0.119s] Level 5:colcon.colcon_core.verb:set package 'weld_butt_seam_extracting' build argument 'cmake_args' from command line to 'None'
[0.119s] Level 5:colcon.colcon_core.verb:set package 'weld_butt_seam_extracting' build argument 'cmake_target' from command line to 'None'
[0.119s] Level 5:colcon.colcon_core.verb:set package 'weld_butt_seam_extracting' build argument 'cmake_target_skip_unavailable' from command line to 'False'
[0.119s] Level 5:colcon.colcon_core.verb:set package 'weld_butt_seam_extracting' build argument 'cmake_clean_cache' from command line to 'False'
[0.119s] Level 5:colcon.colcon_core.verb:set package 'weld_butt_seam_extracting' build argument 'cmake_clean_first' from command line to 'False'
[0.119s] Level 5:colcon.colcon_core.verb:set package 'weld_butt_seam_extracting' build argument 'cmake_force_configure' from command line to 'False'
[0.119s] Level 5:colcon.colcon_core.verb:set package 'weld_butt_seam_extracting' build argument 'ament_cmake_args' from command line to 'None'
[0.119s] Level 5:colcon.colcon_core.verb:set package 'weld_butt_seam_extracting' build argument 'catkin_cmake_args' from command line to 'None'
[0.119s] Level 5:colcon.colcon_core.verb:set package 'weld_butt_seam_extracting' build argument 'catkin_skip_building_tests' from command line to 'False'
[0.119s] DEBUG:colcon.colcon_core.verb:Building package 'weld_butt_seam_extracting' with the following arguments: {'ament_cmake_args': None, 'build_base': '/home/a/zyj/fr3_welding/build/weld_butt_seam_extracting', 'catkin_cmake_args': None, 'catkin_skip_building_tests': False, 'cmake_args': None, 'cmake_clean_cache': False, 'cmake_clean_first': False, 'cmake_force_configure': False, 'cmake_target': None, 'cmake_target_skip_unavailable': False, 'install_base': '/home/a/zyj/fr3_welding/install/weld_butt_seam_extracting', 'merge_install': False, 'path': '/home/a/zyj/fr3_welding/weld_butt_seam_extracting', 'symlink_install': True, 'test_result_base': None}
[0.119s] Level 5:colcon.colcon_core.verb:set package 'fr3_bringup' build argument 'cmake_args' from command line to 'None'
[0.119s] Level 5:colcon.colcon_core.verb:set package 'fr3_bringup' build argument 'cmake_target' from command line to 'None'
[0.119s] Level 5:colcon.colcon_core.verb:set package 'fr3_bringup' build argument 'cmake_target_skip_unavailable' from command line to 'False'
[0.119s] Level 5:colcon.colcon_core.verb:set package 'fr3_bringup' build argument 'cmake_clean_cache' from command line to 'False'
[0.119s] Level 5:colcon.colcon_core.verb:set package 'fr3_bringup' build argument 'cmake_clean_first' from command line to 'False'
[0.119s] Level 5:colcon.colcon_core.verb:set package 'fr3_bringup' build argument 'cmake_force_configure' from command line to 'False'
[0.119s] Level 5:colcon.colcon_core.verb:set package 'fr3_bringup' build argument 'ament_cmake_args' from command line to 'None'
[0.119s] Level 5:colcon.colcon_core.verb:set package 'fr3_bringup' build argument 'catkin_cmake_args' from command line to 'None'
[0.119s] Level 5:colcon.colcon_core.verb:set package 'fr3_bringup' build argument 'catkin_skip_building_tests' from command line to 'False'
[0.119s] DEBUG:colcon.colcon_core.verb:Building package 'fr3_bringup' with the following arguments: {'ament_cmake_args': None, 'build_base': '/home/a/zyj/fr3_welding/build/fr3_bringup', 'catkin_cmake_args': None, 'catkin_skip_building_tests': False, 'cmake_args': None, 'cmake_clean_cache': False, 'cmake_clean_first': False, 'cmake_force_configure': False, 'cmake_target': None, 'cmake_target_skip_unavailable': False, 'install_base': '/home/a/zyj/fr3_welding/install/fr3_bringup', 'merge_install': False, 'path': '/home/a/zyj/fr3_welding/fr3_bringup', 'symlink_install': True, 'test_result_base': None}
[0.119s] Level 5:colcon.colcon_core.verb:set package 'fr3_weld_moveit2_config' build argument 'cmake_args' from command line to 'None'
[0.119s] Level 5:colcon.colcon_core.verb:set package 'fr3_weld_moveit2_config' build argument 'cmake_target' from command line to 'None'
[0.119s] Level 5:colcon.colcon_core.verb:set package 'fr3_weld_moveit2_config' build argument 'cmake_target_skip_unavailable' from command line to 'False'
[0.119s] Level 5:colcon.colcon_core.verb:set package 'fr3_weld_moveit2_config' build argument 'cmake_clean_cache' from command line to 'False'
[0.119s] Level 5:colcon.colcon_core.verb:set package 'fr3_weld_moveit2_config' build argument 'cmake_clean_first' from command line to 'False'
[0.119s] Level 5:colcon.colcon_core.verb:set package 'fr3_weld_moveit2_config' build argument 'cmake_force_configure' from command line to 'False'
[0.119s] Level 5:colcon.colcon_core.verb:set package 'fr3_weld_moveit2_config' build argument 'ament_cmake_args' from command line to 'None'
[0.119s] Level 5:colcon.colcon_core.verb:set package 'fr3_weld_moveit2_config' build argument 'catkin_cmake_args' from command line to 'None'
[0.119s] Level 5:colcon.colcon_core.verb:set package 'fr3_weld_moveit2_config' build argument 'catkin_skip_building_tests' from command line to 'False'
[0.119s] DEBUG:colcon.colcon_core.verb:Building package 'fr3_weld_moveit2_config' with the following arguments: {'ament_cmake_args': None, 'build_base': '/home/a/zyj/fr3_welding/build/fr3_weld_moveit2_config', 'catkin_cmake_args': None, 'catkin_skip_building_tests': False, 'cmake_args': None, 'cmake_clean_cache': False, 'cmake_clean_first': False, 'cmake_force_configure': False, 'cmake_target': None, 'cmake_target_skip_unavailable': False, 'install_base': '/home/a/zyj/fr3_welding/install/fr3_weld_moveit2_config', 'merge_install': False, 'path': '/home/a/zyj/fr3_welding/fr3_weld_moveit2_config', 'symlink_install': True, 'test_result_base': None}
[0.119s] INFO:colcon.colcon_core.executor:Executing jobs using 'parallel' executor
[0.120s] DEBUG:colcon.colcon_parallel_executor.executor.parallel:run_until_complete
[0.120s] INFO:colcon.colcon_ros.task.ament_cmake.build:Building ROS package in '/home/a/zyj/fr3_welding/fr3_description' with build type 'ament_cmake'
[0.120s] INFO:colcon.colcon_cmake.task.cmake.build:Building CMake package in '/home/a/zyj/fr3_welding/fr3_description'
[0.121s] INFO:colcon.colcon_core.plugin_system:Skipping extension 'colcon_core.shell.bat': Not used on non-Windows systems
[0.121s] INFO:colcon.colcon_core.shell:Skip shell extension 'powershell' for command environment: Not usable outside of PowerShell
[0.121s] DEBUG:colcon.colcon_core.shell:Skip shell extension 'dsv' for command environment
[0.123s] INFO:colcon.colcon_ros.task.ament_cmake.build:Building ROS package in '/home/a/zyj/fr3_welding/fr3_weld_executing' with build type 'ament_cmake'
[0.123s] INFO:colcon.colcon_cmake.task.cmake.build:Building CMake package in '/home/a/zyj/fr3_welding/fr3_weld_executing'
[0.123s] INFO:colcon.colcon_core.shell:Skip shell extension 'powershell' for command environment: Not usable outside of PowerShell
[0.123s] DEBUG:colcon.colcon_core.shell:Skip shell extension 'dsv' for command environment
[0.124s] INFO:colcon.colcon_ros.task.ament_cmake.build:Building ROS package in '/home/a/zyj/fr3_welding/weld_butt_seam_extracting' with build type 'ament_cmake'
[0.124s] INFO:colcon.colcon_cmake.task.cmake.build:Building CMake package in '/home/a/zyj/fr3_welding/weld_butt_seam_extracting'
[0.124s] INFO:colcon.colcon_core.shell:Skip shell extension 'powershell' for command environment: Not usable outside of PowerShell
[0.124s] DEBUG:colcon.colcon_core.shell:Skip shell extension 'dsv' for command environment
[0.128s] DEBUG:colcon.colcon_core.event_handler.log_command:Invoking command in '/home/a/zyj/fr3_welding/build/fr3_description': CMAKE_PREFIX_PATH=${CMAKE_PREFIX_PATH}:/opt/ros/jazzy CONDA_PROMPT_MODIFIER=(base) DEBUGINFOD_URLS=https://debuginfod.ubuntu.com /usr/bin/cmake --build /home/a/zyj/fr3_welding/build/fr3_description -- -j20 -l20
[0.130s] DEBUG:colcon.colcon_core.event_handler.log_command:Invoking command in '/home/a/zyj/fr3_welding/build/fr3_weld_executing': CMAKE_PREFIX_PATH=${CMAKE_PREFIX_PATH}:/opt/ros/jazzy CONDA_PROMPT_MODIFIER=(base) DEBUGINFOD_URLS=https://debuginfod.ubuntu.com /usr/bin/cmake --build /home/a/zyj/fr3_welding/build/fr3_weld_executing -- -j20 -l20
[0.131s] DEBUG:colcon.colcon_core.event_handler.log_command:Invoking command in '/home/a/zyj/fr3_welding/build/weld_butt_seam_extracting': CMAKE_PREFIX_PATH=${CMAKE_PREFIX_PATH}:/opt/ros/jazzy CONDA_PROMPT_MODIFIER=(base) DEBUGINFOD_URLS=https://debuginfod.ubuntu.com /usr/bin/cmake --build /home/a/zyj/fr3_welding/build/weld_butt_seam_extracting -- -j20 -l20
[0.156s] DEBUG:colcon.colcon_core.event_handler.log_command:Invoked command in '/home/a/zyj/fr3_welding/build/fr3_description' returned '0': CMAKE_PREFIX_PATH=${CMAKE_PREFIX_PATH}:/opt/ros/jazzy CONDA_PROMPT_MODIFIER=(base) DEBUGINFOD_URLS=https://debuginfod.ubuntu.com /usr/bin/cmake --build /home/a/zyj/fr3_welding/build/fr3_description -- -j20 -l20
[0.163s] DEBUG:colcon.colcon_core.event_handler.log_command:Invoking command in '/home/a/zyj/fr3_welding/build/fr3_description': CMAKE_PREFIX_PATH=${CMAKE_PREFIX_PATH}:/opt/ros/jazzy CONDA_PROMPT_MODIFIER=(base) DEBUGINFOD_URLS=https://debuginfod.ubuntu.com /usr/bin/cmake --install /home/a/zyj/fr3_welding/build/fr3_description
[0.178s] Level 1:colcon.colcon_core.environment:create_environment_scripts_only(fr3_description)
[0.178s] DEBUG:colcon.colcon_core.event_handler.log_command:Invoked command in '/home/a/zyj/fr3_welding/build/fr3_description' returned '0': CMAKE_PREFIX_PATH=${CMAKE_PREFIX_PATH}:/opt/ros/jazzy CONDA_PROMPT_MODIFIER=(base) DEBUGINFOD_URLS=https://debuginfod.ubuntu.com /usr/bin/cmake --install /home/a/zyj/fr3_welding/build/fr3_description
[0.180s] Level 1:colcon.colcon_core.environment:checking '/home/a/zyj/fr3_welding/install/fr3_description' for CMake module files
[0.180s] Level 1:colcon.colcon_core.environment:checking '/home/a/zyj/fr3_welding/install/fr3_description' for CMake config files
[0.180s] Level 1:colcon.colcon_core.shell:create_environment_hook('fr3_description', 'cmake_prefix_path')
[0.180s] INFO:colcon.colcon_core.shell:Creating environment hook '/home/a/zyj/fr3_welding/install/fr3_description/share/fr3_description/hook/cmake_prefix_path.ps1'
[0.181s] INFO:colcon.colcon_core.shell:Creating environment descriptor '/home/a/zyj/fr3_welding/install/fr3_description/share/fr3_description/hook/cmake_prefix_path.dsv'
[0.181s] INFO:colcon.colcon_core.shell:Creating environment hook '/home/a/zyj/fr3_welding/install/fr3_description/share/fr3_description/hook/cmake_prefix_path.sh'
[0.181s] Level 1:colcon.colcon_core.environment:checking '/home/a/zyj/fr3_welding/install/fr3_description/bin'
[0.181s] Level 1:colcon.colcon_core.environment:checking '/home/a/zyj/fr3_welding/install/fr3_description/lib/pkgconfig/fr3_description.pc'
[0.181s] Level 1:colcon.colcon_core.environment:checking '/home/a/zyj/fr3_welding/install/fr3_description/lib/python3.12/site-packages'
[0.182s] Level 1:colcon.colcon_core.environment:checking '/home/a/zyj/fr3_welding/install/fr3_description/bin'
[0.182s] INFO:colcon.colcon_core.shell:Creating package script '/home/a/zyj/fr3_welding/install/fr3_description/share/fr3_description/package.ps1'
[0.182s] INFO:colcon.colcon_core.shell:Creating package descriptor '/home/a/zyj/fr3_welding/install/fr3_description/share/fr3_description/package.dsv'
[0.182s] INFO:colcon.colcon_core.shell:Creating package script '/home/a/zyj/fr3_welding/install/fr3_description/share/fr3_description/package.sh'
[0.182s] INFO:colcon.colcon_core.shell:Creating package script '/home/a/zyj/fr3_welding/install/fr3_description/share/fr3_description/package.bash'
[0.183s] INFO:colcon.colcon_core.shell:Creating package script '/home/a/zyj/fr3_welding/install/fr3_description/share/fr3_description/package.zsh'
[0.183s] Level 1:colcon.colcon_core.environment:create_file_with_runtime_dependencies(/home/a/zyj/fr3_welding/install/fr3_description/share/colcon-core/packages/fr3_description)
[0.183s] Level 1:colcon.colcon_core.environment:create_environment_scripts_only(fr3_description)
[0.183s] Level 1:colcon.colcon_core.environment:checking '/home/a/zyj/fr3_welding/install/fr3_description' for CMake module files
[0.183s] Level 1:colcon.colcon_core.environment:checking '/home/a/zyj/fr3_welding/install/fr3_description' for CMake config files
[0.183s] Level 1:colcon.colcon_core.shell:create_environment_hook('fr3_description', 'cmake_prefix_path')
[0.183s] INFO:colcon.colcon_core.shell:Creating environment hook '/home/a/zyj/fr3_welding/install/fr3_description/share/fr3_description/hook/cmake_prefix_path.ps1'
[0.184s] INFO:colcon.colcon_core.shell:Creating environment descriptor '/home/a/zyj/fr3_welding/install/fr3_description/share/fr3_description/hook/cmake_prefix_path.dsv'
[0.184s] INFO:colcon.colcon_core.shell:Creating environment hook '/home/a/zyj/fr3_welding/install/fr3_description/share/fr3_description/hook/cmake_prefix_path.sh'
[0.184s] Level 1:colcon.colcon_core.environment:checking '/home/a/zyj/fr3_welding/install/fr3_description/bin'
[0.184s] Level 1:colcon.colcon_core.environment:checking '/home/a/zyj/fr3_welding/install/fr3_description/lib/pkgconfig/fr3_description.pc'
[0.184s] Level 1:colcon.colcon_core.environment:checking '/home/a/zyj/fr3_welding/install/fr3_description/lib/python3.12/site-packages'
[0.184s] Level 1:colcon.colcon_core.environment:checking '/home/a/zyj/fr3_welding/install/fr3_description/bin'
[0.184s] INFO:colcon.colcon_core.shell:Creating package script '/home/a/zyj/fr3_welding/install/fr3_description/share/fr3_description/package.ps1'
[0.184s] INFO:colcon.colcon_core.shell:Creating package descriptor '/home/a/zyj/fr3_welding/install/fr3_description/share/fr3_description/package.dsv'
[0.185s] INFO:colcon.colcon_core.shell:Creating package script '/home/a/zyj/fr3_welding/install/fr3_description/share/fr3_description/package.sh'
[0.185s] INFO:colcon.colcon_core.shell:Creating package script '/home/a/zyj/fr3_welding/install/fr3_description/share/fr3_description/package.bash'
[0.185s] INFO:colcon.colcon_core.shell:Creating package script '/home/a/zyj/fr3_welding/install/fr3_description/share/fr3_description/package.zsh'
[0.185s] Level 1:colcon.colcon_core.environment:create_file_with_runtime_dependencies(/home/a/zyj/fr3_welding/install/fr3_description/share/colcon-core/packages/fr3_description)
[0.185s] INFO:colcon.colcon_ros.task.ament_cmake.build:Building ROS package in '/home/a/zyj/fr3_welding/fr3_bringup' with build type 'ament_cmake'
[0.185s] INFO:colcon.colcon_cmake.task.cmake.build:Building CMake package in '/home/a/zyj/fr3_welding/fr3_bringup'
[0.185s] INFO:colcon.colcon_core.shell:Skip shell extension 'powershell' for command environment: Not usable outside of PowerShell
[0.185s] DEBUG:colcon.colcon_core.shell:Skip shell extension 'dsv' for command environment
[0.187s] INFO:colcon.colcon_ros.task.ament_cmake.build:Building ROS package in '/home/a/zyj/fr3_welding/fr3_weld_moveit2_config' with build type 'ament_cmake'
[0.187s] INFO:colcon.colcon_cmake.task.cmake.build:Building CMake package in '/home/a/zyj/fr3_welding/fr3_weld_moveit2_config'
[0.187s] INFO:colcon.colcon_core.shell:Skip shell extension 'powershell' for command environment: Not usable outside of PowerShell
[0.187s] DEBUG:colcon.colcon_core.shell:Skip shell extension 'dsv' for command environment
[0.190s] DEBUG:colcon.colcon_core.event_handler.log_command:Invoked command in '/home/a/zyj/fr3_welding/build/fr3_weld_executing' returned '0': CMAKE_PREFIX_PATH=${CMAKE_PREFIX_PATH}:/opt/ros/jazzy CONDA_PROMPT_MODIFIER=(base) DEBUGINFOD_URLS=https://debuginfod.ubuntu.com /usr/bin/cmake --build /home/a/zyj/fr3_welding/build/fr3_weld_executing -- -j20 -l20
[0.191s] DEBUG:colcon.colcon_core.event_handler.log_command:Invoking command in '/home/a/zyj/fr3_welding/build/fr3_weld_executing': CMAKE_PREFIX_PATH=${CMAKE_PREFIX_PATH}:/opt/ros/jazzy CONDA_PROMPT_MODIFIER=(base) DEBUGINFOD_URLS=https://debuginfod.ubuntu.com /usr/bin/cmake --install /home/a/zyj/fr3_welding/build/fr3_weld_executing
[0.193s] DEBUG:colcon.colcon_core.event_handler.log_command:Invoking command in '/home/a/zyj/fr3_welding/build/fr3_bringup': CMAKE_PREFIX_PATH=/home/a/zyj/fr3_welding/install/fr3_description:/home/a/zyj/fr3_welding/install/weld_butt_seam_extracting:/home/a/zyj/fr3_welding/install/fr3_weld_moveit2_config:/home/a/zyj/fr3_welding/install/fr3_weld_executing:/home/a/zyj/fr3_welding/install/fr3_bringup:/opt/ros/jazzy/opt/gz_sim_vendor:/opt/ros/jazzy/opt/gz_sensors_vendor:/opt/ros/jazzy/opt/gz_physics_vendor:/opt/ros/jazzy/opt/sdformat_vendor:/opt/ros/jazzy/opt/gz_gui_vendor:/opt/ros/jazzy/opt/gz_transport_vendor:/opt/ros/jazzy/opt/gz_rendering_vendor:/opt/ros/jazzy/opt/gz_plugin_vendor:/opt/ros/jazzy/opt/gz_fuel_tools_vendor:/opt/ros/jazzy/opt/gz_msgs_vendor:/opt/ros/jazzy/opt/gz_common_vendor:/opt/ros/jazzy/opt/gz_math_vendor:/opt/ros/jazzy/opt/gz_utils_vendor:/opt/ros/jazzy/opt/gz_tools_vendor:/opt/ros/jazzy/opt/gz_ogre_next_vendor:/opt/ros/jazzy/opt/gz_dartsim_vendor:/opt/ros/jazzy/opt/gz_cmake_vendor:/opt/ros/jazzy CONDA_PROMPT_MODIFIER=(base) DEBUGINFOD_URLS=https://debuginfod.ubuntu.com /usr/bin/cmake --build /home/a/zyj/fr3_welding/build/fr3_bringup -- -j20 -l20
[0.194s] DEBUG:colcon.colcon_core.event_handler.log_command:Invoking command in '/home/a/zyj/fr3_welding/build/fr3_weld_moveit2_config': CMAKE_PREFIX_PATH=/home/a/zyj/fr3_welding/install/fr3_description:/home/a/zyj/fr3_welding/install/weld_butt_seam_extracting:/home/a/zyj/fr3_welding/install/fr3_weld_moveit2_config:/home/a/zyj/fr3_welding/install/fr3_weld_executing:/home/a/zyj/fr3_welding/install/fr3_bringup:/opt/ros/jazzy/opt/gz_sim_vendor:/opt/ros/jazzy/opt/gz_sensors_vendor:/opt/ros/jazzy/opt/gz_physics_vendor:/opt/ros/jazzy/opt/sdformat_vendor:/opt/ros/jazzy/opt/gz_gui_vendor:/opt/ros/jazzy/opt/gz_transport_vendor:/opt/ros/jazzy/opt/gz_rendering_vendor:/opt/ros/jazzy/opt/gz_plugin_vendor:/opt/ros/jazzy/opt/gz_fuel_tools_vendor:/opt/ros/jazzy/opt/gz_msgs_vendor:/opt/ros/jazzy/opt/gz_common_vendor:/opt/ros/jazzy/opt/gz_math_vendor:/opt/ros/jazzy/opt/gz_utils_vendor:/opt/ros/jazzy/opt/gz_tools_vendor:/opt/ros/jazzy/opt/gz_ogre_next_vendor:/opt/ros/jazzy/opt/gz_dartsim_vendor:/opt/ros/jazzy/opt/gz_cmake_vendor:/opt/ros/jazzy CONDA_PROMPT_MODIFIER=(base) DEBUGINFOD_URLS=https://debuginfod.ubuntu.com /usr/bin/cmake --build /home/a/zyj/fr3_welding/build/fr3_weld_moveit2_config -- -j20 -l20
[0.208s] Level 1:colcon.colcon_core.environment:create_environment_scripts_only(fr3_weld_executing)
[0.209s] Level 1:colcon.colcon_core.environment:checking '/home/a/zyj/fr3_welding/install/fr3_weld_executing' for CMake module files
[0.209s] DEBUG:colcon.colcon_core.event_handler.log_command:Invoked command in '/home/a/zyj/fr3_welding/build/fr3_weld_executing' returned '0': CMAKE_PREFIX_PATH=${CMAKE_PREFIX_PATH}:/opt/ros/jazzy CONDA_PROMPT_MODIFIER=(base) DEBUGINFOD_URLS=https://debuginfod.ubuntu.com /usr/bin/cmake --install /home/a/zyj/fr3_welding/build/fr3_weld_executing
[0.209s] Level 1:colcon.colcon_core.environment:checking '/home/a/zyj/fr3_welding/install/fr3_weld_executing' for CMake config files
[0.209s] Level 1:colcon.colcon_core.shell:create_environment_hook('fr3_weld_executing', 'cmake_prefix_path')
[0.209s] INFO:colcon.colcon_core.shell:Creating environment hook '/home/a/zyj/fr3_welding/install/fr3_weld_executing/share/fr3_weld_executing/hook/cmake_prefix_path.ps1'
[0.209s] INFO:colcon.colcon_core.shell:Creating environment descriptor '/home/a/zyj/fr3_welding/install/fr3_weld_executing/share/fr3_weld_executing/hook/cmake_prefix_path.dsv'
[0.210s] INFO:colcon.colcon_core.shell:Creating environment hook '/home/a/zyj/fr3_welding/install/fr3_weld_executing/share/fr3_weld_executing/hook/cmake_prefix_path.sh'
[0.210s] Level 1:colcon.colcon_core.environment:checking '/home/a/zyj/fr3_welding/install/fr3_weld_executing/lib'
[0.210s] Level 1:colcon.colcon_core.environment:checking '/home/a/zyj/fr3_welding/install/fr3_weld_executing/bin'
[0.210s] Level 1:colcon.colcon_core.environment:checking '/home/a/zyj/fr3_welding/install/fr3_weld_executing/lib/pkgconfig/fr3_weld_executing.pc'
[0.210s] Level 1:colcon.colcon_core.environment:checking '/home/a/zyj/fr3_welding/install/fr3_weld_executing/lib/python3.12/site-packages'
[0.210s] Level 1:colcon.colcon_core.environment:checking '/home/a/zyj/fr3_welding/install/fr3_weld_executing/bin'
[0.210s] INFO:colcon.colcon_core.shell:Creating package script '/home/a/zyj/fr3_welding/install/fr3_weld_executing/share/fr3_weld_executing/package.ps1'
[0.211s] INFO:colcon.colcon_core.shell:Creating package descriptor '/home/a/zyj/fr3_welding/install/fr3_weld_executing/share/fr3_weld_executing/package.dsv'
[0.211s] INFO:colcon.colcon_core.shell:Creating package script '/home/a/zyj/fr3_welding/install/fr3_weld_executing/share/fr3_weld_executing/package.sh'
[0.211s] INFO:colcon.colcon_core.shell:Creating package script '/home/a/zyj/fr3_welding/install/fr3_weld_executing/share/fr3_weld_executing/package.bash'
[0.211s] INFO:colcon.colcon_core.shell:Creating package script '/home/a/zyj/fr3_welding/install/fr3_weld_executing/share/fr3_weld_executing/package.zsh'
[0.211s] Level 1:colcon.colcon_core.environment:create_file_with_runtime_dependencies(/home/a/zyj/fr3_welding/install/fr3_weld_executing/share/colcon-core/packages/fr3_weld_executing)
[0.211s] Level 1:colcon.colcon_core.environment:create_environment_scripts_only(fr3_weld_executing)
[0.211s] Level 1:colcon.colcon_core.environment:checking '/home/a/zyj/fr3_welding/install/fr3_weld_executing' for CMake module files
[0.212s] Level 1:colcon.colcon_core.environment:checking '/home/a/zyj/fr3_welding/install/fr3_weld_executing' for CMake config files
[0.212s] Level 1:colcon.colcon_core.shell:create_environment_hook('fr3_weld_executing', 'cmake_prefix_path')
[0.212s] INFO:colcon.colcon_core.shell:Creating environment hook '/home/a/zyj/fr3_welding/install/fr3_weld_executing/share/fr3_weld_executing/hook/cmake_prefix_path.ps1'
[0.212s] INFO:colcon.colcon_core.shell:Creating environment descriptor '/home/a/zyj/fr3_welding/install/fr3_weld_executing/share/fr3_weld_executing/hook/cmake_prefix_path.dsv'
[0.212s] INFO:colcon.colcon_core.shell:Creating environment hook '/home/a/zyj/fr3_welding/install/fr3_weld_executing/share/fr3_weld_executing/hook/cmake_prefix_path.sh'
[0.212s] Level 1:colcon.colcon_core.environment:checking '/home/a/zyj/fr3_welding/install/fr3_weld_executing/lib'
[0.212s] Level 1:colcon.colcon_core.environment:checking '/home/a/zyj/fr3_welding/install/fr3_weld_executing/bin'
[0.212s] Level 1:colcon.colcon_core.environment:checking '/home/a/zyj/fr3_welding/install/fr3_weld_executing/lib/pkgconfig/fr3_weld_executing.pc'
[0.212s] Level 1:colcon.colcon_core.environment:checking '/home/a/zyj/fr3_welding/install/fr3_weld_executing/lib/python3.12/site-packages'
[0.213s] Level 1:colcon.colcon_core.environment:checking '/home/a/zyj/fr3_welding/install/fr3_weld_executing/bin'
[0.213s] INFO:colcon.colcon_core.shell:Creating package script '/home/a/zyj/fr3_welding/install/fr3_weld_executing/share/fr3_weld_executing/package.ps1'
[0.213s] INFO:colcon.colcon_core.shell:Creating package descriptor '/home/a/zyj/fr3_welding/install/fr3_weld_executing/share/fr3_weld_executing/package.dsv'
[0.213s] INFO:colcon.colcon_core.shell:Creating package script '/home/a/zyj/fr3_welding/install/fr3_weld_executing/share/fr3_weld_executing/package.sh'
[0.213s] INFO:colcon.colcon_core.shell:Creating package script '/home/a/zyj/fr3_welding/install/fr3_weld_executing/share/fr3_weld_executing/package.bash'
[0.213s] INFO:colcon.colcon_core.shell:Creating package script '/home/a/zyj/fr3_welding/install/fr3_weld_executing/share/fr3_weld_executing/package.zsh'
[0.213s] Level 1:colcon.colcon_core.environment:create_file_with_runtime_dependencies(/home/a/zyj/fr3_welding/install/fr3_weld_executing/share/colcon-core/packages/fr3_weld_executing)
[0.214s] DEBUG:colcon.colcon_core.event_handler.log_command:Invoked command in '/home/a/zyj/fr3_welding/build/fr3_weld_moveit2_config' returned '0': CMAKE_PREFIX_PATH=/home/a/zyj/fr3_welding/install/fr3_description:/home/a/zyj/fr3_welding/install/weld_butt_seam_extracting:/home/a/zyj/fr3_welding/install/fr3_weld_moveit2_config:/home/a/zyj/fr3_welding/install/fr3_weld_executing:/home/a/zyj/fr3_welding/install/fr3_bringup:/opt/ros/jazzy/opt/gz_sim_vendor:/opt/ros/jazzy/opt/gz_sensors_vendor:/opt/ros/jazzy/opt/gz_physics_vendor:/opt/ros/jazzy/opt/sdformat_vendor:/opt/ros/jazzy/opt/gz_gui_vendor:/opt/ros/jazzy/opt/gz_transport_vendor:/opt/ros/jazzy/opt/gz_rendering_vendor:/opt/ros/jazzy/opt/gz_plugin_vendor:/opt/ros/jazzy/opt/gz_fuel_tools_vendor:/opt/ros/jazzy/opt/gz_msgs_vendor:/opt/ros/jazzy/opt/gz_common_vendor:/opt/ros/jazzy/opt/gz_math_vendor:/opt/ros/jazzy/opt/gz_utils_vendor:/opt/ros/jazzy/opt/gz_tools_vendor:/opt/ros/jazzy/opt/gz_ogre_next_vendor:/opt/ros/jazzy/opt/gz_dartsim_vendor:/opt/ros/jazzy/opt/gz_cmake_vendor:/opt/ros/jazzy CONDA_PROMPT_MODIFIER=(base) DEBUGINFOD_URLS=https://debuginfod.ubuntu.com /usr/bin/cmake --build /home/a/zyj/fr3_welding/build/fr3_weld_moveit2_config -- -j20 -l20
[0.215s] DEBUG:colcon.colcon_core.event_handler.log_command:Invoking command in '/home/a/zyj/fr3_welding/build/fr3_weld_moveit2_config': CMAKE_PREFIX_PATH=/home/a/zyj/fr3_welding/install/fr3_description:/home/a/zyj/fr3_welding/install/weld_butt_seam_extracting:/home/a/zyj/fr3_welding/install/fr3_weld_moveit2_config:/home/a/zyj/fr3_welding/install/fr3_weld_executing:/home/a/zyj/fr3_welding/install/fr3_bringup:/opt/ros/jazzy/opt/gz_sim_vendor:/opt/ros/jazzy/opt/gz_sensors_vendor:/opt/ros/jazzy/opt/gz_physics_vendor:/opt/ros/jazzy/opt/sdformat_vendor:/opt/ros/jazzy/opt/gz_gui_vendor:/opt/ros/jazzy/opt/gz_transport_vendor:/opt/ros/jazzy/opt/gz_rendering_vendor:/opt/ros/jazzy/opt/gz_plugin_vendor:/opt/ros/jazzy/opt/gz_fuel_tools_vendor:/opt/ros/jazzy/opt/gz_msgs_vendor:/opt/ros/jazzy/opt/gz_common_vendor:/opt/ros/jazzy/opt/gz_math_vendor:/opt/ros/jazzy/opt/gz_utils_vendor:/opt/ros/jazzy/opt/gz_tools_vendor:/opt/ros/jazzy/opt/gz_ogre_next_vendor:/opt/ros/jazzy/opt/gz_dartsim_vendor:/opt/ros/jazzy/opt/gz_cmake_vendor:/opt/ros/jazzy CONDA_PROMPT_MODIFIER=(base) DEBUGINFOD_URLS=https://debuginfod.ubuntu.com /usr/bin/cmake --install /home/a/zyj/fr3_welding/build/fr3_weld_moveit2_config
[0.216s] DEBUG:colcon.colcon_core.event_handler.log_command:Invoked command in '/home/a/zyj/fr3_welding/build/fr3_bringup' returned '0': CMAKE_PREFIX_PATH=/home/a/zyj/fr3_welding/install/fr3_description:/home/a/zyj/fr3_welding/install/weld_butt_seam_extracting:/home/a/zyj/fr3_welding/install/fr3_weld_moveit2_config:/home/a/zyj/fr3_welding/install/fr3_weld_executing:/home/a/zyj/fr3_welding/install/fr3_bringup:/opt/ros/jazzy/opt/gz_sim_vendor:/opt/ros/jazzy/opt/gz_sensors_vendor:/opt/ros/jazzy/opt/gz_physics_vendor:/opt/ros/jazzy/opt/sdformat_vendor:/opt/ros/jazzy/opt/gz_gui_vendor:/opt/ros/jazzy/opt/gz_transport_vendor:/opt/ros/jazzy/opt/gz_rendering_vendor:/opt/ros/jazzy/opt/gz_plugin_vendor:/opt/ros/jazzy/opt/gz_fuel_tools_vendor:/opt/ros/jazzy/opt/gz_msgs_vendor:/opt/ros/jazzy/opt/gz_common_vendor:/opt/ros/jazzy/opt/gz_math_vendor:/opt/ros/jazzy/opt/gz_utils_vendor:/opt/ros/jazzy/opt/gz_tools_vendor:/opt/ros/jazzy/opt/gz_ogre_next_vendor:/opt/ros/jazzy/opt/gz_dartsim_vendor:/opt/ros/jazzy/opt/gz_cmake_vendor:/opt/ros/jazzy CONDA_PROMPT_MODIFIER=(base) DEBUGINFOD_URLS=https://debuginfod.ubuntu.com /usr/bin/cmake --build /home/a/zyj/fr3_welding/build/fr3_bringup -- -j20 -l20
[0.216s] DEBUG:colcon.colcon_core.event_handler.log_command:Invoking command in '/home/a/zyj/fr3_welding/build/fr3_bringup': CMAKE_PREFIX_PATH=/home/a/zyj/fr3_welding/install/fr3_description:/home/a/zyj/fr3_welding/install/weld_butt_seam_extracting:/home/a/zyj/fr3_welding/install/fr3_weld_moveit2_config:/home/a/zyj/fr3_welding/install/fr3_weld_executing:/home/a/zyj/fr3_welding/install/fr3_bringup:/opt/ros/jazzy/opt/gz_sim_vendor:/opt/ros/jazzy/opt/gz_sensors_vendor:/opt/ros/jazzy/opt/gz_physics_vendor:/opt/ros/jazzy/opt/sdformat_vendor:/opt/ros/jazzy/opt/gz_gui_vendor:/opt/ros/jazzy/opt/gz_transport_vendor:/opt/ros/jazzy/opt/gz_rendering_vendor:/opt/ros/jazzy/opt/gz_plugin_vendor:/opt/ros/jazzy/opt/gz_fuel_tools_vendor:/opt/ros/jazzy/opt/gz_msgs_vendor:/opt/ros/jazzy/opt/gz_common_vendor:/opt/ros/jazzy/opt/gz_math_vendor:/opt/ros/jazzy/opt/gz_utils_vendor:/opt/ros/jazzy/opt/gz_tools_vendor:/opt/ros/jazzy/opt/gz_ogre_next_vendor:/opt/ros/jazzy/opt/gz_dartsim_vendor:/opt/ros/jazzy/opt/gz_cmake_vendor:/opt/ros/jazzy CONDA_PROMPT_MODIFIER=(base) DEBUGINFOD_URLS=https://debuginfod.ubuntu.com /usr/bin/cmake --install /home/a/zyj/fr3_welding/build/fr3_bringup
[0.217s] DEBUG:colcon.colcon_core.event_handler.log_command:Invoked command in '/home/a/zyj/fr3_welding/build/weld_butt_seam_extracting' returned '0': CMAKE_PREFIX_PATH=${CMAKE_PREFIX_PATH}:/opt/ros/jazzy CONDA_PROMPT_MODIFIER=(base) DEBUGINFOD_URLS=https://debuginfod.ubuntu.com /usr/bin/cmake --build /home/a/zyj/fr3_welding/build/weld_butt_seam_extracting -- -j20 -l20
[0.218s] DEBUG:colcon.colcon_core.event_handler.log_command:Invoking command in '/home/a/zyj/fr3_welding/build/weld_butt_seam_extracting': CMAKE_PREFIX_PATH=${CMAKE_PREFIX_PATH}:/opt/ros/jazzy CONDA_PROMPT_MODIFIER=(base) DEBUGINFOD_URLS=https://debuginfod.ubuntu.com /usr/bin/cmake --install /home/a/zyj/fr3_welding/build/weld_butt_seam_extracting
[0.227s] Level 1:colcon.colcon_core.environment:create_environment_scripts_only(fr3_bringup)
[0.227s] DEBUG:colcon.colcon_core.event_handler.log_command:Invoked command in '/home/a/zyj/fr3_welding/build/fr3_bringup' returned '0': CMAKE_PREFIX_PATH=/home/a/zyj/fr3_welding/install/fr3_description:/home/a/zyj/fr3_welding/install/weld_butt_seam_extracting:/home/a/zyj/fr3_welding/install/fr3_weld_moveit2_config:/home/a/zyj/fr3_welding/install/fr3_weld_executing:/home/a/zyj/fr3_welding/install/fr3_bringup:/opt/ros/jazzy/opt/gz_sim_vendor:/opt/ros/jazzy/opt/gz_sensors_vendor:/opt/ros/jazzy/opt/gz_physics_vendor:/opt/ros/jazzy/opt/sdformat_vendor:/opt/ros/jazzy/opt/gz_gui_vendor:/opt/ros/jazzy/opt/gz_transport_vendor:/opt/ros/jazzy/opt/gz_rendering_vendor:/opt/ros/jazzy/opt/gz_plugin_vendor:/opt/ros/jazzy/opt/gz_fuel_tools_vendor:/opt/ros/jazzy/opt/gz_msgs_vendor:/opt/ros/jazzy/opt/gz_common_vendor:/opt/ros/jazzy/opt/gz_math_vendor:/opt/ros/jazzy/opt/gz_utils_vendor:/opt/ros/jazzy/opt/gz_tools_vendor:/opt/ros/jazzy/opt/gz_ogre_next_vendor:/opt/ros/jazzy/opt/gz_dartsim_vendor:/opt/ros/jazzy/opt/gz_cmake_vendor:/opt/ros/jazzy CONDA_PROMPT_MODIFIER=(base) DEBUGINFOD_URLS=https://debuginfod.ubuntu.com /usr/bin/cmake --install /home/a/zyj/fr3_welding/build/fr3_bringup
[0.227s] Level 1:colcon.colcon_core.environment:checking '/home/a/zyj/fr3_welding/install/fr3_bringup' for CMake module files
[0.227s] Level 1:colcon.colcon_core.environment:checking '/home/a/zyj/fr3_welding/install/fr3_bringup' for CMake config files
[0.228s] Level 1:colcon.colcon_core.shell:create_environment_hook('fr3_bringup', 'cmake_prefix_path')
[0.228s] INFO:colcon.colcon_core.shell:Creating environment hook '/home/a/zyj/fr3_welding/install/fr3_bringup/share/fr3_bringup/hook/cmake_prefix_path.ps1'
[0.228s] INFO:colcon.colcon_core.shell:Creating environment descriptor '/home/a/zyj/fr3_welding/install/fr3_bringup/share/fr3_bringup/hook/cmake_prefix_path.dsv'
[0.228s] INFO:colcon.colcon_core.shell:Creating environment hook '/home/a/zyj/fr3_welding/install/fr3_bringup/share/fr3_bringup/hook/cmake_prefix_path.sh'
[0.228s] Level 1:colcon.colcon_core.environment:checking '/home/a/zyj/fr3_welding/install/fr3_bringup/bin'
[0.229s] Level 1:colcon.colcon_core.environment:checking '/home/a/zyj/fr3_welding/install/fr3_bringup/lib/pkgconfig/fr3_bringup.pc'
[0.229s] Level 1:colcon.colcon_core.environment:checking '/home/a/zyj/fr3_welding/install/fr3_bringup/lib/python3.12/site-packages'
[0.229s] Level 1:colcon.colcon_core.environment:checking '/home/a/zyj/fr3_welding/install/fr3_bringup/bin'
[0.229s] INFO:colcon.colcon_core.shell:Creating package script '/home/a/zyj/fr3_welding/install/fr3_bringup/share/fr3_bringup/package.ps1'
[0.229s] INFO:colcon.colcon_core.shell:Creating package descriptor '/home/a/zyj/fr3_welding/install/fr3_bringup/share/fr3_bringup/package.dsv'
[0.229s] INFO:colcon.colcon_core.shell:Creating package script '/home/a/zyj/fr3_welding/install/fr3_bringup/share/fr3_bringup/package.sh'
[0.229s] INFO:colcon.colcon_core.shell:Creating package script '/home/a/zyj/fr3_welding/install/fr3_bringup/share/fr3_bringup/package.bash'
[0.229s] INFO:colcon.colcon_core.shell:Creating package script '/home/a/zyj/fr3_welding/install/fr3_bringup/share/fr3_bringup/package.zsh'
[0.230s] Level 1:colcon.colcon_core.environment:create_file_with_runtime_dependencies(/home/a/zyj/fr3_welding/install/fr3_bringup/share/colcon-core/packages/fr3_bringup)
[0.230s] Level 1:colcon.colcon_core.environment:create_environment_scripts_only(fr3_bringup)
[0.230s] Level 1:colcon.colcon_core.environment:checking '/home/a/zyj/fr3_welding/install/fr3_bringup' for CMake module files
[0.230s] Level 1:colcon.colcon_core.environment:checking '/home/a/zyj/fr3_welding/install/fr3_bringup' for CMake config files
[0.230s] Level 1:colcon.colcon_core.shell:create_environment_hook('fr3_bringup', 'cmake_prefix_path')
[0.230s] INFO:colcon.colcon_core.shell:Creating environment hook '/home/a/zyj/fr3_welding/install/fr3_bringup/share/fr3_bringup/hook/cmake_prefix_path.ps1'
[0.230s] INFO:colcon.colcon_core.shell:Creating environment descriptor '/home/a/zyj/fr3_welding/install/fr3_bringup/share/fr3_bringup/hook/cmake_prefix_path.dsv'
[0.230s] INFO:colcon.colcon_core.shell:Creating environment hook '/home/a/zyj/fr3_welding/install/fr3_bringup/share/fr3_bringup/hook/cmake_prefix_path.sh'
[0.231s] Level 1:colcon.colcon_core.environment:checking '/home/a/zyj/fr3_welding/install/fr3_bringup/bin'
[0.231s] Level 1:colcon.colcon_core.environment:checking '/home/a/zyj/fr3_welding/install/fr3_bringup/lib/pkgconfig/fr3_bringup.pc'
[0.231s] Level 1:colcon.colcon_core.environment:checking '/home/a/zyj/fr3_welding/install/fr3_bringup/lib/python3.12/site-packages'
[0.231s] Level 1:colcon.colcon_core.environment:checking '/home/a/zyj/fr3_welding/install/fr3_bringup/bin'
[0.231s] INFO:colcon.colcon_core.shell:Creating package script '/home/a/zyj/fr3_welding/install/fr3_bringup/share/fr3_bringup/package.ps1'
[0.231s] INFO:colcon.colcon_core.shell:Creating package descriptor '/home/a/zyj/fr3_welding/install/fr3_bringup/share/fr3_bringup/package.dsv'
[0.231s] INFO:colcon.colcon_core.shell:Creating package script '/home/a/zyj/fr3_welding/install/fr3_bringup/share/fr3_bringup/package.sh'
[0.232s] INFO:colcon.colcon_core.shell:Creating package script '/home/a/zyj/fr3_welding/install/fr3_bringup/share/fr3_bringup/package.bash'
[0.232s] INFO:colcon.colcon_core.shell:Creating package script '/home/a/zyj/fr3_welding/install/fr3_bringup/share/fr3_bringup/package.zsh'
[0.232s] Level 1:colcon.colcon_core.environment:create_file_with_runtime_dependencies(/home/a/zyj/fr3_welding/install/fr3_bringup/share/colcon-core/packages/fr3_bringup)
[0.232s] Level 1:colcon.colcon_core.environment:create_environment_scripts_only(fr3_weld_moveit2_config)
[0.232s] Level 1:colcon.colcon_core.environment:checking '/home/a/zyj/fr3_welding/install/fr3_weld_moveit2_config' for CMake module files
[0.233s] DEBUG:colcon.colcon_core.event_handler.log_command:Invoked command in '/home/a/zyj/fr3_welding/build/fr3_weld_moveit2_config' returned '0': CMAKE_PREFIX_PATH=/home/a/zyj/fr3_welding/install/fr3_description:/home/a/zyj/fr3_welding/install/weld_butt_seam_extracting:/home/a/zyj/fr3_welding/install/fr3_weld_moveit2_config:/home/a/zyj/fr3_welding/install/fr3_weld_executing:/home/a/zyj/fr3_welding/install/fr3_bringup:/opt/ros/jazzy/opt/gz_sim_vendor:/opt/ros/jazzy/opt/gz_sensors_vendor:/opt/ros/jazzy/opt/gz_physics_vendor:/opt/ros/jazzy/opt/sdformat_vendor:/opt/ros/jazzy/opt/gz_gui_vendor:/opt/ros/jazzy/opt/gz_transport_vendor:/opt/ros/jazzy/opt/gz_rendering_vendor:/opt/ros/jazzy/opt/gz_plugin_vendor:/opt/ros/jazzy/opt/gz_fuel_tools_vendor:/opt/ros/jazzy/opt/gz_msgs_vendor:/opt/ros/jazzy/opt/gz_common_vendor:/opt/ros/jazzy/opt/gz_math_vendor:/opt/ros/jazzy/opt/gz_utils_vendor:/opt/ros/jazzy/opt/gz_tools_vendor:/opt/ros/jazzy/opt/gz_ogre_next_vendor:/opt/ros/jazzy/opt/gz_dartsim_vendor:/opt/ros/jazzy/opt/gz_cmake_vendor:/opt/ros/jazzy CONDA_PROMPT_MODIFIER=(base) DEBUGINFOD_URLS=https://debuginfod.ubuntu.com /usr/bin/cmake --install /home/a/zyj/fr3_welding/build/fr3_weld_moveit2_config
[0.233s] Level 1:colcon.colcon_core.environment:checking '/home/a/zyj/fr3_welding/install/fr3_weld_moveit2_config' for CMake config files
[0.233s] Level 1:colcon.colcon_core.shell:create_environment_hook('fr3_weld_moveit2_config', 'cmake_prefix_path')
[0.233s] INFO:colcon.colcon_core.shell:Creating environment hook '/home/a/zyj/fr3_welding/install/fr3_weld_moveit2_config/share/fr3_weld_moveit2_config/hook/cmake_prefix_path.ps1'
[0.233s] INFO:colcon.colcon_core.shell:Creating environment descriptor '/home/a/zyj/fr3_welding/install/fr3_weld_moveit2_config/share/fr3_weld_moveit2_config/hook/cmake_prefix_path.dsv'
[0.233s] INFO:colcon.colcon_core.shell:Creating environment hook '/home/a/zyj/fr3_welding/install/fr3_weld_moveit2_config/share/fr3_weld_moveit2_config/hook/cmake_prefix_path.sh'
[0.233s] Level 1:colcon.colcon_core.environment:checking '/home/a/zyj/fr3_welding/install/fr3_weld_moveit2_config/bin'
[0.233s] Level 1:colcon.colcon_core.environment:checking '/home/a/zyj/fr3_welding/install/fr3_weld_moveit2_config/lib/pkgconfig/fr3_weld_moveit2_config.pc'
[0.234s] Level 1:colcon.colcon_core.environment:checking '/home/a/zyj/fr3_welding/install/fr3_weld_moveit2_config/lib/python3.12/site-packages'
[0.234s] Level 1:colcon.colcon_core.environment:checking '/home/a/zyj/fr3_welding/install/fr3_weld_moveit2_config/bin'
[0.234s] INFO:colcon.colcon_core.shell:Creating package script '/home/a/zyj/fr3_welding/install/fr3_weld_moveit2_config/share/fr3_weld_moveit2_config/package.ps1'
[0.234s] INFO:colcon.colcon_core.shell:Creating package descriptor '/home/a/zyj/fr3_welding/install/fr3_weld_moveit2_config/share/fr3_weld_moveit2_config/package.dsv'
[0.234s] INFO:colcon.colcon_core.shell:Creating package script '/home/a/zyj/fr3_welding/install/fr3_weld_moveit2_config/share/fr3_weld_moveit2_config/package.sh'
[0.234s] INFO:colcon.colcon_core.shell:Creating package script '/home/a/zyj/fr3_welding/install/fr3_weld_moveit2_config/share/fr3_weld_moveit2_config/package.bash'
[0.234s] INFO:colcon.colcon_core.shell:Creating package script '/home/a/zyj/fr3_welding/install/fr3_weld_moveit2_config/share/fr3_weld_moveit2_config/package.zsh'
[0.235s] Level 1:colcon.colcon_core.environment:create_file_with_runtime_dependencies(/home/a/zyj/fr3_welding/install/fr3_weld_moveit2_config/share/colcon-core/packages/fr3_weld_moveit2_config)
[0.235s] Level 1:colcon.colcon_core.environment:create_environment_scripts_only(fr3_weld_moveit2_config)
[0.235s] Level 1:colcon.colcon_core.environment:checking '/home/a/zyj/fr3_welding/install/fr3_weld_moveit2_config' for CMake module files
[0.235s] Level 1:colcon.colcon_core.environment:checking '/home/a/zyj/fr3_welding/install/fr3_weld_moveit2_config' for CMake config files
[0.235s] Level 1:colcon.colcon_core.shell:create_environment_hook('fr3_weld_moveit2_config', 'cmake_prefix_path')
[0.235s] INFO:colcon.colcon_core.shell:Creating environment hook '/home/a/zyj/fr3_welding/install/fr3_weld_moveit2_config/share/fr3_weld_moveit2_config/hook/cmake_prefix_path.ps1'
[0.235s] INFO:colcon.colcon_core.shell:Creating environment descriptor '/home/a/zyj/fr3_welding/install/fr3_weld_moveit2_config/share/fr3_weld_moveit2_config/hook/cmake_prefix_path.dsv'
[0.235s] INFO:colcon.colcon_core.shell:Creating environment hook '/home/a/zyj/fr3_welding/install/fr3_weld_moveit2_config/share/fr3_weld_moveit2_config/hook/cmake_prefix_path.sh'
[0.236s] Level 1:colcon.colcon_core.environment:checking '/home/a/zyj/fr3_welding/install/fr3_weld_moveit2_config/bin'
[0.236s] Level 1:colcon.colcon_core.environment:checking '/home/a/zyj/fr3_welding/install/fr3_weld_moveit2_config/lib/pkgconfig/fr3_weld_moveit2_config.pc'
[0.236s] Level 1:colcon.colcon_core.environment:checking '/home/a/zyj/fr3_welding/install/fr3_weld_moveit2_config/lib/python3.12/site-packages'
[0.236s] Level 1:colcon.colcon_core.environment:checking '/home/a/zyj/fr3_welding/install/fr3_weld_moveit2_config/bin'
[0.236s] INFO:colcon.colcon_core.shell:Creating package script '/home/a/zyj/fr3_welding/install/fr3_weld_moveit2_config/share/fr3_weld_moveit2_config/package.ps1'
[0.236s] INFO:colcon.colcon_core.shell:Creating package descriptor '/home/a/zyj/fr3_welding/install/fr3_weld_moveit2_config/share/fr3_weld_moveit2_config/package.dsv'
[0.236s] INFO:colcon.colcon_core.shell:Creating package script '/home/a/zyj/fr3_welding/install/fr3_weld_moveit2_config/share/fr3_weld_moveit2_config/package.sh'
[0.236s] INFO:colcon.colcon_core.shell:Creating package script '/home/a/zyj/fr3_welding/install/fr3_weld_moveit2_config/share/fr3_weld_moveit2_config/package.bash'
[0.237s] INFO:colcon.colcon_core.shell:Creating package script '/home/a/zyj/fr3_welding/install/fr3_weld_moveit2_config/share/fr3_weld_moveit2_config/package.zsh'
[0.237s] Level 1:colcon.colcon_core.environment:create_file_with_runtime_dependencies(/home/a/zyj/fr3_welding/install/fr3_weld_moveit2_config/share/colcon-core/packages/fr3_weld_moveit2_config)
[0.237s] Level 1:colcon.colcon_core.environment:create_environment_scripts_only(weld_butt_seam_extracting)
[0.237s] Level 1:colcon.colcon_core.environment:checking '/home/a/zyj/fr3_welding/install/weld_butt_seam_extracting' for CMake module files
[0.237s] DEBUG:colcon.colcon_core.event_handler.log_command:Invoked command in '/home/a/zyj/fr3_welding/build/weld_butt_seam_extracting' returned '0': CMAKE_PREFIX_PATH=${CMAKE_PREFIX_PATH}:/opt/ros/jazzy CONDA_PROMPT_MODIFIER=(base) DEBUGINFOD_URLS=https://debuginfod.ubuntu.com /usr/bin/cmake --install /home/a/zyj/fr3_welding/build/weld_butt_seam_extracting
[0.237s] Level 1:colcon.colcon_core.environment:checking '/home/a/zyj/fr3_welding/install/weld_butt_seam_extracting' for CMake config files
[0.237s] Level 1:colcon.colcon_core.shell:create_environment_hook('weld_butt_seam_extracting', 'cmake_prefix_path')
[0.238s] INFO:colcon.colcon_core.shell:Creating environment hook '/home/a/zyj/fr3_welding/install/weld_butt_seam_extracting/share/weld_butt_seam_extracting/hook/cmake_prefix_path.ps1'
[0.238s] INFO:colcon.colcon_core.shell:Creating environment descriptor '/home/a/zyj/fr3_welding/install/weld_butt_seam_extracting/share/weld_butt_seam_extracting/hook/cmake_prefix_path.dsv'
[0.238s] INFO:colcon.colcon_core.shell:Creating environment hook '/home/a/zyj/fr3_welding/install/weld_butt_seam_extracting/share/weld_butt_seam_extracting/hook/cmake_prefix_path.sh'
[0.238s] Level 1:colcon.colcon_core.environment:checking '/home/a/zyj/fr3_welding/install/weld_butt_seam_extracting/lib'
[0.238s] Level 1:colcon.colcon_core.environment:checking '/home/a/zyj/fr3_welding/install/weld_butt_seam_extracting/bin'
[0.238s] Level 1:colcon.colcon_core.environment:checking '/home/a/zyj/fr3_welding/install/weld_butt_seam_extracting/lib/pkgconfig/weld_butt_seam_extracting.pc'
[0.238s] Level 1:colcon.colcon_core.environment:checking '/home/a/zyj/fr3_welding/install/weld_butt_seam_extracting/lib/python3.12/site-packages'
[0.238s] Level 1:colcon.colcon_core.environment:checking '/home/a/zyj/fr3_welding/install/weld_butt_seam_extracting/bin'
[0.238s] INFO:colcon.colcon_core.shell:Creating package script '/home/a/zyj/fr3_welding/install/weld_butt_seam_extracting/share/weld_butt_seam_extracting/package.ps1'
[0.239s] INFO:colcon.colcon_core.shell:Creating package descriptor '/home/a/zyj/fr3_welding/install/weld_butt_seam_extracting/share/weld_butt_seam_extracting/package.dsv'
[0.239s] INFO:colcon.colcon_core.shell:Creating package script '/home/a/zyj/fr3_welding/install/weld_butt_seam_extracting/share/weld_butt_seam_extracting/package.sh'
[0.239s] INFO:colcon.colcon_core.shell:Creating package script '/home/a/zyj/fr3_welding/install/weld_butt_seam_extracting/share/weld_butt_seam_extracting/package.bash'
[0.239s] INFO:colcon.colcon_core.shell:Creating package script '/home/a/zyj/fr3_welding/install/weld_butt_seam_extracting/share/weld_butt_seam_extracting/package.zsh'
[0.239s] Level 1:colcon.colcon_core.environment:create_file_with_runtime_dependencies(/home/a/zyj/fr3_welding/install/weld_butt_seam_extracting/share/colcon-core/packages/weld_butt_seam_extracting)
[0.239s] Level 1:colcon.colcon_core.environment:create_environment_scripts_only(weld_butt_seam_extracting)
[0.239s] Level 1:colcon.colcon_core.environment:checking '/home/a/zyj/fr3_welding/install/weld_butt_seam_extracting' for CMake module files
[0.240s] Level 1:colcon.colcon_core.environment:checking '/home/a/zyj/fr3_welding/install/weld_butt_seam_extracting' for CMake config files
[0.240s] Level 1:colcon.colcon_core.shell:create_environment_hook('weld_butt_seam_extracting', 'cmake_prefix_path')
[0.240s] INFO:colcon.colcon_core.shell:Creating environment hook '/home/a/zyj/fr3_welding/install/weld_butt_seam_extracting/share/weld_butt_seam_extracting/hook/cmake_prefix_path.ps1'
[0.240s] INFO:colcon.colcon_core.shell:Creating environment descriptor '/home/a/zyj/fr3_welding/install/weld_butt_seam_extracting/share/weld_butt_seam_extracting/hook/cmake_prefix_path.dsv'
[0.240s] INFO:colcon.colcon_core.shell:Creating environment hook '/home/a/zyj/fr3_welding/install/weld_butt_seam_extracting/share/weld_butt_seam_extracting/hook/cmake_prefix_path.sh'
[0.240s] Level 1:colcon.colcon_core.environment:checking '/home/a/zyj/fr3_welding/install/weld_butt_seam_extracting/lib'
[0.240s] Level 1:colcon.colcon_core.environment:checking '/home/a/zyj/fr3_welding/install/weld_butt_seam_extracting/bin'
[0.240s] Level 1:colcon.colcon_core.environment:checking '/home/a/zyj/fr3_welding/install/weld_butt_seam_extracting/lib/pkgconfig/weld_butt_seam_extracting.pc'
[0.240s] Level 1:colcon.colcon_core.environment:checking '/home/a/zyj/fr3_welding/install/weld_butt_seam_extracting/lib/python3.12/site-packages'
[0.241s] Level 1:colcon.colcon_core.environment:checking '/home/a/zyj/fr3_welding/install/weld_butt_seam_extracting/bin'
[0.241s] INFO:colcon.colcon_core.shell:Creating package script '/home/a/zyj/fr3_welding/install/weld_butt_seam_extracting/share/weld_butt_seam_extracting/package.ps1'
[0.241s] INFO:colcon.colcon_core.shell:Creating package descriptor '/home/a/zyj/fr3_welding/install/weld_butt_seam_extracting/share/weld_butt_seam_extracting/package.dsv'
[0.241s] INFO:colcon.colcon_core.shell:Creating package script '/home/a/zyj/fr3_welding/install/weld_butt_seam_extracting/share/weld_butt_seam_extracting/package.sh'
[0.241s] INFO:colcon.colcon_core.shell:Creating package script '/home/a/zyj/fr3_welding/install/weld_butt_seam_extracting/share/weld_butt_seam_extracting/package.bash'
[0.241s] INFO:colcon.colcon_core.shell:Creating package script '/home/a/zyj/fr3_welding/install/weld_butt_seam_extracting/share/weld_butt_seam_extracting/package.zsh'
[0.241s] Level 1:colcon.colcon_core.environment:create_file_with_runtime_dependencies(/home/a/zyj/fr3_welding/install/weld_butt_seam_extracting/share/colcon-core/packages/weld_butt_seam_extracting)
[0.242s] DEBUG:colcon.colcon_parallel_executor.executor.parallel:closing loop
[0.242s] DEBUG:colcon.colcon_parallel_executor.executor.parallel:loop closed
[0.242s] DEBUG:colcon.colcon_parallel_executor.executor.parallel:run_until_complete finished with '0'
[0.242s] DEBUG:colcon.colcon_core.event_reactor:joining thread
[0.244s] INFO:colcon.colcon_core.plugin_system:Skipping extension 'colcon_notification.desktop_notification.terminal_notifier': Not used on non-Darwin systems
[0.244s] INFO:colcon.colcon_core.plugin_system:Skipping extension 'colcon_notification.desktop_notification.win32': Not used on non-Windows systems
[0.244s] INFO:colcon.colcon_notification.desktop_notification:Sending desktop notification using 'notify2'
[0.249s] DEBUG:colcon.colcon_core.event_reactor:joined thread
[0.249s] INFO:colcon.colcon_core.shell:Creating prefix script '/home/a/zyj/fr3_welding/install/local_setup.ps1'
[0.249s] INFO:colcon.colcon_core.shell:Creating prefix util module '/home/a/zyj/fr3_welding/install/_local_setup_util_ps1.py'
[0.250s] INFO:colcon.colcon_core.shell:Creating prefix chain script '/home/a/zyj/fr3_welding/install/setup.ps1'
[0.250s] INFO:colcon.colcon_core.shell:Creating prefix script '/home/a/zyj/fr3_welding/install/local_setup.sh'
[0.251s] INFO:colcon.colcon_core.shell:Creating prefix util module '/home/a/zyj/fr3_welding/install/_local_setup_util_sh.py'
[0.251s] INFO:colcon.colcon_core.shell:Creating prefix chain script '/home/a/zyj/fr3_welding/install/setup.sh'
[0.251s] INFO:colcon.colcon_core.shell:Creating prefix script '/home/a/zyj/fr3_welding/install/local_setup.bash'
[0.251s] INFO:colcon.colcon_core.shell:Creating prefix chain script '/home/a/zyj/fr3_welding/install/setup.bash'
[0.252s] INFO:colcon.colcon_core.shell:Creating prefix script '/home/a/zyj/fr3_welding/install/local_setup.zsh'
[0.252s] INFO:colcon.colcon_core.shell:Creating prefix chain script '/home/a/zyj/fr3_welding/install/setup.zsh'
